{
  "RSpec": {
    "coverage": {
      "D:/Users/Houssam/CUHK 2026/CUHK courses Term2/Software Engineering/SwenCode/cuhk_marketplace/app/helpers/admin/dashboard_helper.rb": {
        "lines": [
          1,
          1,
          3,
          3,
          null,
          1,
          null,
          null,
          1,
          0,
          0,
          null,
          0,
          null,
          null,
          1,
          0,
          0,
          0,
          0,
          null,
          0,
          null,
          null,
          null
        ],
        "branches": {
          "[:if, 0, 3, 4, 3, 40]": {
            "[:then, 1, 3, 4, 3, 16]": 0,
            "[:else, 2, 3, 4, 3, 40]": 3
          },
          "[:if, 3, 4, 4, 4, 38]": {
            "[:then, 4, 4, 4, 4, 15]": 2,
            "[:else, 5, 4, 4, 4, 38]": 1
          },
          "[:if, 6, 10, 4, 10, 35]": {
            "[:then, 7, 10, 4, 10, 19]": 0,
            "[:else, 8, 10, 4, 10, 35]": 0
          },
          "[:if, 9, 11, 4, 11, 44]": {
            "[:then, 10, 11, 4, 11, 19]": 0,
            "[:else, 11, 11, 4, 11, 44]": 0
          },
          "[:if, 12, 17, 4, 23, 7]": {
            "[:then, 13, 18, 6, 18, 20]": 0,
            "[:else, 14, 19, 4, 22, 22]": 0
          },
          "[:if, 15, 19, 4, 22, 22]": {
            "[:then, 16, 20, 6, 20, 22]": 0,
            "[:else, 17, 22, 6, 22, 22]": 0
          }
        }
      },
      "D:/Users/Houssam/CUHK 2026/CUHK courses Term2/Software Engineering/SwenCode/cuhk_marketplace/app/helpers/application_helper.rb": {
        "lines": [
          1,
          null,
          1,
          null,
          null,
          null,
          null,
          null,
          null,
          null,
          null,
          null,
          null,
          null,
          1,
          86,
          null,
          84,
          84,
          null,
          null,
          null,
          null,
          null,
          null,
          1,
          14,
          14,
          14,
          14,
          14,
          null,
          14,
          null,
          11,
          null,
          0,
          null,
          0,
          null,
          1,
          null,
          0,
          null,
          0,
          null,
          0,
          null,
          1,
          null,
          1,
          null,
          0,
          null,
          null,
          null,
          1,
          258,
          null,
          null,
          1,
          40,
          40,
          null,
          40,
          null,
          null,
          1,
          104,
          13,
          null,
          null,
          91,
          null,
          null,
          1,
          84,
          null,
          84,
          null,
          null,
          null,
          1,
          null,
          2,
          null,
          2,
          null,
          0,
          null,
          0,
          null,
          null,
          2,
          null,
          2,
          2,
          null,
          0,
          null,
          null,
          null,
          1,
          53,
          16,
          null,
          null,
          37,
          3,
          null,
          3,
          null,
          null,
          34,
          8,
          null,
          null,
          26,
          null,
          null,
          1,
          42,
          42,
          null,
          10,
          null,
          null,
          1,
          42,
          null,
          33,
          null,
          null,
          null,
          1,
          5,
          0,
          0,
          null,
          null,
          5,
          1,
          null,
          null,
          4,
          null,
          null,
          1,
          5,
          null,
          null,
          1,
          5,
          0,
          0,
          null,
          null,
          5,
          null,
          4,
          null,
          null
        ],
        "branches": {
          "[:if, 0, 16, 4, 16, 32]": {
            "[:then, 1, 16, 4, 16, 13]": 2,
            "[:else, 2, 16, 4, 16, 32]": 84
          },
          "[:if, 3, 27, 4, 27, 75]": {
            "[:then, 4, 27, 4, 27, 35]": 10,
            "[:else, 5, 27, 4, 27, 75]": 4
          },
          "[:if, 6, 28, 4, 28, 73]": {
            "[:then, 7, 28, 4, 28, 34]": 2,
            "[:else, 8, 28, 4, 28, 73]": 12
          },
          "[:if, 9, 29, 4, 29, 81]": {
            "[:then, 10, 29, 4, 29, 36]": 2,
            "[:else, 11, 29, 4, 29, 81]": 12
          },
          "[:\"&.\", 12, 30, 52, 30, 64]": {
            "[:then, 13, 30, 52, 30, 64]": 10,
            "[:else, 14, 30, 52, 30, 64]": 2
          },
          "[:\"&.\", 15, 31, 16, 31, 27]": {
            "[:then, 16, 31, 16, 31, 27]": 10,
            "[:else, 17, 31, 16, 31, 27]": 4
          },
          "[:\"&.\", 18, 31, 16, 31, 34]": {
            "[:then, 19, 31, 16, 31, 34]": 10,
            "[:else, 20, 31, 16, 31, 34]": 4
          },
          "[:\"&.\", 21, 31, 38, 31, 50]": {
            "[:then, 22, 31, 38, 31, 50]": 2,
            "[:else, 23, 31, 38, 31, 50]": 2
          },
          "[:\"&.\", 24, 31, 38, 31, 57]": {
            "[:then, 25, 31, 38, 31, 57]": 2,
            "[:else, 26, 31, 38, 31, 57]": 2
          },
          "[:\"&.\", 27, 31, 61, 31, 72]": {
            "[:then, 28, 31, 61, 31, 72]": 2,
            "[:else, 29, 31, 61, 31, 72]": 0
          },
          "[:case, 30, 33, 4, 54, 7]": {
            "[:when, 31, 35, 6, 35, 122]": 11,
            "[:when, 32, 37, 6, 37, 124]": 0,
            "[:when, 33, 39, 6, 39, 129]": 0,
            "[:when, 34, 41, 6, 41, 62]": 1,
            "[:when, 35, 43, 6, 43, 134]": 0,
            "[:when, 36, 45, 6, 45, 95]": 0,
            "[:when, 37, 47, 6, 47, 87]": 0,
            "[:when, 38, 49, 6, 49, 85]": 1,
            "[:when, 39, 51, 6, 51, 80]": 1,
            "[:else, 40, 53, 6, 53, 66]": 0
          },
          "[:\"&.\", 41, 35, 79, 35, 91]": {
            "[:then, 42, 35, 79, 35, 91]": 9,
            "[:else, 43, 35, 79, 35, 91]": 2
          },
          "[:\"&.\", 44, 37, 81, 37, 93]": {
            "[:then, 45, 37, 81, 37, 93]": 0,
            "[:else, 46, 37, 81, 37, 93]": 0
          },
          "[:if, 47, 58, 4, 58, 51]": {
            "[:then, 48, 58, 34, 58, 43]": 49,
            "[:else, 49, 58, 46, 58, 51]": 209
          },
          "[:\"&.\", 50, 62, 11, 62, 32]": {
            "[:then, 51, 62, 11, 62, 32]": 40,
            "[:else, 52, 62, 11, 62, 32]": 0
          },
          "[:\"&.\", 53, 62, 11, 62, 38]": {
            "[:then, 54, 62, 11, 62, 38]": 40,
            "[:else, 55, 62, 11, 62, 38]": 0
          },
          "[:if, 56, 63, 4, 63, 38]": {
            "[:then, 57, 63, 4, 63, 23]": 0,
            "[:else, 58, 63, 4, 63, 38]": 40
          },
          "[:\"&.\", 59, 69, 7, 69, 27]": {
            "[:then, 60, 69, 7, 69, 27]": 88,
            "[:else, 61, 69, 7, 69, 27]": 16
          },
          "[:if, 62, 69, 4, 71, 7]": {
            "[:then, 63, 70, 6, 70, 102]": 13,
            "[:else, 64, 69, 4, 71, 7]": 91
          },
          "[:if, 65, 70, 13, 70, 102]": {
            "[:then, 66, 70, 50, 70, 97]": 0,
            "[:else, 67, 70, 100, 70, 102]": 13
          },
          "[:\"&.\", 68, 77, 66, 77, 86]": {
            "[:then, 69, 77, 66, 77, 86]": 81,
            "[:else, 70, 77, 66, 77, 86]": 3
          },
          "[:if, 71, 77, 4, 77, 86]": {
            "[:then, 72, 77, 4, 77, 62]": 0,
            "[:else, 73, 77, 4, 77, 86]": 84
          },
          "[:\"&.\", 74, 77, 11, 77, 45]": {
            "[:then, 75, 77, 11, 77, 45]": 0,
            "[:else, 76, 77, 11, 77, 45]": 0
          },
          "[:if, 77, 79, 4, 79, 78]": {
            "[:then, 78, 79, 44, 79, 69]": 39,
            "[:else, 79, 79, 72, 79, 78]": 45
          },
          "[:case, 80, 85, 6, 92, 9]": {
            "[:when, 81, 87, 8, 87, 107]": 2,
            "[:when, 82, 89, 8, 89, 82]": 0,
            "[:else, 83, 91, 8, 91, 10]": 0
          },
          "[:if, 84, 96, 4, 100, 7]": {
            "[:then, 85, 97, 6, 97, 31]": 2,
            "[:else, 86, 99, 6, 99, 30]": 0
          },
          "[:if, 87, 104, 4, 106, 7]": {
            "[:then, 88, 105, 6, 105, 51]": 16,
            "[:else, 89, 104, 4, 106, 7]": 37
          },
          "[:\"&.\", 90, 105, 36, 105, 50]": {
            "[:then, 91, 105, 36, 105, 50]": 14,
            "[:else, 92, 105, 36, 105, 50]": 2
          },
          "[:\"&.\", 93, 108, 7, 108, 27]": {
            "[:then, 94, 108, 7, 108, 27]": 27,
            "[:else, 95, 108, 7, 108, 27]": 10
          },
          "[:if, 96, 108, 4, 112, 7]": {
            "[:then, 97, 109, 6, 111, 21]": 3,
            "[:else, 98, 108, 4, 112, 7]": 34
          },
          "[:if, 99, 109, 6, 109, 106]": {
            "[:then, 100, 109, 6, 109, 65]": 0,
            "[:else, 101, 109, 6, 109, 106]": 3
          },
          "[:if, 102, 114, 4, 116, 7]": {
            "[:then, 103, 115, 6, 115, 21]": 8,
            "[:else, 104, 114, 4, 116, 7]": 26
          },
          "[:\"&.\", 105, 118, 27, 118, 48]": {
            "[:then, 106, 118, 27, 118, 48]": 19,
            "[:else, 107, 118, 27, 118, 48]": 7
          },
          "[:if, 108, 123, 4, 123, 59]": {
            "[:then, 109, 123, 4, 123, 15]": 32,
            "[:else, 110, 123, 4, 123, 59]": 10
          },
          "[:if, 111, 129, 4, 129, 28]": {
            "[:then, 112, 129, 4, 129, 10]": 9,
            "[:else, 113, 129, 4, 129, 28]": 33
          },
          "[:\"&.\", 114, 136, 7, 136, 27]": {
            "[:then, 115, 136, 7, 136, 27]": 3,
            "[:else, 116, 136, 7, 136, 27]": 2
          },
          "[:if, 117, 136, 4, 139, 7]": {
            "[:then, 118, 137, 6, 138, 88]": 0,
            "[:else, 119, 136, 4, 139, 7]": 5
          },
          "[:if, 120, 138, 6, 138, 88]": {
            "[:then, 121, 138, 6, 138, 68]": 0,
            "[:else, 122, 138, 6, 138, 88]": 0
          },
          "[:if, 123, 141, 4, 143, 7]": {
            "[:then, 124, 142, 6, 142, 81]": 1,
            "[:else, 125, 141, 4, 143, 7]": 4
          },
          "[:\"&.\", 126, 153, 7, 153, 27]": {
            "[:then, 127, 153, 7, 153, 27]": 3,
            "[:else, 128, 153, 7, 153, 27]": 2
          },
          "[:if, 129, 153, 4, 156, 7]": {
            "[:then, 130, 154, 6, 155, 71]": 0,
            "[:else, 131, 153, 4, 156, 7]": 5
          },
          "[:if, 132, 155, 6, 155, 71]": {
            "[:then, 133, 155, 6, 155, 51]": 0,
            "[:else, 134, 155, 6, 155, 71]": 0
          },
          "[:if, 135, 158, 4, 158, 119]": {
            "[:then, 136, 158, 4, 158, 36]": 1,
            "[:else, 137, 158, 4, 158, 119]": 4
          }
        }
      },
      "D:/Users/Houssam/CUHK 2026/CUHK courses Term2/Software Engineering/SwenCode/cuhk_marketplace/app/helpers/conversations_helper.rb": {
        "lines": [
          1,
          1,
          70,
          70,
          null,
          70,
          10,
          null,
          10,
          null,
          0,
          null,
          60,
          38,
          null,
          6,
          null,
          10,
          null,
          6,
          null,
          6,
          null,
          10,
          null,
          0,
          null,
          null,
          22,
          null,
          null,
          null,
          1,
          35,
          35,
          null,
          null,
          35,
          null,
          null,
          null,
          null,
          null,
          null,
          null,
          null,
          null
        ],
        "branches": {
          "[:if, 0, 4, 4, 4, 52]": {
            "[:then, 1, 4, 4, 4, 29]": 0,
            "[:else, 2, 4, 4, 4, 52]": 70
          },
          "[:if, 3, 6, 4, 30, 7]": {
            "[:then, 4, 7, 6, 12, 9]": 10,
            "[:else, 5, 13, 4, 29, 48]": 60
          },
          "[:case, 6, 7, 6, 12, 9]": {
            "[:when, 7, 9, 8, 9, 78]": 10,
            "[:when, 8, 11, 8, 11, 81]": 0,
            "[:else, 9, 7, 6, 12, 9]": 0
          },
          "[:if, 10, 13, 4, 29, 48]": {
            "[:then, 11, 14, 6, 27, 9]": 38,
            "[:else, 12, 29, 6, 29, 48]": 22
          },
          "[:case, 13, 14, 6, 27, 9]": {
            "[:when, 14, 16, 8, 16, 24]": 6,
            "[:when, 15, 18, 8, 18, 24]": 10,
            "[:when, 16, 20, 8, 20, 25]": 6,
            "[:when, 17, 22, 8, 22, 31]": 6,
            "[:when, 18, 24, 8, 24, 19]": 10,
            "[:else, 19, 26, 8, 26, 50]": 0
          },
          "[:\"&.\", 20, 38, 6, 38, 53]": {
            "[:then, 21, 38, 6, 38, 53]": 35,
            "[:else, 22, 38, 6, 38, 53]": 0
          },
          "[:\"&.\", 23, 40, 6, 40, 38]": {
            "[:then, 24, 40, 6, 40, 38]": 0,
            "[:else, 25, 40, 6, 40, 38]": 35
          },
          "[:\"&.\", 26, 42, 6, 42, 24]": {
            "[:then, 27, 42, 6, 42, 24]": 35,
            "[:else, 28, 42, 6, 42, 24]": 0
          },
          "[:\"&.\", 29, 42, 6, 42, 38]": {
            "[:then, 30, 42, 6, 42, 38]": 35,
            "[:else, 31, 42, 6, 42, 38]": 0
          }
        }
      },
      "D:/Users/Houssam/CUHK 2026/CUHK courses Term2/Software Engineering/SwenCode/cuhk_marketplace/app/helpers/distance_helper.rb": {
        "lines": [
          1,
          1,
          0,
          null,
          0,
          null,
          0,
          null,
          0,
          null,
          0,
          null,
          0,
          null,
          0,
          null,
          null,
          0,
          null,
          null,
          null,
          null,
          null
        ],
        "branches": {
          "[:unless, 0, 3, 4, 3, 26]": {
            "[:else, 1, 3, 4, 3, 26]": 0,
            "[:then, 2, 3, 4, 3, 10]": 0
          },
          "[:case, 3, 5, 24, 16, 7]": {
            "[:when, 4, 7, 6, 7, 25]": 0,
            "[:when, 5, 9, 6, 9, 31]": 0,
            "[:when, 6, 11, 6, 11, 35]": 0,
            "[:when, 7, 13, 6, 13, 26]": 0,
            "[:else, 8, 15, 6, 15, 23]": 0
          }
        }
      },
      "D:/Users/Houssam/CUHK 2026/CUHK courses Term2/Software Engineering/SwenCode/cuhk_marketplace/app/helpers/items_helper.rb": {
        "lines": [
          1,
          1,
          24,
          null,
          20,
          20,
          null,
          18,
          null,
          null,
          1,
          25,
          null,
          null,
          1,
          58,
          null,
          null,
          1,
          9,
          null,
          9,
          null,
          null,
          1,
          9,
          null,
          9,
          null,
          9,
          null,
          0,
          0,
          null,
          0,
          0,
          null,
          0,
          0,
          null,
          0,
          0,
          null,
          0,
          0,
          null,
          0,
          0,
          null,
          null,
          null,
          1,
          null,
          0,
          null,
          null,
          null,
          null,
          null,
          1,
          23,
          23,
          null,
          null,
          1,
          null,
          1,
          0,
          0,
          0,
          0,
          null,
          null,
          null
        ],
        "branches": {
          "[:unless, 0, 3, 4, 3, 39]": {
            "[:else, 1, 3, 4, 3, 39]": 20,
            "[:then, 2, 3, 4, 3, 16]": 4
          },
          "[:if, 3, 6, 4, 6, 71]": {
            "[:then, 4, 6, 4, 6, 59]": 2,
            "[:else, 5, 6, 4, 6, 71]": 18
          },
          "[:if, 6, 20, 4, 20, 34]": {
            "[:then, 7, 20, 4, 20, 13]": 0,
            "[:else, 8, 20, 4, 20, 34]": 9
          },
          "[:case, 9, 28, 4, 49, 7]": {
            "[:when, 10, 30, 6, 30, 11]": 9,
            "[:when, 11, 32, 6, 33, 53]": 0,
            "[:when, 12, 35, 6, 36, 47]": 0,
            "[:when, 13, 38, 6, 39, 44]": 0,
            "[:when, 14, 41, 6, 42, 47]": 0,
            "[:when, 15, 44, 6, 45, 50]": 0,
            "[:else, 16, 47, 6, 48, 47]": 0
          },
          "[:\"&.\", 17, 54, 6, 54, 25]": {
            "[:then, 18, 54, 6, 54, 25]": 0,
            "[:else, 19, 54, 6, 54, 25]": 0
          },
          "[:\"&.\", 20, 55, 6, 55, 24]": {
            "[:then, 21, 55, 6, 55, 24]": 0,
            "[:else, 22, 55, 6, 55, 24]": 0
          },
          "[:case, 23, 68, 4, 72, 7]": {
            "[:when, 24, 69, 20, 69, 25]": 0,
            "[:when, 25, 70, 20, 70, 26]": 0,
            "[:else, 26, 71, 9, 71, 14]": 0
          }
        }
      },
      "D:/Users/Houssam/CUHK 2026/CUHK courses Term2/Software Engineering/SwenCode/cuhk_marketplace/app/helpers/messages_helper.rb": {
        "lines": [
          1,
          1,
          15,
          null,
          3,
          null,
          null,
          null,
          null,
          null,
          null,
          null,
          null,
          2,
          null,
          3,
          null,
          2,
          null,
          2,
          null,
          3,
          null,
          0,
          null,
          null,
          null
        ],
        "branches": {
          "[:case, 0, 3, 4, 25, 7]": {
            "[:when, 1, 5, 6, 12, 7]": 3,
            "[:when, 2, 14, 6, 14, 106]": 2,
            "[:when, 3, 16, 6, 16, 92]": 3,
            "[:when, 4, 18, 6, 18, 93]": 2,
            "[:when, 5, 20, 6, 20, 99]": 2,
            "[:when, 6, 22, 6, 22, 62]": 3,
            "[:else, 7, 24, 6, 24, 21]": 0
          }
        }
      },
      "D:/Users/Houssam/CUHK 2026/CUHK courses Term2/Software Engineering/SwenCode/cuhk_marketplace/app/helpers/notifications_helper.rb": {
        "lines": [
          1,
          1,
          null,
          4,
          null,
          null,
          null,
          4,
          1,
          null,
          null,
          null,
          null,
          null,
          4,
          null,
          null,
          1,
          null,
          14,
          14,
          null,
          null,
          null,
          1,
          0,
          0,
          0,
          null,
          0,
          null,
          null,
          1,
          0,
          null,
          null,
          1,
          6,
          null,
          null,
          null,
          null,
          1,
          5,
          null,
          null,
          1,
          0,
          null,
          null,
          1,
          5,
          5,
          5,
          null,
          5,
          null,
          5,
          null,
          0,
          null,
          0,
          null,
          0,
          null,
          0,
          null,
          0,
          null,
          0,
          null,
          0,
          null,
          null,
          null,
          1,
          10,
          null,
          10,
          null,
          0,
          null,
          0,
          null,
          0,
          null,
          0,
          null,
          null,
          null,
          1,
          10,
          10,
          0,
          0,
          0,
          0,
          0,
          0,
          null,
          null,
          null,
          1,
          5,
          null,
          0,
          null,
          0,
          null,
          5,
          null,
          null,
          null,
          1,
          1,
          null,
          1,
          null,
          0,
          null,
          0,
          null,
          null,
          null,
          1,
          2,
          2,
          null,
          2,
          null,
          2,
          null,
          0,
          null,
          null,
          null,
          1,
          0,
          null,
          0,
          0,
          null,
          null,
          null,
          null,
          1,
          0,
          null,
          0,
          null,
          0,
          null,
          null,
          null,
          1,
          6,
          null,
          6,
          null,
          null,
          5,
          null,
          1,
          null,
          0,
          null,
          0,
          null,
          null,
          null,
          1,
          1,
          null,
          null,
          1,
          17,
          null,
          null,
          1,
          5,
          null,
          null,
          1,
          6,
          6,
          null,
          6,
          null,
          null,
          null,
          null,
          null,
          1,
          6,
          6,
          null,
          6,
          null,
          null,
          null,
          null,
          null,
          1,
          6,
          4,
          3,
          null,
          null,
          null,
          null,
          1,
          null,
          15,
          6,
          null,
          9,
          null,
          null,
          15,
          null,
          null,
          1,
          0,
          null,
          0,
          null,
          0,
          null,
          null,
          null,
          null,
          null,
          null
        ],
        "branches": {
          "[:\"&.\", 0, 8, 7, 8, 27]": {
            "[:then, 1, 8, 7, 8, 27]": 4,
            "[:else, 2, 8, 7, 8, 27]": 0
          },
          "[:\"&.\", 3, 8, 31, 8, 59]": {
            "[:then, 4, 8, 31, 8, 59]": 3,
            "[:else, 5, 8, 31, 8, 59]": 0
          },
          "[:if, 6, 8, 4, 13, 7]": {
            "[:then, 7, 9, 6, 12, 7]": 1,
            "[:else, 8, 8, 4, 13, 7]": 3
          },
          "[:if, 9, 21, 19, 21, 47]": {
            "[:then, 10, 21, 38, 21, 41]": 6,
            "[:else, 11, 21, 44, 21, 47]": 8
          },
          "[:unless, 12, 28, 4, 28, 29]": {
            "[:else, 13, 28, 4, 28, 29]": 0,
            "[:then, 14, 28, 4, 28, 15]": 0
          },
          "[:case, 15, 56, 4, 73, 7]": {
            "[:when, 16, 58, 6, 58, 104]": 5,
            "[:when, 17, 60, 6, 60, 106]": 0,
            "[:when, 18, 62, 6, 62, 112]": 0,
            "[:when, 19, 64, 6, 64, 58]": 0,
            "[:when, 20, 66, 6, 66, 82]": 0,
            "[:when, 21, 68, 6, 68, 88]": 0,
            "[:when, 22, 70, 6, 70, 80]": 0,
            "[:else, 23, 72, 6, 72, 40]": 0
          },
          "[:case, 24, 77, 4, 88, 7]": {
            "[:when, 25, 79, 6, 79, 64]": 10,
            "[:when, 26, 81, 6, 81, 48]": 0,
            "[:when, 27, 83, 6, 83, 69]": 0,
            "[:when, 28, 85, 6, 85, 77]": 0,
            "[:when, 29, 87, 6, 87, 53]": 0,
            "[:else, 30, 77, 4, 88, 7]": 0
          },
          "[:case, 31, 92, 4, 100, 7]": {
            "[:when, 32, 93, 30, 93, 41]": 10,
            "[:when, 33, 94, 30, 94, 39]": 0,
            "[:when, 34, 95, 32, 95, 43]": 0,
            "[:when, 35, 96, 31, 96, 41]": 0,
            "[:when, 36, 97, 31, 97, 41]": 0,
            "[:when, 37, 98, 32, 98, 43]": 0,
            "[:when, 38, 99, 32, 99, 43]": 0,
            "[:else, 39, 92, 4, 100, 7]": 0
          },
          "[:case, 40, 104, 4, 111, 7]": {
            "[:when, 41, 106, 6, 106, 42]": 0,
            "[:when, 42, 108, 6, 108, 41]": 0,
            "[:else, 43, 110, 6, 110, 39]": 5
          },
          "[:case, 44, 115, 4, 122, 7]": {
            "[:when, 45, 117, 6, 117, 135]": 1,
            "[:when, 46, 119, 6, 119, 130]": 0,
            "[:else, 47, 121, 6, 121, 40]": 0
          },
          "[:if, 48, 126, 4, 126, 81]": {
            "[:then, 49, 126, 4, 126, 36]": 2,
            "[:else, 50, 126, 4, 126, 81]": 0
          },
          "[:if, 51, 127, 4, 127, 27]": {
            "[:then, 52, 127, 4, 127, 10]": 0,
            "[:else, 53, 127, 4, 127, 27]": 2
          },
          "[:case, 54, 129, 4, 134, 7]": {
            "[:when, 55, 131, 6, 131, 41]": 2,
            "[:when, 56, 133, 6, 133, 45]": 0,
            "[:else, 57, 129, 4, 134, 7]": 0
          },
          "[:if, 58, 138, 4, 138, 70]": {
            "[:then, 59, 138, 4, 138, 21]": 0,
            "[:else, 60, 138, 4, 138, 70]": 0
          },
          "[:if, 61, 140, 4, 140, 81]": {
            "[:then, 62, 140, 4, 140, 36]": 0,
            "[:else, 63, 140, 4, 140, 81]": 0
          },
          "[:\"&.\", 64, 141, 73, 141, 90]": {
            "[:then, 65, 141, 73, 141, 90]": 0,
            "[:else, 66, 141, 73, 141, 90]": 0
          },
          "[:if, 67, 141, 4, 141, 90]": {
            "[:then, 68, 141, 4, 141, 21]": 0,
            "[:else, 69, 141, 4, 141, 90]": 0
          },
          "[:case, 70, 147, 4, 152, 7]": {
            "[:when, 71, 149, 6, 149, 192]": 0,
            "[:else, 72, 151, 6, 151, 8]": 0
          },
          "[:if, 73, 156, 4, 156, 81]": {
            "[:then, 74, 156, 4, 156, 36]": 1,
            "[:else, 75, 156, 4, 156, 81]": 5
          },
          "[:case, 76, 158, 4, 168, 7]": {
            "[:when, 77, 161, 6, 161, 41]": 5,
            "[:when, 78, 163, 6, 163, 69]": 1,
            "[:when, 79, 165, 6, 165, 35]": 0,
            "[:else, 80, 167, 6, 167, 20]": 0
          },
          "[:\"&.\", 81, 163, 6, 163, 18]": {
            "[:then, 82, 163, 6, 163, 18]": 1,
            "[:else, 83, 163, 6, 163, 18]": 0
          },
          "[:if, 84, 163, 6, 163, 69]": {
            "[:then, 85, 163, 30, 163, 52]": 1,
            "[:else, 86, 163, 55, 163, 69]": 0
          },
          "[:if, 87, 185, 4, 185, 36]": {
            "[:then, 88, 185, 4, 185, 20]": 0,
            "[:else, 89, 185, 4, 185, 36]": 6
          },
          "[:if, 90, 195, 4, 195, 37]": {
            "[:then, 91, 195, 4, 195, 22]": 0,
            "[:else, 92, 195, 4, 195, 37]": 6
          },
          "[:if, 93, 204, 4, 204, 79]": {
            "[:then, 94, 204, 4, 204, 39]": 2,
            "[:else, 95, 204, 4, 204, 79]": 4
          },
          "[:if, 96, 205, 4, 205, 84]": {
            "[:then, 97, 205, 4, 205, 39]": 1,
            "[:else, 98, 205, 4, 205, 84]": 3
          },
          "[:if, 99, 206, 4, 206, 73]": {
            "[:then, 100, 206, 4, 206, 34]": 3,
            "[:else, 101, 206, 4, 206, 73]": 0
          },
          "[:if, 102, 213, 6, 217, 9]": {
            "[:then, 103, 214, 8, 214, 37]": 6,
            "[:else, 104, 216, 8, 216, 33]": 9
          },
          "[:case, 105, 223, 4, 231, 7]": {
            "[:when, 106, 225, 6, 225, 47]": 0,
            "[:else, 107, 227, 6, 230, 46]": 0
          }
        }
      },
      "D:/Users/Houssam/CUHK 2026/CUHK courses Term2/Software Engineering/SwenCode/cuhk_marketplace/app/helpers/offers_helper.rb": {
        "lines": [
          1,
          null
        ],
        "branches": {}
      },
      "D:/Users/Houssam/CUHK 2026/CUHK courses Term2/Software Engineering/SwenCode/cuhk_marketplace/app/helpers/search_helper.rb": {
        "lines": [
          1,
          null,
          1,
          null,
          null,
          null,
          null,
          null,
          1,
          3,
          null,
          null,
          1,
          3,
          3,
          null,
          3,
          0,
          0,
          0,
          null,
          null,
          3,
          null,
          null,
          1,
          22,
          22,
          22,
          null,
          null,
          1,
          5,
          null,
          null,
          1,
          3,
          2,
          2,
          null,
          0,
          1,
          1,
          1,
          null,
          0,
          null,
          0,
          0,
          null,
          0,
          null,
          null,
          null,
          1,
          3,
          2,
          1,
          null,
          1,
          null,
          1,
          1,
          null,
          0,
          null,
          null,
          null,
          1,
          null,
          1,
          null,
          null,
          null,
          null,
          null,
          null,
          1,
          3,
          null,
          null,
          1,
          6,
          null,
          null
        ],
        "branches": {
          "[:if, 0, 15, 4, 15, 76]": {
            "[:then, 1, 15, 4, 15, 46]": 2,
            "[:else, 2, 15, 4, 15, 76]": 1
          },
          "[:if, 3, 17, 4, 21, 7]": {
            "[:then, 4, 18, 6, 20, 35]": 0,
            "[:else, 5, 17, 4, 21, 7]": 3
          },
          "[:if, 6, 28, 4, 28, 97]": {
            "[:then, 7, 28, 4, 28, 31]": 3,
            "[:else, 8, 28, 4, 28, 97]": 19
          },
          "[:if, 9, 37, 4, 52, 7]": {
            "[:then, 10, 38, 6, 41, 49]": 2,
            "[:else, 11, 42, 4, 51, 49]": 1
          },
          "[:if, 12, 38, 6, 38, 63]": {
            "[:then, 13, 38, 6, 38, 41]": 0,
            "[:else, 14, 38, 6, 38, 63]": 2
          },
          "[:if, 15, 39, 6, 39, 62]": {
            "[:then, 16, 39, 6, 39, 41]": 2,
            "[:else, 17, 39, 6, 39, 62]": 0
          },
          "[:if, 18, 42, 4, 51, 49]": {
            "[:then, 19, 43, 6, 46, 63]": 1,
            "[:else, 20, 48, 6, 51, 49]": 0
          },
          "[:if, 21, 43, 6, 43, 77]": {
            "[:then, 22, 43, 6, 43, 55]": 0,
            "[:else, 23, 43, 6, 43, 77]": 1
          },
          "[:if, 24, 44, 6, 44, 76]": {
            "[:then, 25, 44, 6, 44, 55]": 1,
            "[:else, 26, 44, 6, 44, 76]": 0
          },
          "[:if, 27, 48, 6, 48, 57]": {
            "[:then, 28, 48, 6, 48, 35]": 0,
            "[:else, 29, 48, 6, 48, 57]": 0
          },
          "[:if, 30, 49, 6, 49, 63]": {
            "[:then, 31, 49, 6, 49, 42]": 0,
            "[:else, 32, 49, 6, 49, 63]": 0
          },
          "[:if, 33, 56, 4, 66, 7]": {
            "[:then, 34, 57, 6, 61, 9]": 2,
            "[:else, 35, 62, 4, 65, 53]": 1
          },
          "[:if, 36, 57, 6, 61, 9]": {
            "[:then, 37, 58, 8, 58, 90]": 1,
            "[:else, 38, 60, 8, 60, 72]": 1
          },
          "[:if, 39, 62, 4, 65, 53]": {
            "[:then, 40, 63, 6, 63, 64]": 1,
            "[:else, 41, 65, 6, 65, 53]": 0
          }
        }
      },
      "D:/Users/Houssam/CUHK 2026/CUHK courses Term2/Software Engineering/SwenCode/cuhk_marketplace/app/models/conversation.rb": {
        "lines": [
          1,
          1,
          1,
          1,
          null,
          1,
          null,
          1,
          null,
          1,
          42,
          null,
          null,
          null,
          null,
          null,
          1,
          4,
          null,
          null,
          1,
          2,
          null,
          null,
          1,
          78,
          null,
          null,
          1,
          140,
          140,
          null,
          0,
          null,
          null,
          null,
          1,
          14,
          null,
          null
        ],
        "branches": {
          "[:\"&.\", 0, 22, 27, 22, 41]": {
            "[:then, 1, 22, 27, 22, 41]": 1,
            "[:else, 2, 22, 27, 22, 41]": 0
          },
          "[:\"&.\", 3, 22, 46, 22, 61]": {
            "[:then, 4, 22, 46, 22, 61]": 1,
            "[:else, 5, 22, 46, 22, 61]": 0
          },
          "[:\"&.\", 6, 26, 4, 26, 12]": {
            "[:then, 7, 26, 4, 26, 12]": 78,
            "[:else, 8, 26, 4, 26, 12]": 0
          },
          "[:if, 9, 26, 4, 26, 41]": {
            "[:then, 10, 26, 27, 26, 33]": 38,
            "[:else, 11, 26, 36, 26, 41]": 40
          },
          "[:if, 12, 30, 4, 34, 7]": {
            "[:then, 13, 31, 6, 31, 35]": 140,
            "[:else, 14, 33, 6, 33, 45]": 0
          }
        }
      },
      "D:/Users/Houssam/CUHK 2026/CUHK courses Term2/Software Engineering/SwenCode/cuhk_marketplace/app/models/application_record.rb": {
        "lines": [
          1,
          1,
          null
        ],
        "branches": {}
      },
      "D:/Users/Houssam/CUHK 2026/CUHK courses Term2/Software Engineering/SwenCode/cuhk_marketplace/app/models/item_report.rb": {
        "lines": [
          1,
          1,
          null,
          1,
          1,
          1,
          null,
          1,
          null,
          1,
          null,
          1,
          1,
          null,
          7,
          null,
          1,
          null,
          1,
          0,
          null,
          null,
          1,
          3,
          null,
          3,
          null,
          0,
          null,
          0,
          null,
          null,
          null,
          1,
          3,
          3,
          3,
          null,
          2,
          null,
          2,
          2,
          null,
          null,
          null,
          null,
          null,
          2,
          null,
          null,
          null,
          2,
          3,
          null,
          null,
          null,
          null,
          null,
          null,
          null,
          null,
          null,
          1,
          null,
          1,
          8,
          11,
          null,
          null,
          null,
          null,
          null,
          null,
          null,
          null,
          1,
          8,
          null,
          null,
          1,
          11,
          null,
          1,
          null,
          null,
          1,
          9,
          9,
          null,
          0,
          null,
          null
        ],
        "branches": {
          "[:case, 0, 24, 4, 31, 7]": {
            "[:when, 1, 26, 6, 26, 22]": 3,
            "[:when, 2, 28, 6, 28, 37]": 0,
            "[:else, 3, 30, 6, 30, 22]": 0
          },
          "[:unless, 4, 36, 4, 36, 99]": {
            "[:else, 5, 36, 4, 36, 99]": 3,
            "[:then, 6, 36, 4, 36, 49]": 0
          },
          "[:if, 7, 37, 4, 37, 101]": {
            "[:then, 8, 37, 4, 37, 68]": 1,
            "[:else, 9, 37, 4, 37, 101]": 2
          },
          "[:\"&.\", 10, 81, 57, 81, 70]": {
            "[:then, 11, 81, 57, 81, 70]": 11,
            "[:else, 12, 81, 57, 81, 70]": 0
          },
          "[:unless, 13, 81, 4, 81, 70]": {
            "[:else, 14, 81, 4, 81, 70]": 1,
            "[:then, 15, 81, 4, 81, 10]": 10
          },
          "[:if, 16, 87, 4, 87, 25]": {
            "[:then, 17, 87, 4, 87, 10]": 0,
            "[:else, 18, 87, 4, 87, 25]": 9
          },
          "[:\"&.\", 19, 88, 35, 88, 53]": {
            "[:then, 20, 88, 35, 88, 53]": 9,
            "[:else, 21, 88, 35, 88, 53]": 0
          },
          "[:unless, 22, 88, 4, 88, 53]": {
            "[:else, 23, 88, 4, 88, 53]": 0,
            "[:then, 24, 88, 4, 88, 10]": 9
          }
        }
      },
      "D:/Users/Houssam/CUHK 2026/CUHK courses Term2/Software Engineering/SwenCode/cuhk_marketplace/app/models/item.rb": {
        "lines": [
          1,
          1,
          1,
          null,
          1,
          1,
          1,
          1,
          1,
          1,
          1,
          1,
          1,
          null,
          1,
          null,
          null,
          1,
          1,
          1,
          null,
          null,
          null,
          null,
          null,
          32,
          null,
          null,
          1,
          null,
          1,
          1,
          null,
          null,
          null,
          null,
          null,
          null,
          null,
          null,
          null,
          null,
          null,
          null,
          null,
          null,
          null,
          null,
          null,
          null,
          null,
          null,
          null,
          null,
          1,
          21,
          null,
          null,
          1,
          2,
          null,
          0,
          null,
          null,
          1,
          3,
          3,
          null,
          3,
          null,
          null,
          null,
          null,
          null,
          1,
          2,
          2,
          null,
          2,
          null,
          null,
          null,
          null,
          null,
          null,
          1,
          0,
          0,
          0,
          null,
          null,
          null,
          1,
          81,
          null,
          null,
          1,
          75,
          null,
          null,
          1,
          11,
          null,
          null,
          8,
          8,
          null,
          null,
          null,
          1,
          6,
          null,
          null,
          1,
          38,
          30,
          27,
          24,
          null,
          23,
          22,
          null,
          19,
          null,
          null,
          1,
          8,
          6,
          5,
          4,
          null,
          3,
          null,
          null
        ],
        "branches": {
          "[:unless, 0, 60, 4, 60, 65]": {
            "[:else, 1, 60, 4, 60, 65]": 0,
            "[:then, 2, 60, 4, 60, 35]": 2
          },
          "[:unless, 3, 66, 4, 66, 52]": {
            "[:else, 4, 66, 4, 66, 52]": 3,
            "[:then, 5, 66, 4, 66, 14]": 0
          },
          "[:unless, 6, 67, 4, 67, 64]": {
            "[:else, 7, 67, 4, 67, 64]": 3,
            "[:then, 8, 67, 4, 67, 14]": 0
          },
          "[:unless, 9, 76, 4, 76, 52]": {
            "[:else, 10, 76, 4, 76, 52]": 2,
            "[:then, 11, 76, 4, 76, 14]": 0
          },
          "[:unless, 12, 77, 4, 77, 64]": {
            "[:else, 13, 77, 4, 77, 64]": 2,
            "[:then, 14, 77, 4, 77, 14]": 0
          },
          "[:if, 15, 102, 4, 102, 75]": {
            "[:then, 16, 102, 4, 102, 36]": 3,
            "[:else, 17, 102, 4, 102, 75]": 8
          },
          "[:if, 18, 105, 6, 107, 9]": {
            "[:then, 19, 106, 8, 106, 71]": 8,
            "[:else, 20, 105, 6, 107, 9]": 0
          },
          "[:\"&.\", 21, 111, 4, 111, 35]": {
            "[:then, 22, 111, 4, 111, 35]": 6,
            "[:else, 23, 111, 4, 111, 35]": 0
          },
          "[:if, 24, 115, 4, 115, 69]": {
            "[:then, 25, 115, 4, 115, 40]": 8,
            "[:else, 26, 115, 4, 115, 69]": 30
          },
          "[:if, 27, 116, 4, 116, 33]": {
            "[:then, 28, 116, 4, 116, 15]": 3,
            "[:else, 29, 116, 4, 116, 33]": 27
          },
          "[:\"&.\", 30, 117, 19, 117, 33]": {
            "[:then, 31, 117, 19, 117, 33]": 24,
            "[:else, 32, 117, 19, 117, 33]": 3
          },
          "[:if, 33, 117, 4, 117, 33]": {
            "[:then, 34, 117, 4, 117, 15]": 3,
            "[:else, 35, 117, 4, 117, 33]": 24
          },
          "[:\"&.\", 36, 118, 19, 118, 41]": {
            "[:then, 37, 118, 19, 118, 41]": 21,
            "[:else, 38, 118, 19, 118, 41]": 3
          },
          "[:if, 39, 118, 4, 118, 76]": {
            "[:then, 40, 118, 4, 118, 15]": 1,
            "[:else, 41, 118, 4, 118, 76]": 23
          },
          "[:\"&.\", 42, 120, 32, 120, 45]": {
            "[:then, 43, 120, 32, 120, 45]": 22,
            "[:else, 44, 120, 32, 120, 45]": 0
          },
          "[:if, 45, 120, 4, 120, 45]": {
            "[:then, 46, 120, 4, 120, 16]": 1,
            "[:else, 47, 120, 4, 120, 45]": 22
          },
          "[:if, 48, 121, 4, 121, 66]": {
            "[:then, 49, 121, 4, 121, 21]": 3,
            "[:else, 50, 121, 4, 121, 66]": 19
          },
          "[:if, 51, 127, 4, 127, 33]": {
            "[:then, 52, 127, 4, 127, 15]": 2,
            "[:else, 53, 127, 4, 127, 33]": 6
          },
          "[:if, 54, 128, 4, 128, 55]": {
            "[:then, 55, 128, 4, 128, 15]": 1,
            "[:else, 56, 128, 4, 128, 55]": 5
          },
          "[:\"&.\", 57, 129, 19, 129, 33]": {
            "[:then, 58, 129, 19, 129, 33]": 5,
            "[:else, 59, 129, 19, 129, 33]": 0
          },
          "[:if, 60, 129, 4, 129, 33]": {
            "[:then, 61, 129, 4, 129, 15]": 1,
            "[:else, 62, 129, 4, 129, 33]": 4
          },
          "[:\"&.\", 63, 130, 19, 130, 41]": {
            "[:then, 64, 130, 19, 130, 41]": 4,
            "[:else, 65, 130, 19, 130, 41]": 0
          },
          "[:if, 66, 130, 4, 130, 76]": {
            "[:then, 67, 130, 4, 130, 15]": 1,
            "[:else, 68, 130, 4, 130, 76]": 3
          }
        }
      },
      "D:/Users/Houssam/CUHK 2026/CUHK courses Term2/Software Engineering/SwenCode/cuhk_marketplace/app/models/notification.rb": {
        "lines": [
          1,
          1,
          1,
          1,
          null,
          null,
          83,
          null,
          null,
          1,
          null,
          1,
          null,
          1,
          71,
          null,
          null,
          null,
          null,
          null,
          1,
          null,
          71,
          null,
          null,
          null,
          null,
          null,
          null,
          null,
          1,
          157,
          null,
          null,
          1,
          8,
          null,
          null,
          1,
          50,
          null,
          null,
          1,
          73,
          null,
          null,
          1,
          92,
          null,
          null,
          1,
          71,
          null,
          0,
          null,
          2,
          null,
          1,
          null,
          2,
          null,
          2,
          null,
          11,
          null,
          3,
          null,
          null,
          null,
          null,
          null,
          1,
          11,
          11,
          null,
          11,
          null,
          null
        ],
        "branches": {
          "[:if, 0, 32, 4, 32, 41]": {
            "[:then, 1, 32, 4, 32, 14]": 107,
            "[:else, 2, 32, 4, 32, 41]": 50
          },
          "[:if, 3, 36, 4, 36, 40]": {
            "[:then, 4, 36, 4, 36, 14]": 8,
            "[:else, 5, 36, 4, 36, 40]": 0
          },
          "[:if, 6, 40, 4, 40, 46]": {
            "[:then, 7, 40, 4, 40, 14]": 42,
            "[:else, 8, 40, 4, 40, 46]": 8
          },
          "[:\"&.\", 9, 44, 18, 44, 37]": {
            "[:then, 10, 44, 18, 44, 37]": 51,
            "[:else, 11, 44, 18, 44, 37]": 14
          },
          "[:\"&.\", 12, 48, 4, 48, 22]": {
            "[:then, 13, 48, 4, 48, 22]": 56,
            "[:else, 14, 48, 4, 48, 22]": 36
          },
          "[:\"&.\", 15, 48, 4, 48, 29]": {
            "[:then, 16, 48, 4, 48, 29]": 56,
            "[:else, 17, 48, 4, 48, 29]": 36
          },
          "[:\"&.\", 18, 48, 33, 48, 57]": {
            "[:then, 19, 48, 33, 48, 57]": 28,
            "[:else, 20, 48, 33, 48, 57]": 8
          },
          "[:\"&.\", 21, 48, 33, 48, 64]": {
            "[:then, 22, 48, 33, 48, 64]": 28,
            "[:else, 23, 48, 33, 48, 64]": 8
          },
          "[:\"&.\", 24, 48, 68, 48, 86]": {
            "[:then, 25, 48, 68, 48, 86]": 8,
            "[:else, 26, 48, 68, 48, 86]": 0
          },
          "[:case, 27, 52, 4, 69, 7]": {
            "[:when, 28, 54, 6, 54, 93]": 0,
            "[:when, 29, 56, 6, 56, 66]": 2,
            "[:when, 30, 58, 6, 58, 73]": 1,
            "[:when, 31, 60, 6, 60, 73]": 2,
            "[:when, 32, 62, 6, 62, 104]": 2,
            "[:when, 33, 64, 6, 64, 70]": 11,
            "[:when, 34, 66, 6, 66, 124]": 3,
            "[:else, 35, 52, 4, 69, 7]": 50
          },
          "[:\"&.\", 36, 66, 69, 66, 107]": {
            "[:then, 37, 66, 69, 66, 107]": 3,
            "[:else, 38, 66, 69, 66, 107]": 0
          },
          "[:\"&.\", 39, 73, 11, 73, 38]": {
            "[:then, 40, 73, 11, 73, 38]": 11,
            "[:else, 41, 73, 11, 73, 38]": 0
          },
          "[:if, 42, 74, 4, 74, 48]": {
            "[:then, 43, 74, 4, 74, 33]": 0,
            "[:else, 44, 74, 4, 74, 48]": 11
          },
          "[:if, 45, 76, 4, 76, 52]": {
            "[:then, 46, 76, 23, 76, 45]": 0,
            "[:else, 47, 76, 48, 76, 52]": 11
          }
        }
      },
      "D:/Users/Houssam/CUHK 2026/CUHK courses Term2/Software Engineering/SwenCode/cuhk_marketplace/app/models/offer.rb": {
        "lines": [
          1,
          1,
          1,
          1,
          1,
          null,
          1,
          null,
          null,
          1,
          null,
          1,
          1,
          null,
          1,
          1,
          null,
          null,
          1,
          null,
          null,
          1,
          null,
          1,
          1,
          null,
          null,
          null,
          0,
          null,
          null,
          1,
          2,
          null,
          null,
          1,
          null,
          1,
          44,
          null,
          1,
          null,
          null,
          1,
          38,
          38,
          null,
          0,
          null,
          null,
          1,
          null,
          36,
          null,
          null,
          1,
          null,
          36,
          null,
          36,
          null,
          null,
          null,
          null,
          null,
          null,
          null
        ],
        "branches": {
          "[:\"&.\", 0, 28, 7, 28, 22]": {
            "[:then, 1, 28, 7, 28, 22]": 0,
            "[:else, 2, 28, 7, 28, 22]": 0
          },
          "[:unless, 3, 39, 4, 39, 60]": {
            "[:else, 4, 39, 4, 39, 60]": 1,
            "[:then, 5, 39, 4, 39, 10]": 43
          },
          "[:if, 6, 45, 4, 45, 25]": {
            "[:then, 7, 45, 4, 45, 10]": 0,
            "[:else, 8, 45, 4, 45, 25]": 38
          },
          "[:\"&.\", 9, 46, 63, 46, 78]": {
            "[:then, 10, 46, 63, 46, 78]": 38,
            "[:else, 11, 46, 63, 46, 78]": 0
          },
          "[:if, 12, 46, 4, 46, 78]": {
            "[:then, 13, 46, 4, 46, 10]": 38,
            "[:else, 14, 46, 4, 46, 78]": 0
          },
          "[:if, 15, 58, 4, 58, 29]": {
            "[:then, 16, 58, 4, 58, 10]": 0,
            "[:else, 17, 58, 4, 58, 29]": 36
          }
        }
      },
      "D:/Users/Houssam/CUHK 2026/CUHK courses Term2/Software Engineering/SwenCode/cuhk_marketplace/app/models/user.rb": {
        "lines": [
          1,
          null,
          null,
          1,
          null,
          null,
          1,
          null,
          1,
          1,
          1,
          1,
          1,
          1,
          1,
          1,
          1,
          1,
          1,
          1,
          null,
          1,
          null,
          32,
          1,
          null,
          1,
          317,
          null,
          null,
          1,
          4,
          null,
          null,
          1,
          2,
          null,
          null,
          1,
          113,
          null,
          null,
          1,
          2,
          null,
          null,
          1,
          322,
          null,
          null,
          null,
          1,
          25,
          null,
          null,
          1,
          2,
          1,
          null,
          null,
          1,
          2,
          2,
          1,
          1,
          1,
          1,
          null,
          null,
          null,
          1,
          3,
          2,
          null,
          null
        ],
        "branches": {
          "[:if, 0, 44, 4, 44, 29]": {
            "[:then, 1, 44, 14, 44, 21]": 2,
            "[:else, 2, 44, 24, 44, 29]": 0
          },
          "[:unless, 3, 57, 4, 57, 62]": {
            "[:else, 4, 57, 4, 57, 62]": 1,
            "[:then, 5, 57, 4, 57, 29]": 1
          },
          "[:if, 6, 63, 4, 68, 7]": {
            "[:then, 7, 64, 6, 67, 10]": 1,
            "[:else, 8, 63, 4, 68, 7]": 1
          },
          "[:unless, 9, 72, 4, 72, 35]": {
            "[:else, 10, 72, 4, 72, 35]": 2,
            "[:then, 11, 72, 4, 72, 14]": 1
          }
        }
      },
      "D:/Users/Houssam/CUHK 2026/CUHK courses Term2/Software Engineering/SwenCode/cuhk_marketplace/app/models/currency.rb": {
        "lines": [
          1,
          1,
          1,
          null,
          null,
          1,
          null,
          1,
          0,
          null,
          null,
          1,
          174,
          null,
          null,
          null,
          1,
          105,
          105,
          0,
          null,
          null,
          null,
          1,
          19,
          19,
          0,
          null,
          null
        ],
        "branches": {
          "[:if, 0, 19, 4, 19, 63]": {
            "[:then, 1, 19, 4, 19, 30]": 105,
            "[:else, 2, 19, 4, 19, 63]": 0
          },
          "[:if, 3, 26, 8, 26, 60]": {
            "[:then, 4, 26, 8, 26, 30]": 19,
            "[:else, 5, 26, 8, 26, 60]": 0
          }
        }
      },
      "D:/Users/Houssam/CUHK 2026/CUHK courses Term2/Software Engineering/SwenCode/cuhk_marketplace/app/models/college.rb": {
        "lines": [
          1,
          1,
          1,
          null,
          1,
          null
        ],
        "branches": {}
      },
      "D:/Users/Houssam/CUHK 2026/CUHK courses Term2/Software Engineering/SwenCode/cuhk_marketplace/app/models/category.rb": {
        "lines": [
          1,
          1,
          1,
          null,
          1,
          9,
          null,
          13,
          null,
          null
        ],
        "branches": {
          "[:unless, 0, 6, 4, 6, 36]": {
            "[:else, 1, 6, 4, 6, 36]": 9,
            "[:then, 2, 6, 4, 6, 15]": 0
          },
          "[:if, 3, 8, 31, 8, 63]": {
            "[:then, 4, 8, 58, 8, 59]": 0,
            "[:else, 5, 8, 62, 8, 63]": 4
          }
        }
      },
      "D:/Users/Houssam/CUHK 2026/CUHK courses Term2/Software Engineering/SwenCode/cuhk_marketplace/app/services/location_service.rb": {
        "lines": [
          1,
          1,
          1,
          null,
          null,
          1,
          null,
          null,
          null,
          null,
          null,
          null,
          null,
          null,
          null,
          null,
          1,
          4,
          4,
          null,
          null,
          null,
          1,
          14,
          null,
          null,
          14,
          14,
          null,
          14,
          14,
          null,
          14,
          null,
          null,
          null,
          14,
          null,
          14,
          null,
          null,
          1,
          2,
          2,
          null,
          2,
          null,
          null,
          1,
          1,
          1,
          null,
          1,
          null,
          null,
          1,
          0,
          null,
          null
        ],
        "branches": {
          "[:if, 0, 19, 4, 19, 90]": {
            "[:then, 1, 19, 4, 19, 78]": 2,
            "[:else, 2, 19, 4, 19, 90]": 2
          },
          "[:if, 3, 24, 4, 24, 64]": {
            "[:then, 4, 24, 4, 24, 12]": 0,
            "[:else, 5, 24, 4, 24, 64]": 14
          },
          "[:if, 6, 44, 4, 44, 37]": {
            "[:then, 7, 44, 4, 44, 12]": 0,
            "[:else, 8, 44, 4, 44, 37]": 2
          },
          "[:if, 9, 50, 4, 50, 34]": {
            "[:then, 10, 50, 4, 50, 14]": 0,
            "[:else, 11, 50, 4, 50, 34]": 1
          },
          "[:if, 12, 51, 4, 51, 33]": {
            "[:then, 13, 51, 4, 51, 12]": 0,
            "[:else, 14, 51, 4, 51, 33]": 1
          }
        }
      },
      "D:/Users/Houssam/CUHK 2026/CUHK courses Term2/Software Engineering/SwenCode/cuhk_marketplace/app/controllers/admin/dashboard_controller.rb": {
        "lines": [
          null,
          1,
          1,
          3,
          2,
          2,
          2,
          2,
          null,
          2,
          1,
          1,
          1,
          1,
          null,
          null,
          1,
          null,
          null,
          3,
          3,
          3,
          null,
          null,
          1,
          4,
          null,
          null,
          4,
          1,
          1,
          null,
          null,
          null,
          3,
          null,
          null,
          3,
          null,
          3,
          null,
          null,
          null,
          null,
          null,
          null,
          null,
          null,
          3,
          null,
          null,
          2,
          null,
          1,
          null,
          null,
          null
        ],
        "branches": {
          "[:if, 0, 4, 4, 18, 7]": {
            "[:then, 1, 5, 6, 10, 63]": 2,
            "[:else, 2, 11, 4, 17, 87]": 1
          },
          "[:if, 3, 11, 4, 17, 87]": {
            "[:then, 4, 12, 6, 17, 87]": 1,
            "[:else, 5, 11, 4, 17, 87]": 0
          },
          "[:if, 6, 29, 4, 32, 7]": {
            "[:then, 7, 30, 6, 31, 12]": 1,
            "[:else, 8, 29, 4, 32, 7]": 3
          },
          "[:if, 9, 35, 26, 35, 108]": {
            "[:then, 10, 35, 56, 35, 79]": 1,
            "[:else, 11, 35, 82, 35, 108]": 2
          },
          "[:if, 12, 49, 4, 55, 7]": {
            "[:then, 13, 52, 6, 52, 134]": 2,
            "[:else, 14, 54, 6, 54, 111]": 1
          }
        }
      },
      "D:/Users/Houssam/CUHK 2026/CUHK courses Term2/Software Engineering/SwenCode/cuhk_marketplace/app/controllers/admin/base_controller.rb": {
        "lines": [
          1,
          1,
          1,
          1,
          null,
          1,
          null,
          1,
          15,
          1,
          null,
          null,
          null,
          1,
          14,
          0,
          null,
          null,
          null
        ],
        "branches": {
          "[:unless, 0, 9, 4, 11, 7]": {
            "[:else, 1, 9, 4, 11, 7]": 14,
            "[:then, 2, 10, 6, 10, 58]": 1
          },
          "[:if, 3, 15, 4, 17, 7]": {
            "[:then, 4, 16, 6, 16, 97]": 0,
            "[:else, 5, 15, 4, 17, 7]": 14
          }
        }
      },
      "D:/Users/Houssam/CUHK 2026/CUHK courses Term2/Software Engineering/SwenCode/cuhk_marketplace/app/controllers/application_controller.rb": {
        "lines": [
          1,
          1,
          1,
          1,
          null,
          1,
          null,
          null,
          null,
          1,
          null,
          null,
          null,
          1,
          null,
          null,
          null,
          null,
          1,
          null,
          1,
          null,
          null,
          null,
          1,
          9,
          9,
          null,
          9,
          9,
          null,
          null,
          1,
          null,
          2,
          null,
          null,
          1,
          0,
          null,
          1,
          null,
          null,
          null,
          null,
          1,
          null,
          null,
          null,
          null,
          1,
          null,
          1,
          3,
          null,
          0,
          null,
          2,
          null,
          1,
          null,
          null,
          3,
          null,
          null,
          1,
          111,
          null,
          0,
          0,
          null,
          null,
          1,
          306,
          null,
          null,
          1,
          169,
          null,
          null,
          1,
          18,
          null,
          18,
          null,
          null,
          1,
          17,
          null,
          17,
          null,
          null,
          1,
          16,
          null,
          null,
          1,
          8,
          8,
          null,
          5,
          null,
          null,
          null,
          null,
          1,
          3,
          3,
          null,
          0,
          null,
          null,
          null,
          1,
          8,
          0,
          0,
          null,
          null,
          8,
          1,
          1,
          null,
          null,
          7,
          null,
          4,
          null,
          null,
          null,
          null,
          1,
          23,
          null,
          38,
          20,
          null,
          17,
          null,
          null,
          1,
          124,
          null,
          null,
          1,
          18,
          null,
          null,
          1,
          111,
          105,
          33,
          4,
          null,
          2,
          null,
          null,
          1,
          5,
          null,
          5,
          9,
          6,
          null,
          null,
          null
        ],
        "branches": {
          "[:if, 0, 35, 4, 47, 7]": {
            "[:then, 1, 38, 6, 42, 9]": 1,
            "[:else, 2, 46, 6, 46, 11]": 1
          },
          "[:if, 3, 38, 6, 42, 9]": {
            "[:then, 4, 39, 8, 39, 17]": 0,
            "[:else, 5, 41, 8, 41, 29]": 1
          },
          "[:case, 6, 54, 4, 61, 7]": {
            "[:when, 7, 56, 8, 56, 56]": 0,
            "[:when, 8, 58, 8, 58, 56]": 2,
            "[:else, 9, 60, 8, 60, 57]": 1
          },
          "[:\"&.\", 10, 67, 18, 67, 39]": {
            "[:then, 11, 67, 18, 67, 39]": 105,
            "[:else, 12, 67, 18, 67, 39]": 6
          },
          "[:unless, 13, 67, 4, 67, 39]": {
            "[:else, 14, 67, 4, 67, 39]": 0,
            "[:then, 15, 67, 4, 67, 10]": 111
          },
          "[:if, 16, 82, 4, 82, 29]": {
            "[:then, 17, 82, 4, 82, 10]": 0,
            "[:else, 18, 82, 4, 82, 29]": 18
          },
          "[:if, 19, 88, 4, 88, 25]": {
            "[:then, 20, 88, 4, 88, 10]": 0,
            "[:else, 21, 88, 4, 88, 25]": 17
          },
          "[:if, 22, 94, 4, 94, 51]": {
            "[:then, 23, 94, 34, 94, 43]": 2,
            "[:else, 24, 94, 46, 94, 51]": 14
          },
          "[:unless, 25, 99, 4, 99, 39]": {
            "[:else, 26, 99, 4, 99, 39]": 5,
            "[:then, 27, 99, 4, 99, 19]": 3
          },
          "[:\"&.\", 28, 107, 18, 107, 38]": {
            "[:then, 29, 107, 18, 107, 38]": 3,
            "[:else, 30, 107, 18, 107, 38]": 0
          },
          "[:unless, 31, 107, 4, 107, 38]": {
            "[:else, 32, 107, 4, 107, 38]": 3,
            "[:then, 33, 107, 4, 107, 10]": 0
          },
          "[:if, 34, 108, 4, 108, 46]": {
            "[:then, 35, 108, 4, 108, 10]": 3,
            "[:else, 36, 108, 4, 108, 46]": 0
          },
          "[:\"&.\", 37, 115, 7, 115, 27]": {
            "[:then, 38, 115, 7, 115, 27]": 5,
            "[:else, 39, 115, 7, 115, 27]": 3
          },
          "[:if, 40, 115, 4, 118, 7]": {
            "[:then, 41, 116, 6, 117, 21]": 0,
            "[:else, 42, 115, 4, 118, 7]": 8
          },
          "[:if, 43, 116, 6, 116, 113]": {
            "[:then, 44, 116, 6, 116, 72]": 0,
            "[:else, 45, 116, 6, 116, 113]": 0
          },
          "[:if, 46, 120, 4, 123, 7]": {
            "[:then, 47, 121, 6, 122, 64]": 1,
            "[:else, 48, 120, 4, 123, 7]": 7
          },
          "[:\"&.\", 49, 121, 34, 121, 58]": {
            "[:then, 50, 121, 34, 121, 58]": 1,
            "[:else, 51, 121, 34, 121, 58]": 0
          },
          "[:unless, 52, 121, 6, 121, 67]": {
            "[:else, 53, 121, 6, 121, 67]": 1,
            "[:then, 54, 121, 6, 121, 26]": 0
          },
          "[:\"&.\", 55, 125, 50, 125, 74]": {
            "[:then, 56, 125, 50, 125, 74]": 4,
            "[:else, 57, 125, 50, 125, 74]": 3
          },
          "[:unless, 58, 125, 4, 125, 83]": {
            "[:else, 59, 125, 4, 125, 83]": 4,
            "[:then, 60, 125, 4, 125, 42]": 3
          },
          "[:unless, 61, 133, 4, 133, 58]": {
            "[:else, 62, 133, 4, 133, 58]": 20,
            "[:then, 63, 133, 4, 133, 35]": 3
          },
          "[:if, 64, 135, 57, 135, 95]": {
            "[:then, 65, 135, 81, 135, 88]": 18,
            "[:else, 66, 135, 91, 135, 95]": 0
          },
          "[:if, 67, 136, 4, 136, 54]": {
            "[:then, 68, 136, 4, 136, 35]": 3,
            "[:else, 69, 136, 4, 136, 54]": 17
          },
          "[:\"&.\", 70, 150, 18, 150, 42]": {
            "[:then, 71, 150, 18, 150, 42]": 105,
            "[:else, 72, 150, 18, 150, 42]": 6
          },
          "[:unless, 73, 150, 4, 150, 42]": {
            "[:else, 74, 150, 4, 150, 42]": 105,
            "[:then, 75, 150, 4, 150, 10]": 6
          },
          "[:unless, 76, 151, 4, 151, 68]": {
            "[:else, 77, 151, 4, 151, 68]": 33,
            "[:then, 78, 151, 4, 151, 10]": 72
          },
          "[:if, 79, 152, 4, 152, 43]": {
            "[:then, 80, 152, 4, 152, 10]": 29,
            "[:else, 81, 152, 4, 152, 43]": 4
          },
          "[:if, 82, 153, 4, 153, 47]": {
            "[:then, 83, 153, 4, 153, 10]": 2,
            "[:else, 84, 153, 4, 153, 47]": 2
          }
        }
      },
      "D:/Users/Houssam/CUHK 2026/CUHK courses Term2/Software Engineering/SwenCode/cuhk_marketplace/app/controllers/items_controller.rb": {
        "lines": [
          1,
          1,
          1,
          1,
          1,
          1,
          null,
          null,
          1,
          5,
          5,
          5,
          null,
          5,
          5,
          null,
          5,
          5,
          null,
          5,
          5,
          5,
          null,
          null,
          5,
          5,
          null,
          null,
          5,
          5,
          5,
          null,
          5,
          5,
          5,
          5,
          null,
          null,
          null,
          1,
          14,
          14,
          14,
          null,
          null,
          14,
          1,
          1,
          1,
          1,
          1,
          null,
          null,
          null,
          14,
          2,
          null,
          null,
          0,
          null,
          null,
          null,
          0,
          null,
          null,
          null,
          null,
          14,
          null,
          null,
          null,
          1,
          0,
          null,
          null,
          null,
          1,
          null,
          null,
          null,
          1,
          1,
          null,
          1,
          1,
          1,
          null,
          1,
          1,
          0,
          0,
          null,
          2,
          1,
          null,
          null,
          null,
          null,
          null,
          1,
          0,
          0,
          null,
          0,
          0,
          0,
          0,
          null,
          0,
          0,
          null,
          null,
          null,
          null,
          null,
          1,
          4,
          4,
          null,
          4,
          8,
          4,
          null,
          null,
          null,
          1,
          null,
          1,
          26,
          null,
          null,
          null,
          1,
          1,
          1,
          null,
          1,
          null,
          null,
          1,
          3,
          1,
          1,
          null,
          null,
          2,
          null,
          2,
          null,
          null,
          1,
          5,
          null,
          1,
          null,
          null,
          1,
          10,
          null,
          null,
          1,
          5,
          null,
          3,
          null,
          null,
          1,
          16,
          null,
          2,
          null,
          null,
          1,
          2,
          null,
          2,
          null,
          null,
          null,
          1,
          1,
          null,
          1,
          null,
          null,
          null,
          1,
          1,
          null,
          1,
          1,
          0,
          0,
          0,
          0,
          0,
          0,
          null,
          0,
          null,
          null,
          null
        ],
        "branches": {
          "[:\"&.\", 0, 14, 22, 14, 48]": {
            "[:then, 1, 14, 22, 14, 48]": 4,
            "[:else, 2, 14, 22, 14, 48]": 1
          },
          "[:\"&.\", 3, 15, 24, 15, 50]": {
            "[:then, 4, 15, 24, 15, 50]": 4,
            "[:else, 5, 15, 24, 15, 50]": 1
          },
          "[:if, 6, 21, 20, 21, 112]": {
            "[:then, 7, 21, 83, 21, 106]": 0,
            "[:else, 8, 21, 109, 21, 112]": 5
          },
          "[:if, 9, 22, 20, 22, 112]": {
            "[:then, 10, 22, 83, 22, 106]": 0,
            "[:else, 11, 22, 109, 22, 112]": 5
          },
          "[:if, 12, 41, 4, 41, 97]": {
            "[:then, 13, 41, 4, 41, 62]": 5,
            "[:else, 14, 41, 4, 41, 97]": 9
          },
          "[:if, 15, 42, 4, 42, 129]": {
            "[:then, 16, 42, 4, 42, 80]": 10,
            "[:else, 17, 42, 4, 42, 129]": 4
          },
          "[:if, 18, 46, 4, 52, 7]": {
            "[:then, 19, 47, 6, 51, 55]": 1,
            "[:else, 20, 46, 4, 52, 7]": 13
          },
          "[:if, 21, 55, 4, 66, 7]": {
            "[:then, 22, 56, 6, 65, 34]": 2,
            "[:else, 23, 55, 4, 66, 7]": 12
          },
          "[:unless, 24, 85, 4, 85, 67]": {
            "[:else, 25, 85, 4, 85, 67]": 0,
            "[:then, 26, 85, 4, 85, 40]": 1
          },
          "[:if, 27, 89, 6, 95, 9]": {
            "[:then, 28, 90, 8, 91, 71]": 0,
            "[:else, 29, 93, 8, 94, 80]": 1
          },
          "[:if, 30, 105, 6, 111, 9]": {
            "[:then, 31, 106, 8, 107, 66]": 0,
            "[:else, 32, 109, 8, 110, 80]": 0
          },
          "[:if, 33, 118, 22, 118, 85]": {
            "[:then, 34, 118, 58, 118, 72]": 0,
            "[:else, 35, 118, 75, 118, 85]": 4
          },
          "[:\"&.\", 36, 135, 53, 135, 73]": {
            "[:then, 37, 135, 53, 135, 73]": 1,
            "[:else, 38, 135, 53, 135, 73]": 0
          },
          "[:if, 39, 135, 6, 135, 73]": {
            "[:then, 40, 135, 6, 135, 49]": 0,
            "[:else, 41, 135, 6, 135, 73]": 1
          },
          "[:if, 42, 141, 6, 144, 9]": {
            "[:then, 43, 142, 8, 143, 14]": 1,
            "[:else, 44, 141, 6, 144, 9]": 2
          },
          "[:if, 45, 146, 6, 146, 27]": {
            "[:then, 46, 146, 6, 146, 12]": 0,
            "[:else, 47, 146, 6, 146, 27]": 2
          },
          "[:if, 48, 152, 6, 152, 32]": {
            "[:then, 49, 152, 6, 152, 12]": 4,
            "[:else, 50, 152, 6, 152, 32]": 1
          },
          "[:if, 51, 168, 6, 168, 47]": {
            "[:then, 52, 168, 6, 168, 12]": 14,
            "[:else, 53, 168, 6, 168, 47]": 2
          },
          "[:\"&.\", 54, 174, 70, 174, 89]": {
            "[:then, 55, 174, 70, 174, 89]": 2,
            "[:else, 56, 174, 70, 174, 89]": 0
          },
          "[:if, 57, 174, 6, 174, 89]": {
            "[:then, 58, 174, 6, 174, 48]": 0,
            "[:else, 59, 174, 6, 174, 89]": 2
          },
          "[:if, 60, 181, 6, 181, 33]": {
            "[:then, 61, 181, 6, 181, 12]": 0,
            "[:else, 62, 181, 6, 181, 33]": 1
          },
          "[:unless, 63, 188, 6, 188, 32]": {
            "[:else, 64, 188, 6, 188, 32]": 1,
            "[:then, 65, 188, 6, 188, 16]": 0
          },
          "[:if, 66, 190, 6, 200, 9]": {
            "[:then, 67, 191, 8, 191, 32]": 1,
            "[:else, 68, 192, 6, 199, 37]": 0
          },
          "[:if, 69, 192, 6, 199, 37]": {
            "[:then, 70, 193, 8, 193, 38]": 0,
            "[:else, 71, 194, 6, 199, 37]": 0
          },
          "[:if, 72, 194, 6, 199, 37]": {
            "[:then, 73, 195, 8, 195, 41]": 0,
            "[:else, 74, 196, 6, 199, 37]": 0
          },
          "[:if, 75, 196, 6, 199, 37]": {
            "[:then, 76, 197, 8, 197, 26]": 0,
            "[:else, 77, 199, 8, 199, 37]": 0
          }
        }
      },
      "D:/Users/Houssam/CUHK 2026/CUHK courses Term2/Software Engineering/SwenCode/cuhk_marketplace/app/controllers/admin/setups_controller.rb": {
        "lines": [
          1,
          1,
          1,
          null,
          null,
          1,
          1,
          null,
          1,
          1,
          1,
          null,
          0,
          null,
          null,
          null,
          1,
          null,
          1,
          1,
          null,
          null
        ],
        "branches": {
          "[:if, 0, 9, 4, 14, 7]": {
            "[:then, 1, 10, 6, 11, 89]": 1,
            "[:else, 2, 13, 6, 13, 49]": 0
          }
        }
      },
      "D:/Users/Houssam/CUHK 2026/CUHK courses Term2/Software Engineering/SwenCode/cuhk_marketplace/app/controllers/admin/users_controller.rb": {
        "lines": [
          1,
          1,
          1,
          1,
          null,
          1,
          1,
          0,
          0,
          null,
          null,
          1,
          1,
          null,
          null,
          1,
          1,
          0,
          0,
          null,
          null,
          1,
          1,
          null,
          null,
          1,
          null,
          1,
          4,
          null,
          null,
          1,
          4,
          2,
          null,
          1,
          null,
          null,
          1,
          3,
          null,
          1,
          null,
          null
        ],
        "branches": {
          "[:if, 0, 7, 4, 10, 7]": {
            "[:then, 1, 8, 6, 9, 12]": 0,
            "[:else, 2, 7, 4, 10, 7]": 1
          },
          "[:unless, 3, 17, 4, 20, 7]": {
            "[:else, 4, 17, 4, 20, 7]": 1,
            "[:then, 5, 18, 6, 19, 12]": 0
          },
          "[:if, 6, 33, 4, 33, 33]": {
            "[:then, 7, 33, 4, 33, 10]": 2,
            "[:else, 8, 33, 4, 33, 33]": 2
          },
          "[:if, 9, 34, 4, 34, 106]": {
            "[:then, 10, 34, 4, 34, 10]": 1,
            "[:else, 11, 34, 4, 34, 106]": 1
          },
          "[:unless, 12, 40, 4, 40, 39]": {
            "[:else, 13, 40, 4, 40, 39]": 1,
            "[:then, 14, 40, 4, 40, 10]": 2
          }
        }
      },
      "D:/Users/Houssam/CUHK 2026/CUHK courses Term2/Software Engineering/SwenCode/cuhk_marketplace/app/controllers/api/locations_controller.rb": {
        "lines": [
          1,
          1,
          2,
          2,
          1,
          null,
          1,
          null,
          null,
          null,
          1,
          1,
          1,
          null,
          1,
          1,
          null,
          1,
          9,
          9,
          2,
          2,
          null,
          null,
          null,
          1,
          1,
          null,
          0,
          null,
          null,
          null,
          1,
          1,
          null,
          9,
          null,
          null,
          null,
          null,
          null,
          1,
          null,
          null
        ],
        "branches": {
          "[:if, 0, 4, 4, 8, 7]": {
            "[:then, 1, 5, 6, 5, 86]": 1,
            "[:else, 2, 7, 6, 7, 70]": 1
          },
          "[:if, 3, 20, 6, 23, 9]": {
            "[:then, 4, 21, 8, 22, 21]": 2,
            "[:else, 5, 20, 6, 23, 9]": 7
          },
          "[:if, 6, 26, 4, 30, 7]": {
            "[:then, 7, 27, 6, 27, 114]": 1,
            "[:else, 8, 29, 6, 29, 69]": 0
          }
        }
      },
      "D:/Users/Houssam/CUHK 2026/CUHK courses Term2/Software Engineering/SwenCode/cuhk_marketplace/app/controllers/users/sessions_controller.rb": {
        "lines": [
          1,
          1,
          4,
          null,
          3,
          1,
          1,
          1,
          1,
          null,
          2,
          2,
          2,
          null,
          2,
          null,
          null,
          null,
          1,
          null,
          1,
          2,
          2,
          null,
          2,
          null,
          2,
          null,
          2,
          null,
          2,
          null,
          null,
          1,
          1,
          null,
          null
        ],
        "branches": {
          "[:if, 0, 5, 4, 16, 7]": {
            "[:then, 1, 6, 6, 9, 71]": 1,
            "[:else, 2, 11, 6, 15, 48]": 2
          },
          "[:if, 3, 8, 6, 8, 36]": {
            "[:then, 4, 8, 6, 8, 20]": 0,
            "[:else, 5, 8, 6, 8, 36]": 1
          },
          "[:unless, 6, 25, 4, 25, 74]": {
            "[:else, 7, 25, 4, 25, 74]": 2,
            "[:then, 8, 25, 4, 25, 42]": 0
          },
          "[:\"&.\", 9, 29, 46, 29, 68]": {
            "[:then, 10, 29, 46, 29, 68]": 1,
            "[:else, 11, 29, 46, 29, 68]": 1
          },
          "[:if, 12, 29, 4, 29, 68]": {
            "[:then, 13, 29, 4, 29, 42]": 0,
            "[:else, 14, 29, 4, 29, 68]": 2
          },
          "[:if, 15, 31, 4, 31, 79]": {
            "[:then, 16, 31, 29, 31, 45]": 1,
            "[:else, 17, 31, 48, 31, 79]": 1
          }
        }
      },
      "D:/Users/Houssam/CUHK 2026/CUHK courses Term2/Software Engineering/SwenCode/cuhk_marketplace/app/controllers/conversations_controller.rb": {
        "lines": [
          1,
          1,
          1,
          1,
          null,
          1,
          7,
          null,
          null,
          1,
          0,
          null,
          null,
          1,
          null,
          4,
          null,
          4,
          2,
          2,
          null,
          null,
          2,
          0,
          0,
          null,
          null,
          2,
          0,
          0,
          null,
          null,
          2,
          2,
          1,
          1,
          null,
          null,
          null,
          1,
          1,
          null,
          1,
          1,
          null,
          0,
          null,
          null,
          null,
          1,
          null,
          1,
          null,
          7,
          null,
          null,
          null,
          null,
          null,
          7,
          14,
          null,
          0,
          null,
          null,
          null,
          null,
          7,
          7,
          7,
          null,
          null,
          1,
          0,
          null,
          null,
          1,
          0,
          null,
          0,
          null,
          null,
          1,
          7,
          null,
          7,
          null,
          null,
          null,
          null,
          null,
          null
        ],
        "branches": {
          "[:unless, 0, 18, 4, 21, 7]": {
            "[:else, 1, 18, 4, 21, 7]": 2,
            "[:then, 2, 19, 6, 20, 12]": 2
          },
          "[:if, 3, 23, 4, 26, 7]": {
            "[:then, 4, 24, 6, 25, 12]": 0,
            "[:else, 5, 23, 4, 26, 7]": 2
          },
          "[:if, 6, 28, 4, 31, 7]": {
            "[:then, 7, 29, 6, 30, 12]": 0,
            "[:else, 8, 28, 4, 31, 7]": 2
          },
          "[:if, 9, 34, 4, 37, 7]": {
            "[:then, 10, 35, 6, 36, 12]": 1,
            "[:else, 11, 34, 4, 37, 7]": 1
          },
          "[:if, 12, 43, 4, 47, 7]": {
            "[:then, 13, 44, 6, 44, 102]": 1,
            "[:else, 14, 46, 6, 46, 73]": 0
          },
          "[:if, 15, 60, 28, 64, 7]": {
            "[:then, 16, 61, 6, 61, 117]": 7,
            "[:else, 17, 63, 6, 63, 26]": 0
          },
          "[:if, 18, 68, 16, 68, 97]": {
            "[:then, 19, 68, 40, 68, 92]": 7,
            "[:else, 20, 68, 95, 68, 97]": 0
          },
          "[:if, 21, 78, 4, 78, 53]": {
            "[:then, 22, 78, 4, 78, 10]": 0,
            "[:else, 23, 78, 4, 78, 53]": 0
          },
          "[:unless, 24, 84, 4, 84, 39]": {
            "[:else, 25, 84, 4, 84, 39]": 7,
            "[:then, 26, 84, 4, 84, 10]": 0
          }
        }
      },
      "D:/Users/Houssam/CUHK 2026/CUHK courses Term2/Software Engineering/SwenCode/cuhk_marketplace/app/models/message.rb": {
        "lines": [
          1,
          1,
          1,
          1,
          1,
          null,
          1,
          1,
          null,
          1,
          null,
          null,
          15,
          1,
          null,
          1,
          2,
          2,
          null,
          2,
          null,
          null,
          1,
          7,
          null,
          null,
          1,
          82,
          null,
          null,
          1,
          182,
          131,
          51,
          0,
          null,
          null,
          null,
          1,
          29,
          null,
          null,
          1,
          84,
          null,
          null,
          1,
          14,
          null,
          null,
          14,
          14,
          null,
          0,
          null,
          null,
          14,
          null,
          0,
          null,
          null,
          1,
          null,
          1,
          14,
          null,
          14,
          28,
          null,
          null,
          null,
          null,
          null,
          null,
          null,
          null
        ],
        "branches": {
          "[:unless, 0, 18, 4, 18, 111]": {
            "[:else, 1, 18, 4, 18, 111]": 2,
            "[:then, 2, 18, 4, 18, 56]": 0
          },
          "[:if, 3, 32, 4, 36, 7]": {
            "[:then, 4, 33, 6, 33, 87]": 131,
            "[:else, 5, 34, 4, 35, 21]": 51
          },
          "[:if, 6, 34, 4, 35, 21]": {
            "[:then, 7, 35, 6, 35, 21]": 0,
            "[:else, 8, 34, 4, 35, 21]": 51
          },
          "[:unless, 9, 48, 4, 48, 38]": {
            "[:else, 10, 48, 4, 48, 38]": 14,
            "[:then, 11, 48, 4, 48, 10]": 0
          },
          "[:if, 12, 51, 6, 55, 9]": {
            "[:then, 13, 52, 8, 52, 90]": 14,
            "[:else, 14, 54, 8, 54, 57]": 0
          }
        }
      },
      "D:/Users/Houssam/CUHK 2026/CUHK courses Term2/Software Engineering/SwenCode/cuhk_marketplace/app/controllers/messages_controller.rb": {
        "lines": [
          1,
          1,
          1,
          1,
          null,
          1,
          1,
          1,
          null,
          1,
          0,
          0,
          0,
          null,
          null,
          1,
          1,
          2,
          null,
          null,
          null,
          null,
          1,
          null,
          1,
          2,
          null,
          null,
          1,
          2,
          null,
          1,
          null,
          null,
          1,
          1,
          null,
          null
        ],
        "branches": {
          "[:if, 0, 10, 4, 20, 7]": {
            "[:then, 1, 11, 6, 14, 9]": 0,
            "[:else, 2, 16, 6, 19, 9]": 1
          },
          "[:if, 3, 30, 4, 30, 53]": {
            "[:then, 4, 30, 4, 30, 10]": 1,
            "[:else, 5, 30, 4, 30, 53]": 1
          }
        }
      },
      "D:/Users/Houssam/CUHK 2026/CUHK courses Term2/Software Engineering/SwenCode/cuhk_marketplace/app/controllers/dashboards_controller.rb": {
        "lines": [
          1,
          1,
          null,
          1,
          2,
          2,
          null,
          null,
          null,
          2,
          2,
          null,
          null,
          1,
          0,
          0,
          null,
          null,
          1,
          1,
          null,
          1,
          1,
          null,
          0,
          null,
          null,
          null,
          null,
          null,
          1,
          null,
          null,
          null,
          null,
          null,
          null,
          null,
          null,
          null,
          null,
          null,
          null,
          null,
          null,
          null,
          null,
          1,
          null,
          1,
          2,
          2,
          5,
          2,
          2,
          2,
          2,
          2,
          2,
          2,
          null,
          null,
          1,
          null,
          1,
          1,
          null,
          null,
          1,
          2,
          2,
          2,
          null,
          null,
          1,
          2,
          null,
          2,
          1,
          0,
          null,
[...]
          },
          "[:unless, 33, 87, 4, 87, 127]": {
            "[:else, 34, 87, 4, 87, 127]": 0,
            "[:then, 35, 87, 4, 87, 90]": 0
          },
          "[:if, 36, 97, 6, 97, 51]": {
            "[:then, 37, 97, 6, 97, 34]": 0,
            "[:else, 38, 97, 6, 97, 51]": 0
          },
          "[:if, 39, 103, 4, 106, 7]": {
            "[:then, 40, 104, 6, 105, 12]": 0,
            "[:else, 41, 103, 4, 106, 7]": 0
          },
          "[:unless, 42, 120, 4, 120, 127]": {
            "[:else, 43, 120, 4, 120, 127]": 0,
            "[:then, 44, 120, 4, 120, 90]": 0
          },
          "[:unless, 45, 121, 4, 121, 129]": {
            "[:else, 46, 121, 4, 121, 129]": 0,
            "[:then, 47, 121, 4, 121, 106]": 0
          },
          "[:if, 48, 123, 4, 133, 7]": {
            "[:then, 49, 124, 6, 132, 59]": 0,
            "[:else, 50, 123, 4, 133, 7]": 0
          },
          "[:unless, 51, 137, 4, 137, 159]": {
            "[:else, 52, 137, 4, 137, 159]": 0,
            "[:then, 53, 137, 4, 137, 90]": 0
          },
          "[:if, 54, 147, 6, 147, 51]": {
            "[:then, 55, 147, 6, 147, 34]": 0,
            "[:else, 56, 147, 6, 147, 51]": 0
          },
          "[:if, 57, 150, 25, 150, 129]": {
            "[:then, 58, 150, 98, 150, 115]": 0,
            "[:else, 59, 150, 118, 150, 129]": 0
          },
          "[:if, 60, 154, 4, 157, 7]": {
            "[:then, 61, 155, 6, 156, 12]": 0,
            "[:else, 62, 154, 4, 157, 7]": 0
          },
          "[:if, 63, 159, 29, 159, 89]": {
            "[:then, 64, 159, 61, 159, 73]": 0,
            "[:else, 65, 159, 76, 159, 89]": 0
          },
          "[:unless, 66, 173, 4, 173, 127]": {
            "[:else, 67, 173, 4, 173, 127]": 2,
            "[:then, 68, 173, 4, 173, 90]": 0
          },
          "[:unless, 69, 177, 4, 180, 7]": {
            "[:else, 70, 177, 4, 180, 7]": 2,
            "[:then, 71, 178, 6, 179, 12]": 0
          },
          "[:if, 72, 190, 6, 190, 51]": {
            "[:then, 73, 190, 6, 190, 34]": 0,
            "[:else, 74, 190, 6, 190, 51]": 2
          },
          "[:unless, 75, 193, 6, 197, 9]": {
            "[:else, 76, 193, 6, 197, 9]": 1,
            "[:then, 77, 195, 8, 196, 36]": 1
          },
          "[:if, 78, 204, 4, 207, 7]": {
            "[:then, 79, 205, 6, 206, 12]": 1,
            "[:else, 80, 204, 4, 207, 7]": 1
          },
          "[:unless, 81, 221, 4, 224, 7]": {
            "[:else, 82, 221, 4, 224, 7]": 0,
            "[:then, 83, 222, 6, 223, 12]": 0
          },
          "[:if, 84, 267, 6, 271, 9]": {
            "[:then, 85, 268, 8, 268, 68]": 1,
            "[:else, 86, 270, 8, 270, 56]": 1
          },
          "[:if, 87, 279, 4, 279, 33]": {
            "[:then, 88, 279, 4, 279, 10]": 0,
            "[:else, 89, 279, 4, 279, 33]": 2
          },
          "[:unless, 90, 293, 4, 293, 72]": {
            "[:else, 91, 293, 4, 293, 72]": 0,
            "[:then, 92, 293, 4, 293, 50]": 0
          },
          "[:\"&.\", 93, 294, 114, 294, 135]": {
            "[:then, 94, 294, 114, 294, 135]": 0,
            "[:else, 95, 294, 114, 294, 135]": 0
          },
          "[:unless, 96, 294, 4, 294, 135]": {
            "[:else, 97, 294, 4, 294, 135]": 0,
            "[:then, 98, 294, 4, 294, 57]": 0
          },
          "[:if, 99, 295, 4, 295, 137]": {
            "[:then, 100, 295, 4, 295, 64]": 0,
            "[:else, 101, 295, 4, 295, 137]": 0
          },
          "[:unless, 102, 301, 4, 301, 80]": {
            "[:else, 103, 301, 4, 301, 80]": 0,
            "[:then, 104, 301, 4, 301, 57]": 0
          },
          "[:if, 105, 302, 4, 302, 90]": {
            "[:then, 106, 302, 4, 302, 48]": 0,
            "[:else, 107, 302, 4, 302, 90]": 0
          },
          "[:unless, 108, 308, 4, 308, 80]": {
            "[:else, 109, 308, 4, 308, 80]": 2,
            "[:then, 110, 308, 4, 308, 57]": 0
          },
          "[:if, 111, 309, 4, 309, 92]": {
            "[:then, 112, 309, 4, 309, 50]": 0,
            "[:else, 113, 309, 4, 309, 92]": 2
          }
        }
      },
      "D:/Users/Houssam/CUHK 2026/CUHK courses Term2/Software Engineering/SwenCode/cuhk_marketplace/app/controllers/dashboards_controller.rb": {
        "lines": [
          1,
          1,
          null,
          1,
          4,
          4,
          null,
          null,
          null,
          4,
          4,
          null,
          null,
          1,
          0,
          0,
          null,
          null,
          1,
          0,
          null,
          0,
          0,
          null,
          0,
          null,
          null,
          null,
          null,
          null,
          1,
          null,
          null,
          null,
          null,
          null,
          null,
          null,
          null,
          null,
          null,
          null,
          null,
          null,
          null,
          null,
          null,
          1,
          null,
          1,
          0,
          0,
          0,
          0,
          0,
          0,
          0,
          0,
          0,
          0,
          null,
          null,
          1,
          null,
          1,
          0,
          null,
          null,
          1,
          0,
          0,
          0,
          null,
          null,
          1,
          0,
          null,
          0,
          0,
          0,
          null,
          0,
          null,
          null,
          1,
          0,
          null,
          null,
          1,
          0,
          0,
          null,
          0,
          null,
          0,
          0,
          0,
          0,
          null,
          null,
          0,
          null,
          null,
          null,
          0,
          null,
          null,
          0,
          null,
          null,
          null,
          null,
          null,
          null,
          null,
          null,
          null,
          null,
          null,
          null,
          null,
          null,
          null,
          1,
          0,
          null,
          0,
          0,
          null,
          null,
          null,
          1,
          0,
          0,
          0,
          null,
          0,
          null,
          null,
          1,
          0,
          0,
          0,
          0,
          null,
          0,
          0,
          0,
          null,
          0,
          null,
          null,
          null,
          null,
          null,
          null,
          null,
          null,
          1,
          0,
          null,
          0,
          null,
          0,
          null,
          0,
          null,
          null,
          null,
          1,
          0,
          null,
          null,
          1,
          0,
          null,
          null,
          1,
          0,
          0,
          null,
          null,
          0,
          null,
          null,
          null,
          null,
          null,
          null,
          1,
          0,
          0,
          null,
          null,
          1,
          0,
          0,
          null,
          0,
          0,
          0,
          null,
          0,
          null,
          null,
          1,
          0,
          null,
          null,
          1,
          0,
          0,
          null,
          null
        ],
        "branches": {
          "[:if, 0, 22, 4, 26, 7]": {
            "[:then, 1, 23, 6, 23, 70]": 0,
            "[:else, 2, 25, 6, 25, 56]": 0
          },
          "[:if, 3, 78, 4, 78, 51]": {
            "[:then, 4, 78, 4, 78, 35]": 0,
            "[:else, 5, 78, 4, 78, 51]": 0
          },
          "[:if, 6, 79, 4, 79, 36]": {
            "[:then, 7, 79, 4, 79, 22]": 0,
            "[:else, 8, 79, 4, 79, 36]": 0
          },
          "[:if, 9, 80, 4, 80, 46]": {
            "[:then, 10, 80, 4, 80, 27]": 0,
            "[:else, 11, 80, 4, 80, 46]": 0
          },
          "[:if, 12, 86, 4, 86, 87]": {
            "[:then, 13, 86, 55, 86, 74]": 0,
            "[:else, 14, 86, 77, 86, 87]": 0
          },
          "[:if, 15, 93, 4, 93, 132]": {
            "[:then, 16, 93, 4, 93, 109]": 0,
            "[:else, 17, 93, 4, 93, 132]": 0
          },
          "[:if, 18, 134, 4, 134, 54]": {
            "[:then, 19, 134, 4, 134, 41]": 0,
            "[:else, 20, 134, 4, 134, 54]": 0
          },
          "[:if, 21, 143, 4, 143, 54]": {
            "[:then, 22, 143, 4, 143, 41]": 0,
            "[:else, 23, 143, 4, 143, 54]": 0
          },
          "[:case, 24, 160, 4, 167, 7]": {
            "[:when, 25, 162, 6, 162, 34]": 0,
            "[:when, 26, 164, 6, 164, 31]": 0,
            "[:else, 27, 166, 6, 166, 68]": 0
          }
        }
      },
      "D:/Users/Houssam/CUHK 2026/CUHK courses Term2/Software Engineering/SwenCode/cuhk_marketplace/app/controllers/favorites_controller.rb": {
        "lines": [
          1,
          1,
          1,
          null,
          1,
          1,
          0,
          0,
          null,
          null,
          1,
          1,
          null,
          null,
          1,
          0,
          0,
          null,
          null,
          1,
          null,
          1,
          1,
          null,
          null,
          1,
          1,
          1,
          2,
          null,
          null,
          null,
          1,
          0,
          null,
          0,
          0,
          null,
          null,
          null,
          null,
          0,
          null,
          null,
          0,
          null,
          null,
          null,
          null,
          null,
          null,
          0,
          null,
          null,
          0,
          null,
          null,
          null,
          null,
          null,
          null,
          null,
          null
        ],
        "branches": {
          "[:unless, 0, 6, 4, 9, 7]": {
            "[:else, 1, 6, 4, 9, 7]": 1,
            "[:then, 2, 7, 6, 8, 12]": 0
          },
          "[:if, 3, 36, 4, 61, 7]": {
            "[:then, 4, 37, 6, 50, 7]": 0,
            "[:else, 5, 52, 6, 60, 7]": 0
          }
        }
      },
      "D:/Users/Houssam/CUHK 2026/CUHK courses Term2/Software Engineering/SwenCode/cuhk_marketplace/app/controllers/search_controller.rb": {
        "lines": [
          1,
          1,
          1,
          1,
          1,
          1,
          1,
          null,
          1,
          null,
          1,
          null,
          1,
          1,
          1,
          null,
          1,
          1,
          null,
          1,
          1,
          1,
          null,
          1,
          1,
          null,
          1,
          1,
          1,
          1,
          1,
          null,
          1,
          1,
          1,
          null,
          null,
          1,
          1,
          null,
          0,
          null,
          null,
          null,
          1,
          null,
          1,
          1,
          null,
          0,
          null,
          0,
          null,
          0,
          null,
          1,
          null,
          null,
          null
        ],
        "branches": {
          "[:if, 0, 11, 4, 11, 88]": {
            "[:then, 1, 11, 4, 11, 57]": 0,
            "[:else, 2, 11, 4, 11, 88]": 1
          },
          "[:\"&.\", 3, 14, 24, 14, 50]": {
            "[:then, 4, 14, 24, 14, 50]": 1,
            "[:else, 5, 14, 24, 14, 50]": 0
          },
          "[:if, 6, 15, 4, 15, 70]": {
            "[:then, 7, 15, 4, 15, 30]": 0,
            "[:else, 8, 15, 4, 15, 70]": 1
          },
          "[:if, 9, 21, 20, 21, 112]": {
            "[:then, 10, 21, 83, 21, 106]": 0,
            "[:else, 11, 21, 109, 21, 112]": 1
          },
          "[:if, 12, 22, 20, 22, 112]": {
            "[:then, 13, 22, 83, 22, 106]": 0,
            "[:else, 14, 22, 109, 22, 112]": 1
          },
          "[:if, 15, 38, 6, 42, 9]": {
            "[:then, 16, 39, 8, 39, 62]": 1,
            "[:else, 17, 41, 8, 41, 35]": 0
          },
          "[:case, 18, 48, 4, 57, 7]": {
            "[:when, 19, 50, 6, 50, 35]": 0,
            "[:when, 20, 52, 6, 52, 49]": 0,
            "[:when, 21, 54, 6, 54, 50]": 0,
            "[:else, 22, 56, 6, 56, 36]": 1
          }
        }
      },
      "D:/Users/Houssam/CUHK 2026/CUHK courses Term2/Software Engineering/SwenCode/cuhk_marketplace/app/channels/application_cable/channel.rb": {
        "lines": [
          0,
          0,
          0,
          0
        ],
        "branches": {}
      },
      "D:/Users/Houssam/CUHK 2026/CUHK courses Term2/Software Engineering/SwenCode/cuhk_marketplace/app/channels/application_cable/connection.rb": {
        "lines": [
          0,
          0,
          0,
          null,
          0,
          0,
          0,
          null,
          0,
          null,
          0,
          null,
          0,
          0,
          0,
          0,
          0,
          0,
          0,
          0
        ],
        "branches": {}
      },
      "D:/Users/Houssam/CUHK 2026/CUHK courses Term2/Software Engineering/SwenCode/cuhk_marketplace/app/channels/notifications_channel.rb": {
        "lines": [
          0,
          0,
          null,
          0,
          0,
          null,
          0,
          null,
          0,
          0
        ],
        "branches": {}
      },
      "D:/Users/Houssam/CUHK 2026/CUHK courses Term2/Software Engineering/SwenCode/cuhk_marketplace/app/controllers/admin/item_reports_controller.rb": {
        "lines": [
          0,
          0,
          0,
          0,
          null,
          0,
          0,
          0,
          0,
          null,
          0,
          0,
          0,
          0,
          null,
          0,
          null,
          0,
          0,
          0,
          null,
          0,
          0,
          null,
          0,
          0,
          null,
          0,
          0,
          0,
          null,
          0,
          0,
          0
        ],
        "branches": {}
      },
      "D:/Users/Houssam/CUHK 2026/CUHK courses Term2/Software Engineering/SwenCode/cuhk_marketplace/app/controllers/api/locations_controller.rb": {
        "lines": [
          0,
          0,
          0,
          0,
          0,
          0,
          0,
          0,
          0,
          null,
          0,
          0,
          0,
          null,
          0,
          0,
          null,
          0,
          0,
          0,
          0,
          0,
          0,
          0,
          null,
          0,
          0,
          0,
          0,
          0,
          0,
          null,
          0,
          0,
          0,
          0,
          0,
          0,
          0,
          0,
          0,
          0,
          0,
          0
        ],
        "branches": {}
      },
      "D:/Users/Houssam/CUHK 2026/CUHK courses Term2/Software Engineering/SwenCode/cuhk_marketplace/app/controllers/currencies_controller.rb": {
        "lines": [
          0,
          0,
          0,
          null,
          0,
          0,
          0,
          0,
          0,
          null,
          0,
          0,
          0
        ],
        "branches": {}
      },
      "D:/Users/Houssam/CUHK 2026/CUHK courses Term2/Software Engineering/SwenCode/cuhk_marketplace/app/controllers/errors_controller.rb": {
        "lines": [
          0,
          0,
          0,
          null,
          0,
          0,
          0,
          0
        ],
        "branches": {}
      },
      "D:/Users/Houssam/CUHK 2026/CUHK courses Term2/Software Engineering/SwenCode/cuhk_marketplace/app/controllers/item_reports_controller.rb": {
        "lines": [
          0,
          0,
          null,
          0,
          0,
          null,
          0,
          0,
          0,
          0,
          null,
          0,
          0,
          0,
          0,
          null,
          0,
          null,
          0,
          0,
          0,
          0,
          0,
          0,
          null,
          0,
          null,
          0,
          0,
          0,
          0
        ],
        "branches": {}
      },
      "D:/Users/Houssam/CUHK 2026/CUHK courses Term2/Software Engineering/SwenCode/cuhk_marketplace/app/controllers/messages_controller.rb": {
        "lines": [
          0,
          0,
          0,
          0,
          null,
          0,
          0,
          0,
          null,
          0,
          0,
          0,
          0,
          0,
          0,
          0,
          0,
          0,
          0,
          0,
          0,
          null,
          0,
          null,
          0,
          0,
          0,
          null,
          0,
          0,
          null,
          0,
          0,
          null,
          0,
          0,
          0,
          0
        ],
        "branches": {}
      },
      "D:/Users/Houssam/CUHK 2026/CUHK courses Term2/Software Engineering/SwenCode/cuhk_marketplace/app/controllers/profiles_controller.rb": {
        "lines": [
          null,
          0,
          0
        ],
        "branches": {}
      },
      "D:/Users/Houssam/CUHK 2026/CUHK courses Term2/Software Engineering/SwenCode/cuhk_marketplace/app/controllers/users_controller.rb": {
        "lines": [
          0,
          0,
          0,
          0,
          null,
          0,
          0,
          0,
          null,
          0,
          0,
          0,
          0,
          0,
          0,
          0,
          0,
          null,
          0,
          null,
          0,
          0,
          0,
          0
        ],
        "branches": {}
      },
      "D:/Users/Houssam/CUHK 2026/CUHK courses Term2/Software Engineering/SwenCode/cuhk_marketplace/app/jobs/application_job.rb": {
        "lines": [
          0,
          null,
          null,
          null,
          null,
          null,
          0
        ],
        "branches": {}
      },
      "D:/Users/Houssam/CUHK 2026/CUHK courses Term2/Software Engineering/SwenCode/cuhk_marketplace/app/mailers/application_mailer.rb": {
        "lines": [
          0,
          0,
          0,
          0
        ],
        "branches": {}
      },
      "D:/Users/Houssam/CUHK 2026/CUHK courses Term2/Software Engineering/SwenCode/cuhk_marketplace/app/services/location_service.rb": {
        "lines": [
          0,
          0,
          0,
          null,
          0,
          0,
          0,
          0,
          0,
          0,
          0,
          0,
          0,
          0,
          0,
          null,
          0,
          0,
          0,
          0,
          0,
          null,
          0,
          0,
          null,
          null,
          0,
          0,
          null,
          0,
          0,
          null,
          0,
          0,
          0,
          0,
          0,
          null,
          0,
          0,
          null,
          0,
          0,
          0,
          null,
          0,
          0,
          null,
          0,
          0,
          0,
          null,
          0,
          0,
          null,
          0,
          0,
          0,
          0
        ],
        "branches": {}
      },
      "D:/Users/Houssam/CUHK 2026/CUHK courses Term2/Software Engineering/SwenCode/cuhk_marketplace/lib/sys/uname.rb": {
        "lines": [
          null,
          null,
          0,
          0,
          null,
          0,
          0,
          0,
          null,
          0,
          0,
          0,
          null,
          0,
          0,
          0,
          null,
          0,
          0,
          0,
          0,
          0,
          null,
          0,
          0,
          0,
          null,
          0,
          0,
          0,
          null,
          0,
          0,
          0,
          0,
          0
        ],
        "branches": {}
      }
    },
    "timestamp": 1776029340
  }
}
