{
  "RSpec": {
    "coverage": {
      "D:/Users/Houssam/CUHK 2026/CUHK courses Term2/Software Engineering/SwenCode/cuhk_marketplace/app/helpers/admin/dashboard_helper.rb": {
        "lines": [
          1,
          1,
          5,
          5,
          null,
          1,
          null,
          null,
          1,
          0,
          0,
          null,
          0,
          null,
          null,
          1,
          0,
          0,
          0,
          0,
          null,
          0,
          null,
          null,
          null
        ],
        "branches": {
          "[:if, 0, 3, 4, 3, 40]": {
            "[:then, 1, 3, 4, 3, 16]": 0,
            "[:else, 2, 3, 4, 3, 40]": 5
          },
          "[:if, 3, 4, 4, 4, 38]": {
            "[:then, 4, 4, 4, 4, 15]": 4,
            "[:else, 5, 4, 4, 4, 38]": 1
          },
          "[:if, 6, 10, 4, 10, 35]": {
            "[:then, 7, 10, 4, 10, 19]": 0,
            "[:else, 8, 10, 4, 10, 35]": 0
          },
          "[:if, 9, 11, 4, 11, 44]": {
            "[:then, 10, 11, 4, 11, 19]": 0,
            "[:else, 11, 11, 4, 11, 44]": 0
          },
          "[:if, 12, 17, 4, 23, 7]": {
            "[:then, 13, 18, 6, 18, 20]": 0,
            "[:else, 14, 19, 4, 22, 22]": 0
          },
          "[:if, 15, 19, 4, 22, 22]": {
            "[:then, 16, 20, 6, 20, 22]": 0,
            "[:else, 17, 22, 6, 22, 22]": 0
          }
        }
      },
      "D:/Users/Houssam/CUHK 2026/CUHK courses Term2/Software Engineering/SwenCode/cuhk_marketplace/app/helpers/application_helper.rb": {
        "lines": [
          1,
          null,
          1,
          null,
          null,
          null,
          null,
          null,
          null,
          null,
          null,
          null,
          null,
          1,
          86,
          null,
          84,
          84,
          null,
          null,
          null,
          null,
          null,
          null,
          1,
          14,
          14,
          14,
          14,
          14,
          null,
          14,
          null,
          11,
          null,
          0,
          null,
          0,
          null,
          1,
          null,
          0,
          null,
          0,
          null,
          0,
          null,
          1,
          null,
          1,
          null,
          0,
          null,
          null,
          null,
          1,
          259,
          null,
          null,
          1,
          40,
          40,
          null,
          40,
          null,
          null,
          1,
          105,
          13,
          null,
          null,
          92,
          null,
          null,
          1,
          84,
          null,
          84,
          null,
          1,
          null,
          5,
          null,
          2,
          null,
          3,
          null,
          0,
          null,
          null,
          5,
          null,
          5,
          2,
          null,
          3,
          null,
          null,
          null,
          1,
          53,
          16,
          null,
          null,
          37,
          3,
          null,
          3,
          null,
          null,
          34,
          8,
          null,
          null,
          26,
          null,
          null,
          1,
          42,
          42,
          null,
          10,
          null,
          null,
          1,
          42,
          null,
          33,
          null,
          null,
          1,
          42,
          null,
          null,
          1,
          5,
          0,
          0,
          null,
          null,
          5,
          1,
          null,
          null,
          4,
          null,
          null,
          1,
          5,
          null,
          null,
          1,
          5,
          0,
          0,
          null,
          null,
          5,
          null,
          4,
          null,
          null
        ],
        "branches": {
          "[:if, 0, 15, 4, 15, 32]": {
            "[:then, 1, 15, 4, 15, 13]": 2,
            "[:else, 2, 15, 4, 15, 32]": 84
          },
          "[:if, 3, 26, 4, 26, 75]": {
            "[:then, 4, 26, 4, 26, 35]": 10,
            "[:else, 5, 26, 4, 26, 75]": 4
          },
          "[:if, 6, 27, 4, 27, 73]": {
            "[:then, 7, 27, 4, 27, 34]": 2,
            "[:else, 8, 27, 4, 27, 73]": 12
          },
          "[:if, 9, 28, 4, 28, 81]": {
            "[:then, 10, 28, 4, 28, 36]": 2,
            "[:else, 11, 28, 4, 28, 81]": 12
          },
          "[:\"&.\", 12, 29, 52, 29, 64]": {
            "[:then, 13, 29, 52, 29, 64]": 10,
            "[:else, 14, 29, 52, 29, 64]": 2
          },
          "[:\"&.\", 15, 30, 16, 30, 27]": {
            "[:then, 16, 30, 16, 30, 27]": 10,
            "[:else, 17, 30, 16, 30, 27]": 4
          },
          "[:\"&.\", 18, 30, 16, 30, 34]": {
            "[:then, 19, 30, 16, 30, 34]": 10,
            "[:else, 20, 30, 16, 30, 34]": 4
          },
          "[:\"&.\", 21, 30, 38, 30, 50]": {
            "[:then, 22, 30, 38, 30, 50]": 2,
            "[:else, 23, 30, 38, 30, 50]": 2
          },
          "[:\"&.\", 24, 30, 38, 30, 57]": {
            "[:then, 25, 30, 38, 30, 57]": 2,
            "[:else, 26, 30, 38, 30, 57]": 2
          },
          "[:\"&.\", 27, 30, 61, 30, 72]": {
            "[:then, 28, 30, 61, 30, 72]": 2,
            "[:else, 29, 30, 61, 30, 72]": 0
          },
          "[:case, 30, 32, 4, 53, 7]": {
            "[:when, 31, 34, 6, 34, 122]": 11,
            "[:when, 32, 36, 6, 36, 124]": 0,
            "[:when, 33, 38, 6, 38, 129]": 0,
            "[:when, 34, 40, 6, 40, 62]": 1,
            "[:when, 35, 42, 6, 42, 134]": 0,
            "[:when, 36, 44, 6, 44, 95]": 0,
            "[:when, 37, 46, 6, 46, 87]": 0,
            "[:when, 38, 48, 6, 48, 85]": 1,
            "[:when, 39, 50, 6, 50, 80]": 1,
            "[:else, 40, 52, 6, 52, 66]": 0
          },
          "[:\"&.\", 41, 34, 79, 34, 91]": {
            "[:then, 42, 34, 79, 34, 91]": 9,
            "[:else, 43, 34, 79, 34, 91]": 2
          },
          "[:\"&.\", 44, 36, 81, 36, 93]": {
            "[:then, 45, 36, 81, 36, 93]": 0,
            "[:else, 46, 36, 81, 36, 93]": 0
          },
          "[:if, 47, 57, 4, 57, 51]": {
            "[:then, 48, 57, 34, 57, 43]": 51,
            "[:else, 49, 57, 46, 57, 51]": 208
          },
          "[:\"&.\", 50, 61, 11, 61, 32]": {
            "[:then, 51, 61, 11, 61, 32]": 40,
            "[:else, 52, 61, 11, 61, 32]": 0
          },
          "[:\"&.\", 53, 61, 11, 61, 38]": {
            "[:then, 54, 61, 11, 61, 38]": 40,
            "[:else, 55, 61, 11, 61, 38]": 0
          },
          "[:if, 56, 62, 4, 62, 38]": {
            "[:then, 57, 62, 4, 62, 23]": 0,
            "[:else, 58, 62, 4, 62, 38]": 40
          },
          "[:\"&.\", 59, 68, 7, 68, 27]": {
            "[:then, 60, 68, 7, 68, 27]": 90,
            "[:else, 61, 68, 7, 68, 27]": 15
          },
          "[:if, 62, 68, 4, 70, 7]": {
            "[:then, 63, 69, 6, 69, 102]": 13,
            "[:else, 64, 68, 4, 70, 7]": 92
          },
          "[:if, 65, 69, 13, 69, 102]": {
            "[:then, 66, 69, 50, 69, 97]": 0,
            "[:else, 67, 69, 100, 69, 102]": 13
          },
          "[:\"&.\", 68, 76, 66, 76, 86]": {
            "[:then, 69, 76, 66, 76, 86]": 81,
            "[:else, 70, 76, 66, 76, 86]": 3
          },
          "[:if, 71, 76, 4, 76, 86]": {
            "[:then, 72, 76, 4, 76, 62]": 0,
            "[:else, 73, 76, 4, 76, 86]": 84
          },
          "[:\"&.\", 74, 76, 11, 76, 45]": {
            "[:then, 75, 76, 11, 76, 45]": 0,
            "[:else, 76, 76, 11, 76, 45]": 0
          },
          "[:if, 77, 78, 4, 78, 78]": {
            "[:then, 78, 78, 44, 78, 69]": 39,
            "[:else, 79, 78, 72, 78, 78]": 45
          },
          "[:case, 80, 82, 6, 89, 9]": {
            "[:when, 81, 84, 8, 84, 107]": 2,
            "[:when, 82, 86, 8, 86, 82]": 3,
            "[:else, 83, 88, 8, 88, 10]": 0
          },
          "[:if, 84, 93, 4, 97, 7]": {
            "[:then, 85, 94, 6, 94, 31]": 2,
            "[:else, 86, 96, 6, 96, 30]": 3
          },
          "[:if, 87, 101, 4, 103, 7]": {
            "[:then, 88, 102, 6, 102, 51]": 16,
            "[:else, 89, 101, 4, 103, 7]": 37
          },
          "[:\"&.\", 90, 102, 36, 102, 50]": {
            "[:then, 91, 102, 36, 102, 50]": 14,
            "[:else, 92, 102, 36, 102, 50]": 2
          },
          "[:\"&.\", 93, 105, 7, 105, 27]": {
            "[:then, 94, 105, 7, 105, 27]": 27,
            "[:else, 95, 105, 7, 105, 27]": 10
          },
          "[:if, 96, 105, 4, 109, 7]": {
            "[:then, 97, 106, 6, 108, 21]": 3,
            "[:else, 98, 105, 4, 109, 7]": 34
          },
          "[:if, 99, 106, 6, 106, 106]": {
            "[:then, 100, 106, 6, 106, 65]": 0,
            "[:else, 101, 106, 6, 106, 106]": 3
          },
          "[:if, 102, 111, 4, 113, 7]": {
            "[:then, 103, 112, 6, 112, 21]": 8,
            "[:else, 104, 111, 4, 113, 7]": 26
          },
          "[:\"&.\", 105, 115, 27, 115, 48]": {
            "[:then, 106, 115, 27, 115, 48]": 19,
            "[:else, 107, 115, 27, 115, 48]": 7
          },
          "[:if, 108, 120, 4, 120, 59]": {
            "[:then, 109, 120, 4, 120, 15]": 32,
            "[:else, 110, 120, 4, 120, 59]": 10
          },
          "[:if, 111, 126, 4, 126, 28]": {
            "[:then, 112, 126, 4, 126, 10]": 9,
            "[:else, 113, 126, 4, 126, 28]": 33
          },
          "[:\"&.\", 114, 136, 7, 136, 27]": {
            "[:then, 115, 136, 7, 136, 27]": 3,
            "[:else, 116, 136, 7, 136, 27]": 2
          },
          "[:if, 117, 136, 4, 139, 7]": {
            "[:then, 118, 137, 6, 138, 88]": 0,
            "[:else, 119, 136, 4, 139, 7]": 5
          },
          "[:if, 120, 138, 6, 138, 88]": {
            "[:then, 121, 138, 6, 138, 68]": 0,
            "[:else, 122, 138, 6, 138, 88]": 0
          },
          "[:if, 123, 141, 4, 143, 7]": {
            "[:then, 124, 142, 6, 142, 81]": 1,
            "[:else, 125, 141, 4, 143, 7]": 4
          },
          "[:\"&.\", 126, 153, 7, 153, 27]": {
            "[:then, 127, 153, 7, 153, 27]": 3,
            "[:else, 128, 153, 7, 153, 27]": 2
          },
          "[:if, 129, 153, 4, 156, 7]": {
            "[:then, 130, 154, 6, 155, 71]": 0,
            "[:else, 131, 153, 4, 156, 7]": 5
          },
          "[:if, 132, 155, 6, 155, 71]": {
            "[:then, 133, 155, 6, 155, 51]": 0,
            "[:else, 134, 155, 6, 155, 71]": 0
          },
          "[:if, 135, 158, 4, 158, 119]": {
            "[:then, 136, 158, 4, 158, 36]": 1,
            "[:else, 137, 158, 4, 158, 119]": 4
          }
        }
      },
      "D:/Users/Houssam/CUHK 2026/CUHK courses Term2/Software Engineering/SwenCode/cuhk_marketplace/app/helpers/conversations_helper.rb": {
        "lines": [
          1,
          1,
          70,
          70,
          null,
          70,
          10,
          null,
          10,
          null,
          0,
          null,
          60,
          38,
          null,
          6,
          null,
          10,
          null,
          6,
          null,
          6,
          null,
          10,
          null,
          0,
          null,
          null,
          22,
          null,
          null,
          null,
          1,
          35,
          35,
          null,
          null,
          35,
          null,
          null,
          null,
          null,
          null,
          null,
          null,
          null,
          null
        ],
        "branches": {
          "[:if, 0, 4, 4, 4, 52]": {
            "[:then, 1, 4, 4, 4, 29]": 0,
            "[:else, 2, 4, 4, 4, 52]": 70
          },
          "[:if, 3, 6, 4, 30, 7]": {
            "[:then, 4, 7, 6, 12, 9]": 10,
            "[:else, 5, 13, 4, 29, 48]": 60
          },
          "[:case, 6, 7, 6, 12, 9]": {
            "[:when, 7, 9, 8, 9, 78]": 10,
            "[:when, 8, 11, 8, 11, 81]": 0,
            "[:else, 9, 7, 6, 12, 9]": 0
          },
          "[:if, 10, 13, 4, 29, 48]": {
            "[:then, 11, 14, 6, 27, 9]": 38,
            "[:else, 12, 29, 6, 29, 48]": 22
          },
          "[:case, 13, 14, 6, 27, 9]": {
            "[:when, 14, 16, 8, 16, 24]": 6,
            "[:when, 15, 18, 8, 18, 24]": 10,
            "[:when, 16, 20, 8, 20, 25]": 6,
            "[:when, 17, 22, 8, 22, 31]": 6,
            "[:when, 18, 24, 8, 24, 19]": 10,
            "[:else, 19, 26, 8, 26, 50]": 0
          },
          "[:\"&.\", 20, 38, 6, 38, 53]": {
            "[:then, 21, 38, 6, 38, 53]": 35,
            "[:else, 22, 38, 6, 38, 53]": 0
          },
          "[:\"&.\", 23, 40, 6, 40, 38]": {
            "[:then, 24, 40, 6, 40, 38]": 0,
            "[:else, 25, 40, 6, 40, 38]": 35
          },
          "[:\"&.\", 26, 42, 6, 42, 24]": {
            "[:then, 27, 42, 6, 42, 24]": 35,
            "[:else, 28, 42, 6, 42, 24]": 0
          },
          "[:\"&.\", 29, 42, 6, 42, 38]": {
            "[:then, 30, 42, 6, 42, 38]": 35,
            "[:else, 31, 42, 6, 42, 38]": 0
          }
        }
      },
      "D:/Users/Houssam/CUHK 2026/CUHK courses Term2/Software Engineering/SwenCode/cuhk_marketplace/app/helpers/items_helper.rb": {
        "lines": [
          1,
          1,
          24,
          null,
          20,
          20,
          null,
          18,
          null,
          null,
          1,
          25,
          null,
          null,
          1,
          58,
          null,
          null,
          1,
          9,
          null,
          9,
          null,
          null,
          1,
          9,
          null,
          9,
          null,
          9,
          null,
          0,
          0,
          null,
          0,
          0,
          null,
          0,
          0,
          null,
          0,
          0,
          null,
          0,
          0,
          null,
          0,
          0,
          null,
          null,
          null,
          1,
          null,
          0,
          null,
          null,
          null,
          null,
          null,
          1,
          23,
          23,
          null,
          null,
          1,
          null,
          1,
          0,
          0,
          0,
          0,
          null,
          null,
          null
        ],
        "branches": {
          "[:unless, 0, 3, 4, 3, 39]": {
            "[:else, 1, 3, 4, 3, 39]": 20,
            "[:then, 2, 3, 4, 3, 16]": 4
          },
          "[:if, 3, 6, 4, 6, 71]": {
            "[:then, 4, 6, 4, 6, 59]": 2,
            "[:else, 5, 6, 4, 6, 71]": 18
          },
          "[:if, 6, 20, 4, 20, 34]": {
            "[:then, 7, 20, 4, 20, 13]": 0,
            "[:else, 8, 20, 4, 20, 34]": 9
          },
          "[:case, 9, 28, 4, 49, 7]": {
            "[:when, 10, 30, 6, 30, 11]": 9,
            "[:when, 11, 32, 6, 33, 53]": 0,
            "[:when, 12, 35, 6, 36, 47]": 0,
            "[:when, 13, 38, 6, 39, 44]": 0,
            "[:when, 14, 41, 6, 42, 47]": 0,
            "[:when, 15, 44, 6, 45, 50]": 0,
            "[:else, 16, 47, 6, 48, 47]": 0
          },
          "[:\"&.\", 17, 54, 6, 54, 25]": {
            "[:then, 18, 54, 6, 54, 25]": 0,
            "[:else, 19, 54, 6, 54, 25]": 0
          },
          "[:\"&.\", 20, 55, 6, 55, 24]": {
            "[:then, 21, 55, 6, 55, 24]": 0,
            "[:else, 22, 55, 6, 55, 24]": 0
          },
          "[:case, 23, 68, 4, 72, 7]": {
            "[:when, 24, 69, 20, 69, 25]": 0,
            "[:when, 25, 70, 20, 70, 26]": 0,
            "[:else, 26, 71, 9, 71, 14]": 0
          }
        }
      },
      "D:/Users/Houssam/CUHK 2026/CUHK courses Term2/Software Engineering/SwenCode/cuhk_marketplace/app/helpers/messages_helper.rb": {
        "lines": [
          1,
          1,
          15,
          null,
          3,
          null,
          null,
          null,
          null,
          null,
          null,
          null,
          null,
          2,
          null,
          3,
          null,
          2,
          null,
          2,
          null,
          3,
          null,
          0,
          null,
          null,
          null
        ],
        "branches": {
          "[:case, 0, 3, 4, 25, 7]": {
            "[:when, 1, 5, 6, 12, 7]": 3,
            "[:when, 2, 14, 6, 14, 106]": 2,
            "[:when, 3, 16, 6, 16, 92]": 3,
            "[:when, 4, 18, 6, 18, 93]": 2,
            "[:when, 5, 20, 6, 20, 99]": 2,
            "[:when, 6, 22, 6, 22, 62]": 3,
            "[:else, 7, 24, 6, 24, 21]": 0
          }
        }
      },
      "D:/Users/Houssam/CUHK 2026/CUHK courses Term2/Software Engineering/SwenCode/cuhk_marketplace/app/helpers/notifications_helper.rb": {
        "lines": [
          1,
          1,
          null,
          4,
          null,
          null,
          null,
          4,
          1,
          null,
          null,
          null,
          null,
          null,
          4,
          null,
          null,
          1,
          null,
          14,
          14,
          null,
          null,
          null,
          1,
          0,
          0,
          0,
          null,
          0,
          null,
          null,
          1,
          0,
          null,
          null,
          1,
          6,
          null,
          null,
          null,
          null,
          1,
          5,
          null,
          null,
          1,
          0,
          null,
          null,
          1,
          5,
          5,
          5,
          null,
          5,
          null,
          5,
          null,
          0,
          null,
          0,
          null,
          0,
          null,
          0,
          null,
          0,
          null,
          0,
          null,
          0,
          null,
          null,
          null,
          1,
          10,
          null,
          10,
          null,
          0,
          null,
          0,
          null,
          0,
          null,
          0,
          null,
          null,
          null,
          1,
          10,
          10,
          0,
          0,
          0,
          0,
          0,
          0,
          null,
          null,
          null,
          1,
          5,
          null,
          0,
          null,
          0,
          null,
          5,
          null,
          null,
          null,
          1,
          1,
          null,
          1,
          null,
          0,
          null,
          0,
          null,
          null,
          null,
          1,
          2,
          2,
          null,
          2,
          null,
          2,
          null,
          0,
          null,
          null,
          null,
          1,
          0,
          null,
          0,
          0,
          null,
          null,
          null,
          null,
          1,
          0,
          null,
          0,
          null,
          0,
          null,
          null,
          null,
          1,
          6,
          null,
          6,
          null,
          null,
          5,
          null,
          1,
          null,
          0,
          null,
          0,
          null,
          null,
          null,
          1,
          1,
          null,
          null,
          1,
          17,
          null,
          null,
          1,
          5,
          null,
          null,
          1,
          6,
          6,
          null,
          6,
          null,
          null,
          null,
          null,
          null,
          1,
          6,
          6,
          null,
          6,
          null,
          null,
          null,
          null,
          null,
          1,
          6,
          4,
          3,
          null,
          null,
          null,
          null,
          1,
          null,
          15,
          6,
          null,
          9,
          null,
          null,
          15,
          null,
          null,
          1,
          0,
          null,
          0,
          null,
          0,
          null,
          null,
          null,
          null,
          null,
          null
        ],
        "branches": {
          "[:\"&.\", 0, 8, 7, 8, 27]": {
            "[:then, 1, 8, 7, 8, 27]": 4,
            "[:else, 2, 8, 7, 8, 27]": 0
          },
          "[:\"&.\", 3, 8, 31, 8, 59]": {
            "[:then, 4, 8, 31, 8, 59]": 3,
            "[:else, 5, 8, 31, 8, 59]": 0
          },
          "[:if, 6, 8, 4, 13, 7]": {
            "[:then, 7, 9, 6, 12, 7]": 1,
            "[:else, 8, 8, 4, 13, 7]": 3
          },
          "[:if, 9, 21, 19, 21, 47]": {
            "[:then, 10, 21, 38, 21, 41]": 6,
            "[:else, 11, 21, 44, 21, 47]": 8
          },
          "[:unless, 12, 28, 4, 28, 29]": {
            "[:else, 13, 28, 4, 28, 29]": 0,
            "[:then, 14, 28, 4, 28, 15]": 0
          },
          "[:case, 15, 56, 4, 73, 7]": {
            "[:when, 16, 58, 6, 58, 104]": 5,
            "[:when, 17, 60, 6, 60, 106]": 0,
            "[:when, 18, 62, 6, 62, 112]": 0,
            "[:when, 19, 64, 6, 64, 58]": 0,
            "[:when, 20, 66, 6, 66, 82]": 0,
            "[:when, 21, 68, 6, 68, 88]": 0,
            "[:when, 22, 70, 6, 70, 80]": 0,
            "[:else, 23, 72, 6, 72, 40]": 0
          },
          "[:case, 24, 77, 4, 88, 7]": {
            "[:when, 25, 79, 6, 79, 64]": 10,
            "[:when, 26, 81, 6, 81, 48]": 0,
            "[:when, 27, 83, 6, 83, 69]": 0,
            "[:when, 28, 85, 6, 85, 77]": 0,
            "[:when, 29, 87, 6, 87, 53]": 0,
            "[:else, 30, 77, 4, 88, 7]": 0
          },
          "[:case, 31, 92, 4, 100, 7]": {
            "[:when, 32, 93, 30, 93, 41]": 10,
            "[:when, 33, 94, 30, 94, 39]": 0,
            "[:when, 34, 95, 32, 95, 43]": 0,
            "[:when, 35, 96, 31, 96, 41]": 0,
            "[:when, 36, 97, 31, 97, 41]": 0,
            "[:when, 37, 98, 32, 98, 43]": 0,
            "[:when, 38, 99, 32, 99, 43]": 0,
            "[:else, 39, 92, 4, 100, 7]": 0
          },
          "[:case, 40, 104, 4, 111, 7]": {
            "[:when, 41, 106, 6, 106, 42]": 0,
            "[:when, 42, 108, 6, 108, 41]": 0,
            "[:else, 43, 110, 6, 110, 39]": 5
          },
          "[:case, 44, 115, 4, 122, 7]": {
            "[:when, 45, 117, 6, 117, 135]": 1,
            "[:when, 46, 119, 6, 119, 130]": 0,
            "[:else, 47, 121, 6, 121, 40]": 0
          },
          "[:if, 48, 126, 4, 126, 81]": {
            "[:then, 49, 126, 4, 126, 36]": 2,
            "[:else, 50, 126, 4, 126, 81]": 0
          },
          "[:if, 51, 127, 4, 127, 27]": {
            "[:then, 52, 127, 4, 127, 10]": 0,
            "[:else, 53, 127, 4, 127, 27]": 2
          },
          "[:case, 54, 129, 4, 134, 7]": {
            "[:when, 55, 131, 6, 131, 41]": 2,
            "[:when, 56, 133, 6, 133, 45]": 0,
            "[:else, 57, 129, 4, 134, 7]": 0
          },
          "[:if, 58, 138, 4, 138, 70]": {
            "[:then, 59, 138, 4, 138, 21]": 0,
            "[:else, 60, 138, 4, 138, 70]": 0
          },
          "[:if, 61, 140, 4, 140, 81]": {
            "[:then, 62, 140, 4, 140, 36]": 0,
            "[:else, 63, 140, 4, 140, 81]": 0
          },
          "[:\"&.\", 64, 141, 73, 141, 90]": {
            "[:then, 65, 141, 73, 141, 90]": 0,
            "[:else, 66, 141, 73, 141, 90]": 0
          },
          "[:if, 67, 141, 4, 141, 90]": {
            "[:then, 68, 141, 4, 141, 21]": 0,
            "[:else, 69, 141, 4, 141, 90]": 0
          },
          "[:case, 70, 147, 4, 152, 7]": {
            "[:when, 71, 149, 6, 149, 192]": 0,
            "[:else, 72, 151, 6, 151, 8]": 0
          },
          "[:if, 73, 156, 4, 156, 81]": {
            "[:then, 74, 156, 4, 156, 36]": 1,
            "[:else, 75, 156, 4, 156, 81]": 5
          },
          "[:case, 76, 158, 4, 168, 7]": {
            "[:when, 77, 161, 6, 161, 41]": 5,
            "[:when, 78, 163, 6, 163, 69]": 1,
            "[:when, 79, 165, 6, 165, 35]": 0,
            "[:else, 80, 167, 6, 167, 20]": 0
          },
          "[:\"&.\", 81, 163, 6, 163, 18]": {
            "[:then, 82, 163, 6, 163, 18]": 1,
            "[:else, 83, 163, 6, 163, 18]": 0
          },
          "[:if, 84, 163, 6, 163, 69]": {
            "[:then, 85, 163, 30, 163, 52]": 1,
            "[:else, 86, 163, 55, 163, 69]": 0
          },
          "[:if, 87, 185, 4, 185, 36]": {
            "[:then, 88, 185, 4, 185, 20]": 0,
            "[:else, 89, 185, 4, 185, 36]": 6
          },
          "[:if, 90, 195, 4, 195, 37]": {
            "[:then, 91, 195, 4, 195, 22]": 0,
            "[:else, 92, 195, 4, 195, 37]": 6
          },
          "[:if, 93, 204, 4, 204, 79]": {
            "[:then, 94, 204, 4, 204, 39]": 2,
            "[:else, 95, 204, 4, 204, 79]": 4
          },
          "[:if, 96, 205, 4, 205, 84]": {
            "[:then, 97, 205, 4, 205, 39]": 1,
            "[:else, 98, 205, 4, 205, 84]": 3
          },
          "[:if, 99, 206, 4, 206, 73]": {
            "[:then, 100, 206, 4, 206, 34]": 3,
            "[:else, 101, 206, 4, 206, 73]": 0
          },
          "[:if, 102, 213, 6, 217, 9]": {
            "[:then, 103, 214, 8, 214, 37]": 6,
            "[:else, 104, 216, 8, 216, 33]": 9
          },
          "[:case, 105, 223, 4, 231, 7]": {
            "[:when, 106, 225, 6, 225, 47]": 0,
            "[:else, 107, 227, 6, 230, 46]": 0
          }
        }
      },
      "D:/Users/Houssam/CUHK 2026/CUHK courses Term2/Software Engineering/SwenCode/cuhk_marketplace/app/helpers/offers_helper.rb": {
        "lines": [
          1,
          null
        ],
        "branches": {}
      },
      "D:/Users/Houssam/CUHK 2026/CUHK courses Term2/Software Engineering/SwenCode/cuhk_marketplace/app/helpers/search_helper.rb": {
        "lines": [
          1,
          null,
          1,
          null,
          null,
          null,
          null,
          null,
          1,
          3,
          null,
          null,
          1,
          3,
          3,
          null,
          3,
          0,
          0,
          0,
          null,
          null,
          3,
          null,
          null,
          1,
          40,
          40,
          40,
          null,
          null,
          1,
          5,
          null,
          null,
          1,
          3,
          2,
          2,
          null,
          0,
          1,
          1,
          1,
          null,
          0,
          null,
          0,
          0,
          null,
          0,
          null,
          null,
          null,
          1,
          3,
          2,
          1,
          null,
          1,
          null,
          1,
          1,
          null,
          0,
          null,
          null,
          null,
          1,
          null,
          1,
          null,
          null,
          null,
          null,
          null,
          null,
          1,
          3,
          null,
          null,
          1,
          6,
          null,
          null
        ],
        "branches": {
          "[:if, 0, 15, 4, 15, 76]": {
            "[:then, 1, 15, 4, 15, 46]": 2,
            "[:else, 2, 15, 4, 15, 76]": 1
          },
          "[:if, 3, 17, 4, 21, 7]": {
            "[:then, 4, 18, 6, 20, 35]": 0,
            "[:else, 5, 17, 4, 21, 7]": 3
          },
          "[:if, 6, 28, 4, 28, 97]": {
            "[:then, 7, 28, 4, 28, 31]": 3,
            "[:else, 8, 28, 4, 28, 97]": 37
          },
          "[:if, 9, 37, 4, 52, 7]": {
            "[:then, 10, 38, 6, 41, 49]": 2,
            "[:else, 11, 42, 4, 51, 49]": 1
          },
          "[:if, 12, 38, 6, 38, 63]": {
            "[:then, 13, 38, 6, 38, 41]": 0,
            "[:else, 14, 38, 6, 38, 63]": 2
          },
          "[:if, 15, 39, 6, 39, 62]": {
            "[:then, 16, 39, 6, 39, 41]": 2,
            "[:else, 17, 39, 6, 39, 62]": 0
          },
          "[:if, 18, 42, 4, 51, 49]": {
            "[:then, 19, 43, 6, 46, 63]": 1,
            "[:else, 20, 48, 6, 51, 49]": 0
          },
          "[:if, 21, 43, 6, 43, 77]": {
            "[:then, 22, 43, 6, 43, 55]": 0,
            "[:else, 23, 43, 6, 43, 77]": 1
          },
          "[:if, 24, 44, 6, 44, 76]": {
            "[:then, 25, 44, 6, 44, 55]": 1,
            "[:else, 26, 44, 6, 44, 76]": 0
          },
          "[:if, 27, 48, 6, 48, 57]": {
            "[:then, 28, 48, 6, 48, 35]": 0,
            "[:else, 29, 48, 6, 48, 57]": 0
          },
          "[:if, 30, 49, 6, 49, 63]": {
            "[:then, 31, 49, 6, 49, 42]": 0,
            "[:else, 32, 49, 6, 49, 63]": 0
          },
          "[:if, 33, 56, 4, 66, 7]": {
            "[:then, 34, 57, 6, 61, 9]": 2,
            "[:else, 35, 62, 4, 65, 53]": 1
          },
          "[:if, 36, 57, 6, 61, 9]": {
            "[:then, 37, 58, 8, 58, 90]": 1,
            "[:else, 38, 60, 8, 60, 72]": 1
          },
          "[:if, 39, 62, 4, 65, 53]": {
            "[:then, 40, 63, 6, 63, 64]": 1,
            "[:else, 41, 65, 6, 65, 53]": 0
          }
        }
      },
      "D:/Users/Houssam/CUHK 2026/CUHK courses Term2/Software Engineering/SwenCode/cuhk_marketplace/app/channels/application_cable/connection.rb": {
        "lines": [
          1,
          1,
          1,
          null,
          1,
          2,
          null,
          null,
          1,
          null,
          1,
          null,
          2,
          1,
          null,
          1,
          null,
          null,
          null,
          null
        ],
        "branches": {
          "[:if, 0, 13, 6, 17, 9]": {
            "[:then, 1, 14, 8, 14, 21]": 1,
            "[:else, 2, 16, 8, 16, 38]": 1
          }
        }
      },
      "D:/Users/Houssam/CUHK 2026/CUHK courses Term2/Software Engineering/SwenCode/cuhk_marketplace/app/channels/notifications_channel.rb": {
        "lines": [
          1,
          1,
          null,
          1,
          null,
          null,
          1,
          null,
          null,
          null
        ],
        "branches": {
          "[:if, 0, 4, 4, 4, 71]": {
            "[:then, 1, 4, 4, 4, 55]": 1,
            "[:else, 2, 4, 4, 4, 71]": 0
          }
        }
      },
      "D:/Users/Houssam/CUHK 2026/CUHK courses Term2/Software Engineering/SwenCode/cuhk_marketplace/app/channels/application_cable/channel.rb": {
        "lines": [
          1,
          1,
          null,
          null
        ],
        "branches": {}
      },
      "D:/Users/Houssam/CUHK 2026/CUHK courses Term2/Software Engineering/SwenCode/cuhk_marketplace/app/models/college.rb": {
        "lines": [
          1,
          1,
          1,
          null,
          1,
          null,
          1,
          1,
          null,
          1,
          null,
          1,
          135,
          135,
          null,
          1,
          null,
          null
        ],
        "branches": {
          "[:unless, 0, 13, 4, 13, 39]": {
            "[:else, 1, 13, 4, 13, 39]": 135,
            "[:then, 2, 13, 4, 13, 10]": 0
          },
          "[:if, 3, 14, 4, 14, 49]": {
            "[:then, 4, 14, 4, 14, 10]": 134,
            "[:else, 5, 14, 4, 14, 49]": 1
          }
        }
      },
      "D:/Users/Houssam/CUHK 2026/CUHK courses Term2/Software Engineering/SwenCode/cuhk_marketplace/app/models/application_record.rb": {
        "lines": [
          1,
          1,
          null
        ],
        "branches": {}
      },
      "D:/Users/Houssam/CUHK 2026/CUHK courses Term2/Software Engineering/SwenCode/cuhk_marketplace/app/models/conversation.rb": {
        "lines": [
          1,
          1,
          1,
          1,
          null,
          1,
          null,
          1,
          null,
          1,
          42,
          null,
          null,
          null,
          null,
          null,
          1,
          4,
          null,
          null,
          1,
          2,
          null,
          null,
          1,
          78,
          null,
          null,
          1,
          140,
          140,
          null,
          0,
          null,
          null,
          null,
          1,
          14,
          null,
          null
        ],
        "branches": {
          "[:\"&.\", 0, 22, 27, 22, 41]": {
            "[:then, 1, 22, 27, 22, 41]": 1,
            "[:else, 2, 22, 27, 22, 41]": 0
          },
          "[:\"&.\", 3, 22, 46, 22, 61]": {
            "[:then, 4, 22, 46, 22, 61]": 1,
            "[:else, 5, 22, 46, 22, 61]": 0
          },
          "[:\"&.\", 6, 26, 4, 26, 12]": {
            "[:then, 7, 26, 4, 26, 12]": 78,
            "[:else, 8, 26, 4, 26, 12]": 0
          },
          "[:if, 9, 26, 4, 26, 41]": {
            "[:then, 10, 26, 27, 26, 33]": 38,
            "[:else, 11, 26, 36, 26, 41]": 40
          },
          "[:if, 12, 30, 4, 34, 7]": {
            "[:then, 13, 31, 6, 31, 35]": 140,
            "[:else, 14, 33, 6, 33, 45]": 0
          }
        }
      },
      "D:/Users/Houssam/CUHK 2026/CUHK courses Term2/Software Engineering/SwenCode/cuhk_marketplace/app/models/item_report.rb": {
        "lines": [
          1,
          1,
          null,
          1,
          1,
          1,
          null,
          1,
          null,
          1,
          null,
          1,
          1,
          null,
          7,
          null,
          1,
          null,
          1,
          0,
          null,
          null,
          1,
          5,
          null,
          5,
          null,
          0,
          null,
          0,
          null,
          null,
          null,
          1,
          3,
          3,
          3,
          null,
          2,
          null,
          2,
          2,
          null,
          null,
          null,
          null,
          null,
          2,
          null,
          null,
          null,
          2,
          5,
          null,
          null,
          null,
          null,
          null,
          null,
          null,
          null,
          null,
          1,
          null,
          1,
          8,
          19,
          null,
          null,
          null,
          null,
          null,
          null,
          null,
          null,
          1,
          8,
          null,
          null,
          1,
          11,
          null,
          1,
          null,
          null,
          1,
          9,
          9,
          null,
          0,
          null,
          null
        ],
        "branches": {
          "[:case, 0, 24, 4, 31, 7]": {
            "[:when, 1, 26, 6, 26, 22]": 5,
            "[:when, 2, 28, 6, 28, 37]": 0,
            "[:else, 3, 30, 6, 30, 22]": 0
          },
          "[:unless, 4, 36, 4, 36, 99]": {
            "[:else, 5, 36, 4, 36, 99]": 3,
            "[:then, 6, 36, 4, 36, 49]": 0
          },
          "[:if, 7, 37, 4, 37, 101]": {
            "[:then, 8, 37, 4, 37, 68]": 1,
            "[:else, 9, 37, 4, 37, 101]": 2
          },
          "[:\"&.\", 10, 81, 57, 81, 70]": {
            "[:then, 11, 81, 57, 81, 70]": 11,
            "[:else, 12, 81, 57, 81, 70]": 0
          },
          "[:unless, 13, 81, 4, 81, 70]": {
            "[:else, 14, 81, 4, 81, 70]": 1,
            "[:then, 15, 81, 4, 81, 10]": 10
          },
          "[:if, 16, 87, 4, 87, 25]": {
            "[:then, 17, 87, 4, 87, 10]": 0,
            "[:else, 18, 87, 4, 87, 25]": 9
          },
          "[:\"&.\", 19, 88, 35, 88, 53]": {
            "[:then, 20, 88, 35, 88, 53]": 9,
            "[:else, 21, 88, 35, 88, 53]": 0
          },
          "[:unless, 22, 88, 4, 88, 53]": {
            "[:else, 23, 88, 4, 88, 53]": 0,
            "[:then, 24, 88, 4, 88, 10]": 9
          }
        }
      },
      "D:/Users/Houssam/CUHK 2026/CUHK courses Term2/Software Engineering/SwenCode/cuhk_marketplace/app/models/item.rb": {
        "lines": [
          1,
          1,
          1,
          null,
          1,
          1,
          1,
          1,
          1,
          1,
          1,
          1,
          1,
          null,
          1,
          null,
          1,
          1,
          1,
          null,
          null,
          null,
          null,
          32,
          null,
          1,
          null,
          1,
          1,
          null,
          null,
          null,
          null,
          null,
          null,
          null,
          null,
          null,
          null,
          null,
          null,
          null,
          null,
          null,
          null,
          null,
          null,
          null,
          1,
          21,
          null,
          null,
          1,
          2,
          null,
          0,
          null,
          null,
          1,
          3,
          3,
          null,
          3,
          null,
          null,
          null,
          null,
          null,
          1,
          2,
          2,
          null,
          2,
          null,
          null,
          null,
          null,
          null,
          1,
          0,
          0,
          0,
          null,
          null,
          null,
          1,
          81,
          null,
          null,
          1,
          75,
          null,
          null,
          1,
          11,
          null,
          null,
          8,
          8,
          null,
          null,
          null,
          1,
          6,
          null,
          null,
          1,
          38,
          30,
          27,
          24,
          null,
          23,
          22,
          null,
          19,
          null,
          null,
          1,
          8,
          6,
          5,
          4,
          null,
          3,
          null,
          null
        ],
        "branches": {
          "[:unless, 0, 54, 4, 54, 65]": {
            "[:else, 1, 54, 4, 54, 65]": 0,
            "[:then, 2, 54, 4, 54, 35]": 2
          },
          "[:unless, 3, 60, 4, 60, 52]": {
            "[:else, 4, 60, 4, 60, 52]": 3,
            "[:then, 5, 60, 4, 60, 14]": 0
          },
          "[:unless, 6, 61, 4, 61, 64]": {
            "[:else, 7, 61, 4, 61, 64]": 3,
            "[:then, 8, 61, 4, 61, 14]": 0
          },
          "[:unless, 9, 70, 4, 70, 52]": {
            "[:else, 10, 70, 4, 70, 52]": 2,
            "[:then, 11, 70, 4, 70, 14]": 0
          },
          "[:unless, 12, 71, 4, 71, 64]": {
            "[:else, 13, 71, 4, 71, 64]": 2,
            "[:then, 14, 71, 4, 71, 14]": 0
          },
          "[:if, 15, 95, 4, 95, 75]": {
            "[:then, 16, 95, 4, 95, 36]": 3,
            "[:else, 17, 95, 4, 95, 75]": 8
          },
          "[:if, 18, 98, 6, 100, 9]": {
            "[:then, 19, 99, 8, 99, 71]": 8,
            "[:else, 20, 98, 6, 100, 9]": 0
          },
          "[:\"&.\", 21, 104, 4, 104, 35]": {
            "[:then, 22, 104, 4, 104, 35]": 6,
            "[:else, 23, 104, 4, 104, 35]": 0
          },
          "[:if, 24, 108, 4, 108, 69]": {
            "[:then, 25, 108, 4, 108, 40]": 8,
            "[:else, 26, 108, 4, 108, 69]": 30
          },
          "[:if, 27, 109, 4, 109, 33]": {
            "[:then, 28, 109, 4, 109, 15]": 3,
            "[:else, 29, 109, 4, 109, 33]": 27
          },
          "[:\"&.\", 30, 110, 19, 110, 33]": {
            "[:then, 31, 110, 19, 110, 33]": 24,
            "[:else, 32, 110, 19, 110, 33]": 3
          },
          "[:if, 33, 110, 4, 110, 33]": {
            "[:then, 34, 110, 4, 110, 15]": 3,
            "[:else, 35, 110, 4, 110, 33]": 24
          },
          "[:\"&.\", 36, 111, 19, 111, 41]": {
            "[:then, 37, 111, 19, 111, 41]": 21,
            "[:else, 38, 111, 19, 111, 41]": 3
          },
          "[:if, 39, 111, 4, 111, 76]": {
            "[:then, 40, 111, 4, 111, 15]": 1,
            "[:else, 41, 111, 4, 111, 76]": 23
          },
          "[:\"&.\", 42, 113, 32, 113, 45]": {
            "[:then, 43, 113, 32, 113, 45]": 22,
            "[:else, 44, 113, 32, 113, 45]": 0
          },
          "[:if, 45, 113, 4, 113, 45]": {
            "[:then, 46, 113, 4, 113, 16]": 1,
            "[:else, 47, 113, 4, 113, 45]": 22
          },
          "[:if, 48, 114, 4, 114, 66]": {
            "[:then, 49, 114, 4, 114, 21]": 3,
            "[:else, 50, 114, 4, 114, 66]": 19
          },
          "[:if, 51, 120, 4, 120, 33]": {
            "[:then, 52, 120, 4, 120, 15]": 2,
            "[:else, 53, 120, 4, 120, 33]": 6
          },
          "[:if, 54, 121, 4, 121, 55]": {
            "[:then, 55, 121, 4, 121, 15]": 1,
            "[:else, 56, 121, 4, 121, 55]": 5
          },
          "[:\"&.\", 57, 122, 19, 122, 33]": {
            "[:then, 58, 122, 19, 122, 33]": 5,
            "[:else, 59, 122, 19, 122, 33]": 0
          },
          "[:if, 60, 122, 4, 122, 33]": {
            "[:then, 61, 122, 4, 122, 15]": 1,
            "[:else, 62, 122, 4, 122, 33]": 4
          },
          "[:\"&.\", 63, 123, 19, 123, 41]": {
            "[:then, 64, 123, 19, 123, 41]": 4,
            "[:else, 65, 123, 19, 123, 41]": 0
          },
          "[:if, 66, 123, 4, 123, 76]": {
            "[:then, 67, 123, 4, 123, 15]": 1,
            "[:else, 68, 123, 4, 123, 76]": 3
          }
        }
      },
      "D:/Users/Houssam/CUHK 2026/CUHK courses Term2/Software Engineering/SwenCode/cuhk_marketplace/app/models/notification.rb": {
        "lines": [
          1,
          1,
          1,
          1,
          null,
          94,
          null,
          1,
          null,
          1,
          null,
          1,
          82,
          null,
          null,
          null,
          null,
          null,
          1,
          null,
          82,
          null,
          null,
          null,
          null,
          null,
          null,
          null,
          1,
          190,
          null,
          null,
          1,
          10,
          null,
          null,
          1,
          82,
          null,
          null,
          1,
          84,
          null,
          null,
          1,
          114,
          null,
          null,
          1,
          82,
          null,
          0,
          null,
          2,
          null,
          1,
          null,
          3,
          null,
          2,
          null,
          19,
          null,
          5,
          null,
          null,
          null,
          null,
          null,
          1,
          19,
          19,
          null,
          19,
          null,
          null
        ],
        "branches": {
          "[:if, 0, 30, 4, 30, 41]": {
            "[:then, 1, 30, 4, 30, 14]": 107,
            "[:else, 2, 30, 4, 30, 41]": 83
          },
          "[:if, 3, 34, 4, 34, 40]": {
            "[:then, 4, 34, 4, 34, 14]": 10,
            "[:else, 5, 34, 4, 34, 40]": 0
          },
          "[:if, 6, 38, 4, 38, 46]": {
            "[:then, 7, 38, 4, 38, 14]": 72,
            "[:else, 8, 38, 4, 38, 46]": 10
          },
          "[:\"&.\", 9, 42, 18, 42, 37]": {
            "[:then, 10, 42, 18, 42, 37]": 51,
            "[:else, 11, 42, 18, 42, 37]": 25
          },
          "[:\"&.\", 12, 46, 4, 46, 22]": {
            "[:then, 13, 46, 4, 46, 22]": 56,
            "[:else, 14, 46, 4, 46, 22]": 58
          },
          "[:\"&.\", 15, 46, 4, 46, 29]": {
            "[:then, 16, 46, 4, 46, 29]": 56,
            "[:else, 17, 46, 4, 46, 29]": 58
          },
          "[:\"&.\", 18, 46, 33, 46, 57]": {
            "[:then, 19, 46, 33, 46, 57]": 48,
            "[:else, 20, 46, 33, 46, 57]": 10
          },
          "[:\"&.\", 21, 46, 33, 46, 64]": {
            "[:then, 22, 46, 33, 46, 64]": 48,
            "[:else, 23, 46, 33, 46, 64]": 10
          },
          "[:\"&.\", 24, 46, 68, 46, 86]": {
            "[:then, 25, 46, 68, 46, 86]": 10,
            "[:else, 26, 46, 68, 46, 86]": 0
          },
          "[:case, 27, 50, 4, 67, 7]": {
            "[:when, 28, 52, 6, 52, 93]": 0,
            "[:when, 29, 54, 6, 54, 66]": 2,
            "[:when, 30, 56, 6, 56, 73]": 1,
            "[:when, 31, 58, 6, 58, 73]": 3,
            "[:when, 32, 60, 6, 60, 104]": 2,
            "[:when, 33, 62, 6, 62, 70]": 19,
            "[:when, 34, 64, 6, 64, 124]": 5,
            "[:else, 35, 50, 4, 67, 7]": 50
          },
          "[:\"&.\", 36, 64, 69, 64, 107]": {
            "[:then, 37, 64, 69, 64, 107]": 5,
            "[:else, 38, 64, 69, 64, 107]": 0
          },
          "[:\"&.\", 39, 71, 11, 71, 38]": {
            "[:then, 40, 71, 11, 71, 38]": 19,
            "[:else, 41, 71, 11, 71, 38]": 0
          },
          "[:if, 42, 72, 4, 72, 48]": {
            "[:then, 43, 72, 4, 72, 33]": 0,
            "[:else, 44, 72, 4, 72, 48]": 19
          },
          "[:if, 45, 74, 4, 74, 52]": {
            "[:then, 46, 74, 23, 74, 45]": 0,
            "[:else, 47, 74, 48, 74, 52]": 19
          }
        }
      },
      "D:/Users/Houssam/CUHK 2026/CUHK courses Term2/Software Engineering/SwenCode/cuhk_marketplace/app/models/offer.rb": {
        "lines": [
          1,
          1,
          1,
          1,
          1,
          null,
          1,
          null,
          1,
          null,
          1,
          1,
          null,
          1,
          1,
          null,
          1,
          null,
          1,
          null,
          1,
          1,
          null,
          null,
          null,
          0,
          null,
          null,
          1,
          2,
          null,
          null,
          1,
          null,
          1,
          44,
          null,
          1,
          null,
          null,
          1,
          38,
          38,
          null,
          0,
          null,
          null,
          1,
          36,
          null,
          null,
          1,
          36,
          null,
          36,
          null,
          null,
          null,
          null,
          null,
          null,
          null
        ],
        "branches": {
          "[:\"&.\", 0, 25, 7, 25, 22]": {
            "[:then, 1, 25, 7, 25, 22]": 0,
            "[:else, 2, 25, 7, 25, 22]": 0
          },
          "[:unless, 3, 36, 4, 36, 60]": {
            "[:else, 4, 36, 4, 36, 60]": 1,
            "[:then, 5, 36, 4, 36, 10]": 43
          },
          "[:if, 6, 42, 4, 42, 25]": {
            "[:then, 7, 42, 4, 42, 10]": 0,
            "[:else, 8, 42, 4, 42, 25]": 38
          },
          "[:\"&.\", 9, 43, 63, 43, 78]": {
            "[:then, 10, 43, 63, 43, 78]": 38,
            "[:else, 11, 43, 63, 43, 78]": 0
          },
          "[:if, 12, 43, 4, 43, 78]": {
            "[:then, 13, 43, 4, 43, 10]": 38,
            "[:else, 14, 43, 4, 43, 78]": 0
          },
          "[:if, 15, 53, 4, 53, 29]": {
            "[:then, 16, 53, 4, 53, 10]": 0,
            "[:else, 17, 53, 4, 53, 29]": 36
          }
        }
      },
      "D:/Users/Houssam/CUHK 2026/CUHK courses Term2/Software Engineering/SwenCode/cuhk_marketplace/app/models/user.rb": {
        "lines": [
          1,
          1,
          null,
          1,
          null,
          1,
          1,
          1,
          1,
          1,
          1,
          1,
          1,
          1,
          1,
          1,
          1,
          null,
          1,
          null,
          32,
          1,
          null,
          1,
          321,
          null,
          null,
          1,
          4,
          null,
          null,
          1,
          2,
          null,
          null,
          1,
          113,
          null,
          null,
          1,
          2,
          null,
          null,
          1,
          346,
          null,
          null,
          1,
          25,
          null,
          null,
          1,
          2,
          1,
          null,
          null,
          1,
          2,
          2,
          1,
          1,
          1,
          1,
          null,
          null,
          null,
          1,
          3,
          2,
          null,
          null
        ],
        "branches": {
          "[:if, 0, 41, 4, 41, 29]": {
            "[:then, 1, 41, 14, 41, 21]": 2,
            "[:else, 2, 41, 24, 41, 29]": 0
          },
          "[:unless, 3, 53, 4, 53, 62]": {
            "[:else, 4, 53, 4, 53, 62]": 1,
            "[:then, 5, 53, 4, 53, 29]": 1
          },
          "[:if, 6, 59, 4, 64, 7]": {
            "[:then, 7, 60, 6, 63, 10]": 1,
            "[:else, 8, 59, 4, 64, 7]": 1
          },
          "[:unless, 9, 68, 4, 68, 35]": {
            "[:else, 10, 68, 4, 68, 35]": 2,
            "[:then, 11, 68, 4, 68, 14]": 1
          }
        }
      },
      "D:/Users/Houssam/CUHK 2026/CUHK courses Term2/Software Engineering/SwenCode/cuhk_marketplace/app/models/currency.rb": {
        "lines": [
          1,
          1,
          1,
          null,
          1,
          null,
          1,
          0,
          null,
          null,
          1,
          174,
          null,
          null,
          1,
          105,
          105,
          null,
          0,
          null,
          null,
          1,
          19,
          19,
          null,
          0,
          null,
          null
        ],
        "branches": {
          "[:if, 0, 17, 4, 17, 63]": {
            "[:then, 1, 17, 4, 17, 30]": 105,
            "[:else, 2, 17, 4, 17, 63]": 0
          },
          "[:if, 3, 24, 4, 24, 56]": {
            "[:then, 4, 24, 4, 24, 26]": 19,
            "[:else, 5, 24, 4, 24, 56]": 0
          }
        }
      },
      "D:/Users/Houssam/CUHK 2026/CUHK courses Term2/Software Engineering/SwenCode/cuhk_marketplace/app/models/category.rb": {
        "lines": [
          1,
          1,
          1,
          null,
          1,
          9,
          null,
          67,
          null,
          null
        ],
        "branches": {
          "[:unless, 0, 6, 4, 6, 36]": {
            "[:else, 1, 6, 4, 6, 36]": 9,
            "[:then, 2, 6, 4, 6, 15]": 0
          },
          "[:if, 3, 8, 31, 8, 63]": {
            "[:then, 4, 8, 58, 8, 59]": 9,
            "[:else, 5, 8, 62, 8, 63]": 49
          }
        }
      },
      "D:/Users/Houssam/CUHK 2026/CUHK courses Term2/Software Engineering/SwenCode/cuhk_marketplace/app/services/location_service.rb": {
        "lines": [
          1,
          1,
          1,
          null,
          null,
          1,
          null,
          null,
          null,
          null,
          null,
          null,
          null,
          null,
          null,
          null,
          1,
          4,
          4,
          null,
          null,
          null,
          1,
          14,
          null,
          null,
          14,
          14,
          null,
          14,
          14,
          null,
          14,
          null,
          null,
          null,
          14,
          null,
          14,
          null,
          null,
          1,
          2,
          2,
          null,
          2,
          null,
          null,
          1,
          1,
          1,
          null,
          1,
          null,
          null,
          1,
          0,
          null,
          null
        ],
        "branches": {
          "[:if, 0, 19, 4, 19, 90]": {
            "[:then, 1, 19, 4, 19, 78]": 2,
            "[:else, 2, 19, 4, 19, 90]": 2
          },
          "[:if, 3, 24, 4, 24, 64]": {
            "[:then, 4, 24, 4, 24, 12]": 0,
            "[:else, 5, 24, 4, 24, 64]": 14
          },
          "[:if, 6, 44, 4, 44, 37]": {
            "[:then, 7, 44, 4, 44, 12]": 0,
            "[:else, 8, 44, 4, 44, 37]": 2
          },
          "[:if, 9, 50, 4, 50, 34]": {
            "[:then, 10, 50, 4, 50, 14]": 0,
            "[:else, 11, 50, 4, 50, 34]": 1
          },
          "[:if, 12, 51, 4, 51, 33]": {
            "[:then, 13, 51, 4, 51, 12]": 0,
            "[:else, 14, 51, 4, 51, 33]": 1
          }
        }
      },
      "D:/Users/Houssam/CUHK 2026/CUHK courses Term2/Software Engineering/SwenCode/cuhk_marketplace/app/controllers/admin/dashboard_controller.rb": {
        "lines": [
          1,
          1,
          3,
          2,
          2,
          2,
          2,
          2,
          1,
          1,
          1,
          1,
          null,
          1,
          null,
          null,
          3,
          3,
          3,
          null,
          null,
          1,
          4,
          null,
          4,
          1,
          1,
          null,
          null,
          3,
          null,
          3,
          null,
          3,
          null,
          null,
          null,
          null,
          null,
          null,
          null,
          null,
          3,
          null,
          2,
          null,
          1,
          null,
          null,
          null
        ],
        "branches": {
          "[:if, 0, 3, 4, 15, 7]": {
            "[:then, 1, 4, 6, 8, 63]": 2,
            "[:else, 2, 9, 4, 14, 87]": 1
          },
          "[:if, 3, 9, 4, 14, 87]": {
            "[:then, 4, 10, 6, 14, 87]": 1,
            "[:else, 5, 9, 4, 14, 87]": 0
          },
          "[:if, 6, 25, 4, 28, 7]": {
            "[:then, 7, 26, 6, 27, 12]": 1,
            "[:else, 8, 25, 4, 28, 7]": 3
          },
          "[:if, 9, 30, 26, 30, 108]": {
            "[:then, 10, 30, 56, 30, 79]": 1,
            "[:else, 11, 30, 82, 30, 108]": 2
          },
          "[:if, 12, 43, 4, 48, 7]": {
            "[:then, 13, 45, 6, 45, 134]": 2,
            "[:else, 14, 47, 6, 47, 111]": 1
          }
        }
      },
      "D:/Users/Houssam/CUHK 2026/CUHK courses Term2/Software Engineering/SwenCode/cuhk_marketplace/app/controllers/admin/base_controller.rb": {
        "lines": [
          1,
          1,
          1,
          1,
          null,
          1,
          null,
          1,
          15,
          1,
          null,
          null,
          null,
          1,
          14,
          0,
          null,
          null,
          null
        ],
        "branches": {
          "[:unless, 0, 9, 4, 11, 7]": {
            "[:else, 1, 9, 4, 11, 7]": 14,
            "[:then, 2, 10, 6, 10, 58]": 1
          },
          "[:if, 3, 15, 4, 17, 7]": {
            "[:then, 4, 16, 6, 16, 97]": 0,
            "[:else, 5, 15, 4, 17, 7]": 14
          }
        }
      },
      "D:/Users/Houssam/CUHK 2026/CUHK courses Term2/Software Engineering/SwenCode/cuhk_marketplace/app/controllers/application_controller.rb": {
        "lines": [
          1,
          1,
          1,
          1,
          null,
          1,
          null,
          null,
          1,
          null,
          null,
          1,
          null,
          1,
          null,
          1,
          null,
          1,
          9,
          9,
          null,
          9,
          9,
          null,
          null,
          1,
          2,
          1,
          0,
          null,
          1,
          null,
          null,
          1,
          null,
          null,
          null,
          1,
          null,
          1,
          3,
          null,
          0,
          null,
          2,
          null,
          1,
          null,
          null,
          3,
          null,
          null,
          1,
          111,
          null,
          0,
          0,
          null,
          null,
          1,
          306,
          null,
          null,
          1,
          169,
          null,
          null,
          1,
          18,
          null,
          18,
          null,
          null,
          1,
          17,
          null,
          17,
          null,
          null,
          1,
          16,
          null,
          null,
          1,
          8,
          8,
          null,
          5,
          null,
          null,
          1,
          3,
          3,
          null,
          0,
          null,
          null,
          1,
          8,
          0,
          0,
          null,
          null,
          8,
          1,
          1,
          null,
          null,
          7,
          null,
          4,
          null,
          null,
          null,
          null,
          1,
          23,
          null,
          38,
          20,
          null,
          17,
          null,
          null,
          1,
          124,
          null,
          null,
          1,
          18,
          null,
          null,
          1,
          111,
          105,
          33,
          4,
          null,
          2,
          null,
          null,
          1,
          5,
          null,
          5,
          9,
          6,
          null,
          null,
          null
        ],
        "branches": {
          "[:if, 0, 27, 4, 35, 7]": {
            "[:then, 1, 28, 6, 32, 9]": 1,
            "[:else, 2, 34, 6, 34, 11]": 1
          },
          "[:if, 3, 28, 6, 32, 9]": {
            "[:then, 4, 29, 8, 29, 17]": 0,
            "[:else, 5, 31, 8, 31, 29]": 1
          },
          "[:case, 6, 41, 4, 48, 7]": {
            "[:when, 7, 43, 8, 43, 56]": 0,
            "[:when, 8, 45, 8, 45, 56]": 2,
            "[:else, 9, 47, 8, 47, 57]": 1
          },
          "[:\"&.\", 10, 54, 18, 54, 39]": {
            "[:then, 11, 54, 18, 54, 39]": 105,
            "[:else, 12, 54, 18, 54, 39]": 6
          },
          "[:unless, 13, 54, 4, 54, 39]": {
            "[:else, 14, 54, 4, 54, 39]": 0,
            "[:then, 15, 54, 4, 54, 10]": 111
          },
          "[:if, 16, 69, 4, 69, 29]": {
            "[:then, 17, 69, 4, 69, 10]": 0,
            "[:else, 18, 69, 4, 69, 29]": 18
          },
          "[:if, 19, 75, 4, 75, 25]": {
            "[:then, 20, 75, 4, 75, 10]": 0,
            "[:else, 21, 75, 4, 75, 25]": 17
          },
          "[:if, 22, 81, 4, 81, 51]": {
            "[:then, 23, 81, 34, 81, 43]": 2,
            "[:else, 24, 81, 46, 81, 51]": 14
          },
          "[:unless, 25, 86, 4, 86, 39]": {
            "[:else, 26, 86, 4, 86, 39]": 5,
            "[:then, 27, 86, 4, 86, 19]": 3
          },
          "[:\"&.\", 28, 92, 18, 92, 38]": {
            "[:then, 29, 92, 18, 92, 38]": 3,
            "[:else, 30, 92, 18, 92, 38]": 0
          },
          "[:unless, 31, 92, 4, 92, 38]": {
            "[:else, 32, 92, 4, 92, 38]": 3,
            "[:then, 33, 92, 4, 92, 10]": 0
          },
          "[:if, 34, 93, 4, 93, 46]": {
            "[:then, 35, 93, 4, 93, 10]": 3,
            "[:else, 36, 93, 4, 93, 46]": 0
          },
          "[:\"&.\", 37, 99, 7, 99, 27]": {
            "[:then, 38, 99, 7, 99, 27]": 5,
            "[:else, 39, 99, 7, 99, 27]": 3
          },
          "[:if, 40, 99, 4, 102, 7]": {
            "[:then, 41, 100, 6, 101, 21]": 0,
            "[:else, 42, 99, 4, 102, 7]": 8
          },
          "[:if, 43, 100, 6, 100, 113]": {
            "[:then, 44, 100, 6, 100, 72]": 0,
            "[:else, 45, 100, 6, 100, 113]": 0
          },
          "[:if, 46, 104, 4, 107, 7]": {
            "[:then, 47, 105, 6, 106, 64]": 1,
            "[:else, 48, 104, 4, 107, 7]": 7
          },
          "[:\"&.\", 49, 105, 34, 105, 58]": {
            "[:then, 50, 105, 34, 105, 58]": 1,
            "[:else, 51, 105, 34, 105, 58]": 0
          },
          "[:unless, 52, 105, 6, 105, 67]": {
            "[:else, 53, 105, 6, 105, 67]": 1,
            "[:then, 54, 105, 6, 105, 26]": 0
          },
          "[:\"&.\", 55, 109, 50, 109, 74]": {
            "[:then, 56, 109, 50, 109, 74]": 4,
            "[:else, 57, 109, 50, 109, 74]": 3
          },
          "[:unless, 58, 109, 4, 109, 83]": {
            "[:else, 59, 109, 4, 109, 83]": 4,
            "[:then, 60, 109, 4, 109, 42]": 3
          },
          "[:unless, 61, 117, 4, 117, 58]": {
            "[:else, 62, 117, 4, 117, 58]": 20,
            "[:then, 63, 117, 4, 117, 35]": 3
          },
          "[:if, 64, 119, 57, 119, 95]": {
            "[:then, 65, 119, 81, 119, 88]": 18,
            "[:else, 66, 119, 91, 119, 95]": 0
          },
          "[:if, 67, 120, 4, 120, 54]": {
            "[:then, 68, 120, 4, 120, 35]": 3,
            "[:else, 69, 120, 4, 120, 54]": 17
          },
          "[:\"&.\", 70, 134, 18, 134, 42]": {
            "[:then, 71, 134, 18, 134, 42]": 105,
            "[:else, 72, 134, 18, 134, 42]": 6
          },
          "[:unless, 73, 134, 4, 134, 42]": {
            "[:else, 74, 134, 4, 134, 42]": 105,
            "[:then, 75, 134, 4, 134, 10]": 6
          },
          "[:unless, 76, 135, 4, 135, 68]": {
            "[:else, 77, 135, 4, 135, 68]": 33,
            "[:then, 78, 135, 4, 135, 10]": 72
          },
          "[:if, 79, 136, 4, 136, 43]": {
            "[:then, 80, 136, 4, 136, 10]": 29,
            "[:else, 81, 136, 4, 136, 43]": 4
          },
          "[:if, 82, 137, 4, 137, 47]": {
            "[:then, 83, 137, 4, 137, 10]": 2,
            "[:else, 84, 137, 4, 137, 47]": 2
          }
        }
      },
      "D:/Users/Houssam/CUHK 2026/CUHK courses Term2/Software Engineering/SwenCode/cuhk_marketplace/app/controllers/items_controller.rb": {
        "lines": [
          1,
          1,
          1,
          1,
          1,
          1,
          null,
          1,
          5,
          5,
          5,
          null,
          5,
          5,
          null,
          5,
          5,
          null,
          5,
          5,
          5,
          null,
          5,
          5,
          null,
          5,
          5,
          5,
          null,
          5,
          5,
          5,
          5,
          null,
          null,
          1,
          14,
          14,
          14,
          null,
          14,
          1,
          1,
          1,
          1,
          1,
          null,
          null,
          null,
          14,
          2,
          null,
          null,
          0,
          null,
          null,
          null,
          0,
          null,
          null,
          null,
          null,
          14,
          null,
          null,
          1,
          0,
          null,
          null,
          1,
          null,
          null,
          1,
          1,
          null,
          1,
          1,
          1,
          null,
          1,
          1,
          0,
          0,
          null,
          2,
          1,
          null,
          null,
          null,
          null,
          1,
          0,
          0,
          null,
          0,
          0,
          0,
          0,
          null,
          0,
          0,
          null,
          null,
          null,
          null,
          1,
          4,
          4,
          null,
          4,
          8,
          4,
          null,
          null,
          null,
          1,
          null,
          1,
          26,
          null,
          null,
          1,
          1,
          1,
          null,
          1,
          null,
          null,
          1,
          3,
          1,
          1,
          null,
          null,
          2,
          null,
          2,
          null,
          null,
          1,
          5,
          null,
          1,
          null,
          null,
          1,
          10,
          null,
          null,
          1,
          5,
          null,
          3,
          null,
          null,
          1,
          16,
          null,
          2,
          null,
          null,
          1,
          2,
          null,
          2,
          null,
          null,
          1,
          1,
          null,
          1,
          null,
          null,
          1,
          1,
          null,
          1,
          1,
          0,
          0,
          0,
          0,
          0,
          0,
          null,
          0,
          null,
          null,
          null
        ],
        "branches": {
          "[:\"&.\", 0, 13, 22, 13, 48]": {
            "[:then, 1, 13, 22, 13, 48]": 4,
            "[:else, 2, 13, 22, 13, 48]": 1
          },
          "[:\"&.\", 3, 14, 24, 14, 50]": {
            "[:then, 4, 14, 24, 14, 50]": 4,
            "[:else, 5, 14, 24, 14, 50]": 1
          },
          "[:if, 6, 20, 20, 20, 112]": {
            "[:then, 7, 20, 83, 20, 106]": 0,
            "[:else, 8, 20, 109, 20, 112]": 5
          },
          "[:if, 9, 21, 20, 21, 112]": {
            "[:then, 10, 21, 83, 21, 106]": 0,
            "[:else, 11, 21, 109, 21, 112]": 5
          },
          "[:if, 12, 37, 4, 37, 97]": {
            "[:then, 13, 37, 4, 37, 62]": 5,
            "[:else, 14, 37, 4, 37, 97]": 9
          },
          "[:if, 15, 38, 4, 38, 129]": {
            "[:then, 16, 38, 4, 38, 80]": 10,
            "[:else, 17, 38, 4, 38, 129]": 4
          },
          "[:if, 18, 41, 4, 47, 7]": {
            "[:then, 19, 42, 6, 46, 55]": 1,
            "[:else, 20, 41, 4, 47, 7]": 13
          },
          "[:if, 21, 50, 4, 61, 7]": {
            "[:then, 22, 51, 6, 60, 34]": 2,
            "[:else, 23, 50, 4, 61, 7]": 12
          },
          "[:unless, 24, 77, 4, 77, 67]": {
            "[:else, 25, 77, 4, 77, 67]": 0,
            "[:then, 26, 77, 4, 77, 40]": 1
          },
          "[:if, 27, 81, 6, 87, 9]": {
            "[:then, 28, 82, 8, 83, 71]": 0,
            "[:else, 29, 85, 8, 86, 80]": 1
          },
          "[:if, 30, 96, 6, 102, 9]": {
            "[:then, 31, 97, 8, 98, 66]": 0,
            "[:else, 32, 100, 8, 101, 80]": 0
          },
          "[:if, 33, 108, 22, 108, 85]": {
            "[:then, 34, 108, 58, 108, 72]": 0,
            "[:else, 35, 108, 75, 108, 85]": 4
          },
          "[:\"&.\", 36, 124, 53, 124, 73]": {
            "[:then, 37, 124, 53, 124, 73]": 1,
            "[:else, 38, 124, 53, 124, 73]": 0
          },
          "[:if, 39, 124, 6, 124, 73]": {
            "[:then, 40, 124, 6, 124, 49]": 0,
            "[:else, 41, 124, 6, 124, 73]": 1
          },
          "[:if, 42, 130, 6, 133, 9]": {
            "[:then, 43, 131, 8, 132, 14]": 1,
            "[:else, 44, 130, 6, 133, 9]": 2
          },
          "[:if, 45, 135, 6, 135, 27]": {
            "[:then, 46, 135, 6, 135, 12]": 0,
            "[:else, 47, 135, 6, 135, 27]": 2
          },
          "[:if, 48, 141, 6, 141, 32]": {
            "[:then, 49, 141, 6, 141, 12]": 4,
            "[:else, 50, 141, 6, 141, 32]": 1
          },
          "[:if, 51, 157, 6, 157, 47]": {
            "[:then, 52, 157, 6, 157, 12]": 14,
            "[:else, 53, 157, 6, 157, 47]": 2
          },
          "[:\"&.\", 54, 163, 70, 163, 89]": {
            "[:then, 55, 163, 70, 163, 89]": 2,
            "[:else, 56, 163, 70, 163, 89]": 0
          },
          "[:if, 57, 163, 6, 163, 89]": {
            "[:then, 58, 163, 6, 163, 48]": 0,
            "[:else, 59, 163, 6, 163, 89]": 2
          },
          "[:if, 60, 169, 6, 169, 33]": {
            "[:then, 61, 169, 6, 169, 12]": 0,
            "[:else, 62, 169, 6, 169, 33]": 1
          },
          "[:unless, 63, 175, 6, 175, 32]": {
            "[:else, 64, 175, 6, 175, 32]": 1,
            "[:then, 65, 175, 6, 175, 16]": 0
          },
          "[:if, 66, 177, 6, 187, 9]": {
            "[:then, 67, 178, 8, 178, 32]": 1,
            "[:else, 68, 179, 6, 186, 37]": 0
          },
          "[:if, 69, 179, 6, 186, 37]": {
            "[:then, 70, 180, 8, 180, 38]": 0,
            "[:else, 71, 181, 6, 186, 37]": 0
          },
          "[:if, 72, 181, 6, 186, 37]": {
            "[:then, 73, 182, 8, 182, 41]": 0,
            "[:else, 74, 183, 6, 186, 37]": 0
          },
          "[:if, 75, 183, 6, 186, 37]": {
            "[:then, 76, 184, 8, 184, 26]": 0,
            "[:else, 77, 186, 8, 186, 37]": 0
          }
        }
      },
      "D:/Users/Houssam/CUHK 2026/CUHK courses Term2/Software Engineering/SwenCode/cuhk_marketplace/app/controllers/admin/setups_controller.rb": {
        "lines": [
          1,
          1,
          1,
          null,
          null,
          1,
          1,
          null,
          1,
          1,
          1,
          null,
          0,
          null,
          null,
          null,
          1,
          null,
          1,
          1,
          null,
          null
        ],
        "branches": {
          "[:if, 0, 9, 4, 14, 7]": {
            "[:then, 1, 10, 6, 11, 89]": 1,
            "[:else, 2, 13, 6, 13, 49]": 0
          }
        }
      },
      "D:/Users/Houssam/CUHK 2026/CUHK courses Term2/Software Engineering/SwenCode/cuhk_marketplace/app/controllers/admin/users_controller.rb": {
        "lines": [
          1,
          1,
          1,
          1,
          null,
          1,
          1,
          0,
          0,
          null,
          null,
          1,
          1,
          null,
          null,
          1,
          1,
          0,
          0,
          null,
          null,
          1,
          1,
          null,
          null,
          1,
          null,
          1,
          4,
          null,
          null,
          1,
          4,
          2,
          null,
          1,
          null,
          null,
          1,
          3,
          null,
          1,
          null,
          null
        ],
        "branches": {
          "[:if, 0, 7, 4, 10, 7]": {
            "[:then, 1, 8, 6, 9, 12]": 0,
            "[:else, 2, 7, 4, 10, 7]": 1
          },
          "[:unless, 3, 17, 4, 20, 7]": {
            "[:else, 4, 17, 4, 20, 7]": 1,
            "[:then, 5, 18, 6, 19, 12]": 0
          },
          "[:if, 6, 33, 4, 33, 33]": {
            "[:then, 7, 33, 4, 33, 10]": 2,
            "[:else, 8, 33, 4, 33, 33]": 2
          },
          "[:if, 9, 34, 4, 34, 106]": {
            "[:then, 10, 34, 4, 34, 10]": 1,
            "[:else, 11, 34, 4, 34, 106]": 1
          },
          "[:unless, 12, 40, 4, 40, 39]": {
            "[:else, 13, 40, 4, 40, 39]": 1,
            "[:then, 14, 40, 4, 40, 10]": 2
          }
        }
      },
      "D:/Users/Houssam/CUHK 2026/CUHK courses Term2/Software Engineering/SwenCode/cuhk_marketplace/app/controllers/api/locations_controller.rb": {
        "lines": [
          1,
          1,
          2,
          2,
          1,
          null,
          1,
          null,
          null,
          null,
          1,
          1,
          1,
          null,
          1,
          1,
          null,
          1,
          9,
          9,
          2,
          2,
          null,
          null,
          null,
          1,
          1,
          null,
          0,
          null,
          null,
          null,
          1,
          1,
          null,
          9,
          null,
          null,
          null,
          null,
          null,
          1,
          null,
          null
        ],
        "branches": {
          "[:if, 0, 4, 4, 8, 7]": {
            "[:then, 1, 5, 6, 5, 86]": 1,
            "[:else, 2, 7, 6, 7, 70]": 1
          },
          "[:if, 3, 20, 6, 23, 9]": {
            "[:then, 4, 21, 8, 22, 21]": 2,
            "[:else, 5, 20, 6, 23, 9]": 7
          },
          "[:if, 6, 26, 4, 30, 7]": {
            "[:then, 7, 27, 6, 27, 114]": 1,
            "[:else, 8, 29, 6, 29, 69]": 0
          }
        }
      },
      "D:/Users/Houssam/CUHK 2026/CUHK courses Term2/Software Engineering/SwenCode/cuhk_marketplace/app/controllers/users/sessions_controller.rb": {
        "lines": [
          1,
          1,
          4,
          null,
          3,
          1,
          1,
          1,
          1,
          null,
          2,
          2,
          2,
          null,
          2,
          null,
          null,
          null,
          1,
          null,
          1,
          2,
          2,
          null,
          2,
          null,
          2,
          null,
          2,
          null,
          2,
          null,
          null,
          1,
          1,
          null,
          null
        ],
        "branches": {
          "[:if, 0, 5, 4, 16, 7]": {
            "[:then, 1, 6, 6, 9, 71]": 1,
            "[:else, 2, 11, 6, 15, 48]": 2
          },
          "[:if, 3, 8, 6, 8, 36]": {
            "[:then, 4, 8, 6, 8, 20]": 0,
            "[:else, 5, 8, 6, 8, 36]": 1
          },
          "[:unless, 6, 25, 4, 25, 74]": {
            "[:else, 7, 25, 4, 25, 74]": 2,
            "[:then, 8, 25, 4, 25, 42]": 0
          },
          "[:\"&.\", 9, 29, 46, 29, 68]": {
            "[:then, 10, 29, 46, 29, 68]": 1,
            "[:else, 11, 29, 46, 29, 68]": 1
          },
          "[:if, 12, 29, 4, 29, 68]": {
            "[:then, 13, 29, 4, 29, 42]": 0,
            "[:else, 14, 29, 4, 29, 68]": 2
          },
          "[:if, 15, 31, 4, 31, 79]": {
            "[:then, 16, 31, 29, 31, 45]": 1,
            "[:else, 17, 31, 48, 31, 79]": 1
          }
        }
      },
      "D:/Users/Houssam/CUHK 2026/CUHK courses Term2/Software Engineering/SwenCode/cuhk_marketplace/app/controllers/conversations_controller.rb": {
        "lines": [
          1,
          1,
          1,
          1,
          null,
          1,
          7,
          null,
          null,
          1,
          0,
          null,
          null,
          1,
          4,
          null,
          4,
          2,
          2,
          null,
          null,
          2,
          0,
          0,
          null,
          null,
          2,
          0,
          0,
          null,
          null,
          2,
          2,
          1,
          1,
          null,
          null,
          null,
          1,
          1,
          null,
          1,
          1,
          null,
          0,
          null,
          null,
          null,
          1,
          null,
          1,
          7,
          null,
          null,
          null,
          null,
          7,
          14,
          null,
          0,
          null,
          null,
          7,
          7,
          7,
          null,
          null,
          1,
          0,
          null,
          null,
          1,
          0,
          null,
          0,
          null,
          null,
          1,
          7,
          null,
          7,
          null,
          null,
          null,
          null,
          null,
          null
        ],
        "branches": {
          "[:unless, 0, 17, 4, 20, 7]": {
            "[:else, 1, 17, 4, 20, 7]": 2,
            "[:then, 2, 18, 6, 19, 12]": 2
          },
          "[:if, 3, 22, 4, 25, 7]": {
            "[:then, 4, 23, 6, 24, 12]": 0,
            "[:else, 5, 22, 4, 25, 7]": 2
          },
          "[:if, 6, 27, 4, 30, 7]": {
            "[:then, 7, 28, 6, 29, 12]": 0,
            "[:else, 8, 27, 4, 30, 7]": 2
          },
          "[:if, 9, 33, 4, 36, 7]": {
            "[:then, 10, 34, 6, 35, 12]": 1,
            "[:else, 11, 33, 4, 36, 7]": 1
          },
          "[:if, 12, 42, 4, 46, 7]": {
            "[:then, 13, 43, 6, 43, 102]": 1,
            "[:else, 14, 45, 6, 45, 73]": 0
          },
          "[:if, 15, 57, 28, 61, 7]": {
            "[:then, 16, 58, 6, 58, 117]": 7,
            "[:else, 17, 60, 6, 60, 26]": 0
          },
          "[:if, 18, 63, 16, 63, 97]": {
            "[:then, 19, 63, 40, 63, 92]": 7,
            "[:else, 20, 63, 95, 63, 97]": 0
          },
          "[:if, 21, 73, 4, 73, 53]": {
            "[:then, 22, 73, 4, 73, 10]": 0,
            "[:else, 23, 73, 4, 73, 53]": 0
          },
          "[:unless, 24, 79, 4, 79, 39]": {
            "[:else, 25, 79, 4, 79, 39]": 7,
            "[:then, 26, 79, 4, 79, 10]": 0
          }
        }
      },
      "D:/Users/Houssam/CUHK 2026/CUHK courses Term2/Software Engineering/SwenCode/cuhk_marketplace/app/models/message.rb": {
        "lines": [
          1,
          1,
          1,
          1,
          1,
          null,
          1,
          1,
          null,
          1,
          null,
          15,
          1,
          null,
          1,
          2,
          2,
          null,
          2,
          null,
          null,
          1,
          7,
          null,
          null,
          1,
          82,
          null,
          null,
          1,
          182,
          131,
          51,
          0,
          null,
          null,
          null,
          1,
          29,
          null,
          null,
          1,
          84,
          null,
          null,
          1,
          14,
          null,
          null,
          14,
          14,
          null,
          0,
          null,
          null,
          14,
          null,
          0,
          null,
          null,
          1,
          null,
          1,
          14,
          null,
          14,
          28,
          null,
          null,
          null,
          null,
          null,
          null,
          null,
          null
        ],
        "branches": {
          "[:unless, 0, 17, 4, 17, 111]": {
            "[:else, 1, 17, 4, 17, 111]": 2,
            "[:then, 2, 17, 4, 17, 56]": 0
          },
          "[:if, 3, 31, 4, 35, 7]": {
            "[:then, 4, 32, 6, 32, 87]": 131,
            "[:else, 5, 33, 4, 34, 21]": 51
          },
          "[:if, 6, 33, 4, 34, 21]": {
            "[:then, 7, 34, 6, 34, 21]": 0,
            "[:else, 8, 33, 4, 34, 21]": 51
          },
          "[:unless, 9, 47, 4, 47, 38]": {
            "[:else, 10, 47, 4, 47, 38]": 14,
            "[:then, 11, 47, 4, 47, 10]": 0
          },
          "[:if, 12, 50, 6, 54, 9]": {
            "[:then, 13, 51, 8, 51, 90]": 14,
            "[:else, 14, 53, 8, 53, 57]": 0
          }
        }
      },
      "D:/Users/Houssam/CUHK 2026/CUHK courses Term2/Software Engineering/SwenCode/cuhk_marketplace/app/controllers/messages_controller.rb": {
        "lines": [
          1,
          1,
          1,
          1,
          null,
          1,
          1,
          1,
          null,
          1,
          0,
          0,
          0,
          null,
          null,
          1,
          1,
          2,
          null,
          null,
          null,
          null,
          1,
          null,
          1,
          2,
          null,
          null,
          1,
          2,
          null,
          1,
          null,
          null,
          1,
          1,
          null,
          null
        ],
        "branches": {
          "[:if, 0, 10, 4, 20, 7]": {
            "[:then, 1, 11, 6, 14, 9]": 0,
            "[:else, 2, 16, 6, 19, 9]": 1
          },
          "[:if, 3, 30, 4, 30, 53]": {
            "[:then, 4, 30, 4, 30, 10]": 1,
            "[:else, 5, 30, 4, 30, 53]": 1
          }
        }
      },
      "D:/Users/Houssam/CUHK 2026/CUHK courses Term2/Software Engineering/SwenCode/cuhk_marketplace/app/controllers/dashboards_controller.rb": {
        "lines": [
          1,
          1,
          null,
          1,
          2,
          2,
          null,
          null,
          null,
          2,
          2,
          null,
          null,
          1,
          0,
          0,
          null,
          null,
          1,
          1,
          null,
          1,
          1,
          null,
          0,
          null,
          null,
          null,
          null,
          1,
          null,
          null,
          null,
          null,
          null,
          null,
          null,
          null,
          null,
          null,
          null,
          null,
          null,
          null,
          null,
          1,
          null,
          1,
          2,
          2,
          17,
          2,
          2,
          2,
          2,
          2,
          2,
          2,
          null,
          null,
          1,
          null,
          1,
          1,
          null,
          null,
          1,
          2,
          2,
          2,
          null,
          null,
          1,
          2,
          null,
          2,
          1,
          0,
          null,
          0,
          null,
          null,
          1,
          2,
          null,
          null,
          1,
          2,
[...]
            "[:then, 13, 30, 30, 30, 55]": 0,
            "[:else, 14, 30, 30, 30, 55]": 1
          },
          "[:if, 15, 36, 4, 36, 56]": {
            "[:then, 16, 36, 4, 36, 29]": 0,
            "[:else, 17, 36, 4, 36, 56]": 1
          },
          "[:if, 18, 41, 4, 54, 7]": {
            "[:then, 19, 42, 6, 51, 106]": 1,
            "[:else, 20, 53, 6, 53, 82]": 0
          },
          "[:if, 21, 42, 6, 42, 144]": {
            "[:then, 22, 42, 6, 42, 117]": 0,
            "[:else, 23, 42, 6, 42, 144]": 1
          },
          "[:unless, 24, 58, 4, 61, 7]": {
            "[:else, 25, 58, 4, 61, 7]": 0,
            "[:then, 26, 59, 6, 60, 12]": 0
          },
          "[:if, 27, 67, 4, 67, 67]": {
            "[:then, 28, 67, 4, 67, 29]": 0,
            "[:else, 29, 67, 4, 67, 67]": 0
          },
          "[:if, 30, 69, 4, 82, 7]": {
            "[:then, 31, 70, 6, 79, 106]": 0,
            "[:else, 32, 81, 6, 81, 77]": 0
          },
          "[:unless, 33, 86, 4, 86, 127]": {
            "[:else, 34, 86, 4, 86, 127]": 0,
            "[:then, 35, 86, 4, 86, 90]": 0
          },
          "[:if, 36, 96, 6, 96, 51]": {
            "[:then, 37, 96, 6, 96, 34]": 0,
            "[:else, 38, 96, 6, 96, 51]": 0
          },
          "[:if, 39, 102, 4, 105, 7]": {
            "[:then, 40, 103, 6, 104, 12]": 0,
            "[:else, 41, 102, 4, 105, 7]": 0
          },
          "[:unless, 42, 119, 4, 119, 127]": {
            "[:else, 43, 119, 4, 119, 127]": 0,
            "[:then, 44, 119, 4, 119, 90]": 0
          },
          "[:unless, 45, 120, 4, 120, 129]": {
            "[:else, 46, 120, 4, 120, 129]": 0,
            "[:then, 47, 120, 4, 120, 106]": 0
          },
          "[:if, 48, 122, 4, 132, 7]": {
            "[:then, 49, 123, 6, 131, 59]": 0,
            "[:else, 50, 122, 4, 132, 7]": 0
          },
          "[:unless, 51, 136, 4, 136, 159]": {
            "[:else, 52, 136, 4, 136, 159]": 0,
            "[:then, 53, 136, 4, 136, 90]": 0
          },
          "[:if, 54, 146, 6, 146, 51]": {
            "[:then, 55, 146, 6, 146, 34]": 0,
            "[:else, 56, 146, 6, 146, 51]": 0
          },
          "[:if, 57, 149, 25, 149, 129]": {
            "[:then, 58, 149, 98, 149, 115]": 0,
            "[:else, 59, 149, 118, 149, 129]": 0
          },
          "[:if, 60, 153, 4, 156, 7]": {
            "[:then, 61, 154, 6, 155, 12]": 0,
            "[:else, 62, 153, 4, 156, 7]": 0
          },
          "[:if, 63, 158, 29, 158, 89]": {
            "[:then, 64, 158, 61, 158, 73]": 0,
            "[:else, 65, 158, 76, 158, 89]": 0
          },
          "[:unless, 66, 172, 4, 172, 127]": {
            "[:else, 67, 172, 4, 172, 127]": 2,
            "[:then, 68, 172, 4, 172, 90]": 0
          },
          "[:unless, 69, 176, 4, 179, 7]": {
            "[:else, 70, 176, 4, 179, 7]": 2,
            "[:then, 71, 177, 6, 178, 12]": 0
          },
          "[:if, 72, 189, 6, 189, 51]": {
            "[:then, 73, 189, 6, 189, 34]": 0,
            "[:else, 74, 189, 6, 189, 51]": 2
          },
          "[:unless, 75, 192, 6, 196, 9]": {
            "[:else, 76, 192, 6, 196, 9]": 1,
            "[:then, 77, 194, 8, 195, 36]": 1
          },
          "[:if, 78, 203, 4, 206, 7]": {
            "[:then, 79, 204, 6, 205, 12]": 1,
            "[:else, 80, 203, 4, 206, 7]": 1
          },
          "[:unless, 81, 220, 4, 223, 7]": {
            "[:else, 82, 220, 4, 223, 7]": 0,
            "[:then, 83, 221, 6, 222, 12]": 0
          },
          "[:if, 84, 266, 6, 270, 9]": {
            "[:then, 85, 267, 8, 267, 68]": 1,
            "[:else, 86, 269, 8, 269, 56]": 1
          },
          "[:if, 87, 278, 4, 278, 33]": {
            "[:then, 88, 278, 4, 278, 10]": 0,
            "[:else, 89, 278, 4, 278, 33]": 2
          },
          "[:unless, 90, 292, 4, 292, 72]": {
            "[:else, 91, 292, 4, 292, 72]": 0,
            "[:then, 92, 292, 4, 292, 50]": 0
          },
          "[:\"&.\", 93, 293, 114, 293, 135]": {
            "[:then, 94, 293, 114, 293, 135]": 0,
            "[:else, 95, 293, 114, 293, 135]": 0
          },
          "[:unless, 96, 293, 4, 293, 135]": {
            "[:else, 97, 293, 4, 293, 135]": 0,
            "[:then, 98, 293, 4, 293, 57]": 0
          },
          "[:if, 99, 294, 4, 294, 137]": {
            "[:then, 100, 294, 4, 294, 64]": 0,
            "[:else, 101, 294, 4, 294, 137]": 0
          },
          "[:unless, 102, 300, 4, 300, 80]": {
            "[:else, 103, 300, 4, 300, 80]": 0,
            "[:then, 104, 300, 4, 300, 57]": 0
          },
          "[:if, 105, 301, 4, 301, 90]": {
            "[:then, 106, 301, 4, 301, 48]": 0,
            "[:else, 107, 301, 4, 301, 90]": 0
          },
          "[:unless, 108, 307, 4, 307, 80]": {
            "[:else, 109, 307, 4, 307, 80]": 2,
            "[:then, 110, 307, 4, 307, 57]": 0
          },
          "[:if, 111, 308, 4, 308, 92]": {
            "[:then, 112, 308, 4, 308, 50]": 0,
            "[:else, 113, 308, 4, 308, 92]": 2
          }
        }
      },
      "D:/Users/Houssam/CUHK 2026/CUHK courses Term2/Software Engineering/SwenCode/cuhk_marketplace/app/controllers/dashboards_controller.rb": {
        "lines": [
          1,
          1,
          null,
          1,
          4,
          4,
          null,
          null,
          null,
          4,
          4,
          null,
          null,
          1,
          0,
          0,
          null,
          null,
          1,
          0,
          null,
          0,
          0,
          null,
          0,
          null,
          null,
          null,
          null,
          1,
          null,
          null,
          null,
          null,
          null,
          null,
          null,
          null,
          null,
          null,
          null,
          null,
          null,
          null,
          null,
          1,
          null,
          1,
          0,
          0,
          0,
          0,
          0,
          0,
          0,
          0,
          0,
          0,
          null,
          null,
          1,
          null,
          1,
          0,
          null,
          null,
          1,
          0,
          0,
          0,
          null,
          null,
          1,
          0,
          null,
          0,
          0,
          0,
          null,
          0,
          null,
          null,
          1,
          0,
          null,
          null,
          1,
          0,
          0,
          null,
          0,
          null,
          0,
          0,
          0,
          0,
          null,
          null,
          0,
          null,
          null,
          null,
          0,
          null,
          null,
          0,
          null,
          null,
          null,
          null,
          null,
          null,
          null,
          null,
          null,
          null,
          null,
          null,
          null,
          null,
          null,
          1,
          0,
          null,
          0,
          0,
          null,
          null,
          null,
          1,
          0,
          0,
          0,
          null,
          0,
          null,
          null,
          1,
          0,
          0,
          0,
          0,
          null,
          0,
          0,
          0,
          null,
          0,
          null,
          null,
          null,
          null,
          null,
          null,
          null,
          null,
          1,
          0,
          null,
          0,
          null,
          0,
          null,
          0,
          null,
          null,
          null,
          1,
          0,
          null,
          null,
          1,
          0,
          null,
          null,
          1,
          0,
          0,
          null,
          null,
          0,
          null,
          null,
          null,
          null,
          null,
          null,
          1,
          0,
          0,
          null,
          null,
          1,
          0,
          0,
          null,
          0,
          0,
          0,
          null,
          0,
          null,
          null,
          1,
          0,
          null,
          null,
          1,
          0,
          0,
          null,
          null
        ],
        "branches": {
          "[:if, 0, 22, 4, 26, 7]": {
            "[:then, 1, 23, 6, 23, 70]": 0,
            "[:else, 2, 25, 6, 25, 56]": 0
          },
          "[:if, 3, 76, 4, 76, 51]": {
            "[:then, 4, 76, 4, 76, 35]": 0,
            "[:else, 5, 76, 4, 76, 51]": 0
          },
          "[:if, 6, 77, 4, 77, 36]": {
            "[:then, 7, 77, 4, 77, 22]": 0,
            "[:else, 8, 77, 4, 77, 36]": 0
          },
          "[:if, 9, 78, 4, 78, 46]": {
            "[:then, 10, 78, 4, 78, 27]": 0,
            "[:else, 11, 78, 4, 78, 46]": 0
          },
          "[:if, 12, 84, 4, 84, 87]": {
            "[:then, 13, 84, 55, 84, 74]": 0,
            "[:else, 14, 84, 77, 84, 87]": 0
          },
          "[:if, 15, 91, 4, 91, 132]": {
            "[:then, 16, 91, 4, 91, 109]": 0,
            "[:else, 17, 91, 4, 91, 132]": 0
          },
          "[:if, 18, 132, 4, 132, 54]": {
            "[:then, 19, 132, 4, 132, 41]": 0,
            "[:else, 20, 132, 4, 132, 54]": 0
          },
          "[:if, 21, 141, 4, 141, 54]": {
            "[:then, 22, 141, 4, 141, 41]": 0,
            "[:else, 23, 141, 4, 141, 54]": 0
          },
          "[:case, 24, 158, 4, 165, 7]": {
            "[:when, 25, 160, 6, 160, 34]": 0,
            "[:when, 26, 162, 6, 162, 31]": 0,
            "[:else, 27, 164, 6, 164, 68]": 0
          }
        }
      },
      "D:/Users/Houssam/CUHK 2026/CUHK courses Term2/Software Engineering/SwenCode/cuhk_marketplace/app/controllers/favorites_controller.rb": {
        "lines": [
          1,
          1,
          1,
          null,
          1,
          1,
          0,
          0,
          null,
          null,
          1,
          1,
          null,
          null,
          1,
          0,
          0,
          null,
          null,
          1,
          null,
          1,
          1,
          null,
          null,
          1,
          1,
          1,
          2,
          null,
          null,
          null,
          1,
          0,
          null,
          0,
          0,
          null,
          null,
          null,
          null,
          0,
          null,
          null,
          0,
          null,
          null,
          null,
          null,
          null,
          null,
          0,
          null,
          null,
          0,
          null,
          null,
          null,
          null,
          null,
          null,
          null,
          null
        ],
        "branches": {
          "[:unless, 0, 6, 4, 9, 7]": {
            "[:else, 1, 6, 4, 9, 7]": 1,
            "[:then, 2, 7, 6, 8, 12]": 0
          },
          "[:if, 3, 36, 4, 61, 7]": {
            "[:then, 4, 37, 6, 50, 7]": 0,
            "[:else, 5, 52, 6, 60, 7]": 0
          }
        }
      },
      "D:/Users/Houssam/CUHK 2026/CUHK courses Term2/Software Engineering/SwenCode/cuhk_marketplace/app/controllers/search_controller.rb": {
        "lines": [
          1,
          1,
          1,
          1,
          1,
          1,
          1,
          null,
          1,
          null,
          1,
          null,
          1,
          1,
          1,
          null,
          1,
          1,
          null,
          1,
          1,
          1,
          null,
          1,
          1,
          null,
          1,
          1,
          1,
          1,
          1,
          null,
          1,
          1,
          1,
          null,
          null,
          1,
          1,
          null,
          0,
          null,
          null,
          null,
          1,
          null,
          1,
          1,
          null,
          0,
          null,
          0,
          null,
          0,
          null,
          1,
          null,
          null,
          null
        ],
        "branches": {
          "[:if, 0, 11, 4, 11, 88]": {
            "[:then, 1, 11, 4, 11, 57]": 0,
            "[:else, 2, 11, 4, 11, 88]": 1
          },
          "[:\"&.\", 3, 14, 24, 14, 50]": {
            "[:then, 4, 14, 24, 14, 50]": 1,
            "[:else, 5, 14, 24, 14, 50]": 0
          },
          "[:if, 6, 15, 4, 15, 70]": {
            "[:then, 7, 15, 4, 15, 30]": 0,
            "[:else, 8, 15, 4, 15, 70]": 1
          },
          "[:if, 9, 21, 20, 21, 112]": {
            "[:then, 10, 21, 83, 21, 106]": 0,
            "[:else, 11, 21, 109, 21, 112]": 1
          },
          "[:if, 12, 22, 20, 22, 112]": {
            "[:then, 13, 22, 83, 22, 106]": 0,
            "[:else, 14, 22, 109, 22, 112]": 1
          },
          "[:if, 15, 38, 6, 42, 9]": {
            "[:then, 16, 39, 8, 39, 62]": 1,
            "[:else, 17, 41, 8, 41, 35]": 0
          },
          "[:case, 18, 48, 4, 57, 7]": {
            "[:when, 19, 50, 6, 50, 35]": 0,
            "[:when, 20, 52, 6, 52, 49]": 0,
            "[:when, 21, 54, 6, 54, 50]": 0,
            "[:else, 22, 56, 6, 56, 36]": 1
          }
        }
      },
      "D:/Users/Houssam/CUHK 2026/CUHK courses Term2/Software Engineering/SwenCode/cuhk_marketplace/app/channels/application_cable/channel.rb": {
        "lines": [
          0,
          0,
          0,
          0
        ],
        "branches": {}
      },
      "D:/Users/Houssam/CUHK 2026/CUHK courses Term2/Software Engineering/SwenCode/cuhk_marketplace/app/channels/application_cable/connection.rb": {
        "lines": [
          0,
          0,
          0,
          null,
          0,
          0,
          0,
          null,
          0,
          null,
          0,
          null,
          0,
          0,
          0,
          0,
          0,
          0,
          0,
          0
        ],
        "branches": {}
      },
      "D:/Users/Houssam/CUHK 2026/CUHK courses Term2/Software Engineering/SwenCode/cuhk_marketplace/app/channels/notifications_channel.rb": {
        "lines": [
          0,
          0,
          null,
          0,
          0,
          null,
          0,
          null,
          0,
          0
        ],
        "branches": {}
      },
      "D:/Users/Houssam/CUHK 2026/CUHK courses Term2/Software Engineering/SwenCode/cuhk_marketplace/app/controllers/admin/item_reports_controller.rb": {
        "lines": [
          0,
          0,
          0,
          0,
          null,
          0,
          0,
          0,
          0,
          null,
          0,
          0,
          0,
          0,
          null,
          0,
          null,
          0,
          0,
          0,
          null,
          0,
          0,
          null,
          0,
          0,
          null,
          0,
          0,
          0,
          null,
          0,
          0,
          0
        ],
        "branches": {}
      },
      "D:/Users/Houssam/CUHK 2026/CUHK courses Term2/Software Engineering/SwenCode/cuhk_marketplace/app/controllers/api/locations_controller.rb": {
        "lines": [
          0,
          0,
          0,
          0,
          0,
          0,
          0,
          0,
          0,
          null,
          0,
          0,
          0,
          null,
          0,
          0,
          null,
          0,
          0,
          0,
          0,
          0,
          0,
          0,
          null,
          0,
          0,
          0,
          0,
          0,
          0,
          null,
          0,
          0,
          0,
          0,
          0,
          0,
          0,
          0,
          0,
          0,
          0,
          0
        ],
        "branches": {}
      },
      "D:/Users/Houssam/CUHK 2026/CUHK courses Term2/Software Engineering/SwenCode/cuhk_marketplace/app/controllers/currencies_controller.rb": {
        "lines": [
          0,
          0,
          0,
          null,
          0,
          0,
          0,
          0,
          0,
          null,
          0,
          0,
          0
        ],
        "branches": {}
      },
      "D:/Users/Houssam/CUHK 2026/CUHK courses Term2/Software Engineering/SwenCode/cuhk_marketplace/app/controllers/errors_controller.rb": {
        "lines": [
          0,
          0,
          0,
          null,
          0,
          0,
          0,
          0
        ],
        "branches": {}
      },
      "D:/Users/Houssam/CUHK 2026/CUHK courses Term2/Software Engineering/SwenCode/cuhk_marketplace/app/controllers/item_reports_controller.rb": {
        "lines": [
          0,
          0,
          null,
          0,
          0,
          null,
          0,
          0,
          0,
          0,
          null,
          0,
          0,
          0,
          0,
          null,
          0,
          null,
          0,
          0,
          0,
          0,
          0,
          0,
          null,
          0,
          null,
          0,
          0,
          0,
          0
        ],
        "branches": {}
      },
      "D:/Users/Houssam/CUHK 2026/CUHK courses Term2/Software Engineering/SwenCode/cuhk_marketplace/app/controllers/messages_controller.rb": {
        "lines": [
          0,
          0,
          0,
          0,
          null,
          0,
          0,
          0,
          null,
          0,
          0,
          0,
          0,
          0,
          0,
          0,
          0,
          0,
          0,
          0,
          0,
          null,
          0,
          null,
          0,
          0,
          0,
          null,
          0,
          0,
          null,
          0,
          0,
          null,
          0,
          0,
          0,
          0
        ],
        "branches": {}
      },
      "D:/Users/Houssam/CUHK 2026/CUHK courses Term2/Software Engineering/SwenCode/cuhk_marketplace/app/controllers/users_controller.rb": {
        "lines": [
          0,
          0,
          0,
          0,
          null,
          0,
          0,
          0,
          null,
          0,
          0,
          0,
          0,
          0,
          0,
          0,
          0,
          null,
          0,
          null,
          0,
          0,
          0,
          0
        ],
        "branches": {}
      },
      "D:/Users/Houssam/CUHK 2026/CUHK courses Term2/Software Engineering/SwenCode/cuhk_marketplace/app/jobs/application_job.rb": {
        "lines": [
          0,
          null,
          null,
          null,
          null,
          null,
          0
        ],
        "branches": {}
      },
      "D:/Users/Houssam/CUHK 2026/CUHK courses Term2/Software Engineering/SwenCode/cuhk_marketplace/app/mailers/application_mailer.rb": {
        "lines": [
          0,
          0,
          0,
          0
        ],
        "branches": {}
      },
      "D:/Users/Houssam/CUHK 2026/CUHK courses Term2/Software Engineering/SwenCode/cuhk_marketplace/app/services/location_service.rb": {
        "lines": [
          0,
          0,
          0,
          null,
          0,
          0,
          0,
          0,
          0,
          0,
          0,
          0,
          0,
          0,
          0,
          null,
          0,
          0,
          0,
          0,
          0,
          null,
          0,
          0,
          null,
          null,
          0,
          0,
          null,
          0,
          0,
          null,
          0,
          0,
          0,
          0,
          0,
          null,
          0,
          0,
          null,
          0,
          0,
          0,
          null,
          0,
          0,
          null,
          0,
          0,
          0,
          null,
          0,
          0,
          null,
          0,
          0,
          0,
          0
        ],
        "branches": {}
      }
    },
    "timestamp": 1776072517
  }
}
