{
  "RSpec": {
    "coverage": {
      "C:/Users/hp/Desktop/CUHK/TERM 2/SWEN/CUHK-MARKTPLACE-V3/CUHK-Marketplace/app/channels/application_cable/connection.rb": {
        "lines": [
          1,
          1,
          1,
          null,
          1,
          2,
          null,
          null,
          1,
          null,
          1,
          null,
          2,
          1,
          null,
          1,
          null,
          null,
          null,
          null
        ],
        "branches": {
          "[:if, 0, 13, 6, 17, 9]": {
            "[:then, 1, 14, 8, 14, 21]": 1,
            "[:else, 2, 16, 8, 16, 38]": 1
          }
        }
      },
      "C:/Users/hp/Desktop/CUHK/TERM 2/SWEN/CUHK-MARKTPLACE-V3/CUHK-Marketplace/app/channels/notifications_channel.rb": {
        "lines": [
          1,
          1,
          null,
          1,
          null,
          null,
          1,
          null,
          null,
          null
        ],
        "branches": {
          "[:if, 0, 4, 4, 4, 71]": {
            "[:then, 1, 4, 4, 4, 55]": 1,
            "[:else, 2, 4, 4, 4, 71]": 0
          }
        }
      },
      "C:/Users/hp/Desktop/CUHK/TERM 2/SWEN/CUHK-MARKTPLACE-V3/CUHK-Marketplace/app/channels/application_cable/channel.rb": {
        "lines": [
          1,
          1,
          null,
          null
        ],
        "branches": {}
      },
      "C:/Users/hp/Desktop/CUHK/TERM 2/SWEN/CUHK-MARKTPLACE-V3/CUHK-Marketplace/app/models/college.rb": {
        "lines": [
          1,
          1,
          1,
          null,
          1,
          1,
          null,
          1,
          null,
          1,
          1,
          1,
          1,
          null,
          null,
          null,
          null,
          1,
          4,
          null,
          null,
          1,
          null,
          1,
          185,
          185,
          null,
          1,
          null,
          null
        ],
        "branches": {
          "[:unless, 0, 25, 4, 25, 39]": {
            "[:else, 1, 25, 4, 25, 39]": 185,
            "[:then, 2, 25, 4, 25, 10]": 0
          },
          "[:if, 3, 26, 4, 26, 49]": {
            "[:then, 4, 26, 4, 26, 10]": 184,
            "[:else, 5, 26, 4, 26, 49]": 1
          }
        }
      },
      "C:/Users/hp/Desktop/CUHK/TERM 2/SWEN/CUHK-MARKTPLACE-V3/CUHK-Marketplace/app/models/application_record.rb": {
        "lines": [
          1,
          1,
          null
        ],
        "branches": {}
      },
      "C:/Users/hp/Desktop/CUHK/TERM 2/SWEN/CUHK-MARKTPLACE-V3/CUHK-Marketplace/app/models/item.rb": {
        "lines": [
          1,
          1,
          1,
          null,
          1,
          1,
          1,
          1,
          1,
          1,
          1,
          1,
          1,
          null,
          1,
          null,
          1,
          1,
          1,
          null,
          null,
          null,
          1,
          null,
          36,
          null,
          1,
          null,
          1,
          1,
          null,
          null,
          null,
          null,
          null,
          null,
          null,
          null,
          null,
          null,
          null,
          null,
          null,
          null,
          null,
          null,
          null,
          null,
          null,
          1,
          21,
          null,
          null,
          1,
          2,
          null,
          0,
          null,
          null,
          1,
          3,
          3,
          null,
          3,
          null,
          null,
          null,
          null,
          null,
          1,
          2,
          2,
          null,
          2,
          null,
          null,
          null,
          null,
          null,
          1,
          0,
          0,
          0,
          null,
          null,
          null,
          1,
          81,
          null,
          null,
          1,
          75,
          null,
          null,
          1,
          11,
          null,
          null,
          8,
          8,
          null,
          null,
          null,
          1,
          6,
          null,
          null,
          1,
          38,
          30,
          27,
          24,
          null,
          23,
          22,
          null,
          19,
          null,
          null,
          1,
          8,
          6,
          5,
          4,
          null,
          3,
          null,
          null,
          1,
          154,
          null,
          null,
          1,
          148,
          null,
          null,
          1,
          null,
          1,
          146,
          null,
          4,
          null,
          null
        ],
        "branches": {
          "[:unless, 0, 55, 4, 55, 65]": {
            "[:else, 1, 55, 4, 55, 65]": 0,
            "[:then, 2, 55, 4, 55, 35]": 2
          },
          "[:unless, 3, 61, 4, 61, 52]": {
            "[:else, 4, 61, 4, 61, 52]": 3,
            "[:then, 5, 61, 4, 61, 14]": 0
          },
          "[:unless, 6, 62, 4, 62, 64]": {
            "[:else, 7, 62, 4, 62, 64]": 3,
            "[:then, 8, 62, 4, 62, 14]": 0
          },
          "[:unless, 9, 71, 4, 71, 52]": {
            "[:else, 10, 71, 4, 71, 52]": 2,
            "[:then, 11, 71, 4, 71, 14]": 0
          },
          "[:unless, 12, 72, 4, 72, 64]": {
            "[:else, 13, 72, 4, 72, 64]": 2,
            "[:then, 14, 72, 4, 72, 14]": 0
          },
          "[:if, 15, 96, 4, 96, 75]": {
            "[:then, 16, 96, 4, 96, 36]": 3,
            "[:else, 17, 96, 4, 96, 75]": 8
          },
          "[:if, 18, 99, 6, 101, 9]": {
            "[:then, 19, 100, 8, 100, 71]": 8,
            "[:else, 20, 99, 6, 101, 9]": 0
          },
          "[:\"&.\", 21, 105, 4, 105, 35]": {
            "[:then, 22, 105, 4, 105, 35]": 6,
            "[:else, 23, 105, 4, 105, 35]": 0
          },
          "[:if, 24, 109, 4, 109, 69]": {
            "[:then, 25, 109, 4, 109, 40]": 8,
            "[:else, 26, 109, 4, 109, 69]": 30
          },
          "[:if, 27, 110, 4, 110, 33]": {
            "[:then, 28, 110, 4, 110, 15]": 3,
            "[:else, 29, 110, 4, 110, 33]": 27
          },
          "[:\"&.\", 30, 111, 19, 111, 33]": {
            "[:then, 31, 111, 19, 111, 33]": 24,
            "[:else, 32, 111, 19, 111, 33]": 3
          },
          "[:if, 33, 111, 4, 111, 33]": {
            "[:then, 34, 111, 4, 111, 15]": 3,
            "[:else, 35, 111, 4, 111, 33]": 24
          },
          "[:\"&.\", 36, 112, 19, 112, 41]": {
            "[:then, 37, 112, 19, 112, 41]": 21,
            "[:else, 38, 112, 19, 112, 41]": 3
          },
          "[:if, 39, 112, 4, 112, 76]": {
            "[:then, 40, 112, 4, 112, 15]": 1,
            "[:else, 41, 112, 4, 112, 76]": 23
          },
          "[:\"&.\", 42, 114, 32, 114, 45]": {
            "[:then, 43, 114, 32, 114, 45]": 22,
            "[:else, 44, 114, 32, 114, 45]": 0
          },
          "[:if, 45, 114, 4, 114, 45]": {
            "[:then, 46, 114, 4, 114, 16]": 1,
            "[:else, 47, 114, 4, 114, 45]": 22
          },
          "[:if, 48, 115, 4, 115, 66]": {
            "[:then, 49, 115, 4, 115, 21]": 3,
            "[:else, 50, 115, 4, 115, 66]": 19
          },
          "[:if, 51, 121, 4, 121, 33]": {
            "[:then, 52, 121, 4, 121, 15]": 2,
            "[:else, 53, 121, 4, 121, 33]": 6
          },
          "[:if, 54, 122, 4, 122, 55]": {
            "[:then, 55, 122, 4, 122, 15]": 1,
            "[:else, 56, 122, 4, 122, 55]": 5
          },
          "[:\"&.\", 57, 123, 19, 123, 33]": {
            "[:then, 58, 123, 19, 123, 33]": 5,
            "[:else, 59, 123, 19, 123, 33]": 0
          },
          "[:if, 60, 123, 4, 123, 33]": {
            "[:then, 61, 123, 4, 123, 15]": 1,
            "[:else, 62, 123, 4, 123, 33]": 4
          },
          "[:\"&.\", 63, 124, 19, 124, 41]": {
            "[:then, 64, 124, 19, 124, 41]": 4,
            "[:else, 65, 124, 19, 124, 41]": 0
          },
          "[:if, 66, 124, 4, 124, 76]": {
            "[:then, 67, 124, 4, 124, 15]": 1,
            "[:else, 68, 124, 4, 124, 76]": 3
          },
          "[:\"&.\", 69, 130, 4, 130, 27]": {
            "[:then, 70, 130, 4, 130, 27]": 154,
            "[:else, 71, 130, 4, 130, 27]": 0
          },
          "[:unless, 72, 140, 4, 140, 47]": {
            "[:else, 73, 140, 4, 140, 47]": 4,
            "[:then, 74, 140, 4, 140, 10]": 142
          }
        }
      },
      "C:/Users/hp/Desktop/CUHK/TERM 2/SWEN/CUHK-MARKTPLACE-V3/CUHK-Marketplace/app/models/conversation.rb": {
        "lines": [
          1,
          1,
          1,
          1,
          null,
          1,
          null,
          1,
          null,
          1,
          42,
          null,
          null,
          null,
          null,
          null,
          1,
          4,
          null,
          null,
          1,
          2,
          null,
          null,
          1,
          78,
          null,
          null,
          1,
          140,
          140,
          null,
          0,
          null,
          null,
          null,
          1,
          14,
          null,
          null
        ],
        "branches": {
          "[:\"&.\", 0, 22, 27, 22, 41]": {
            "[:then, 1, 22, 27, 22, 41]": 1,
            "[:else, 2, 22, 27, 22, 41]": 0
          },
          "[:\"&.\", 3, 22, 46, 22, 61]": {
            "[:then, 4, 22, 46, 22, 61]": 1,
            "[:else, 5, 22, 46, 22, 61]": 0
          },
          "[:\"&.\", 6, 26, 4, 26, 12]": {
            "[:then, 7, 26, 4, 26, 12]": 78,
            "[:else, 8, 26, 4, 26, 12]": 0
          },
          "[:if, 9, 26, 4, 26, 41]": {
            "[:then, 10, 26, 27, 26, 33]": 38,
            "[:else, 11, 26, 36, 26, 41]": 40
          },
          "[:if, 12, 30, 4, 34, 7]": {
            "[:then, 13, 31, 6, 31, 35]": 140,
            "[:else, 14, 33, 6, 33, 45]": 0
          }
        }
      },
      "C:/Users/hp/Desktop/CUHK/TERM 2/SWEN/CUHK-MARKTPLACE-V3/CUHK-Marketplace/app/models/item_report.rb": {
        "lines": [
          1,
          1,
          null,
          1,
          1,
          1,
          null,
          1,
          null,
          1,
          null,
          1,
          1,
          null,
          8,
          null,
          1,
          null,
          1,
          0,
          null,
          null,
          1,
          3,
          null,
          3,
          null,
          0,
          null,
          0,
          null,
          null,
          null,
          1,
          3,
          3,
          3,
          null,
          2,
          null,
          2,
          2,
          null,
          null,
          null,
          null,
          null,
          2,
          null,
          null,
          null,
          2,
          3,
          null,
          null,
          null,
          null,
          null,
          null,
          null,
          null,
          null,
          1,
          null,
          1,
          8,
          11,
          null,
          null,
          null,
          null,
          null,
          null,
          null,
          null,
          1,
          8,
          null,
          null,
          1,
          11,
          null,
          1,
          null,
          null,
          1,
          9,
          9,
          null,
          0,
          null,
          null
        ],
        "branches": {
          "[:case, 0, 24, 4, 31, 7]": {
            "[:when, 1, 26, 6, 26, 22]": 3,
            "[:when, 2, 28, 6, 28, 37]": 0,
            "[:else, 3, 30, 6, 30, 22]": 0
          },
          "[:unless, 4, 36, 4, 36, 99]": {
            "[:else, 5, 36, 4, 36, 99]": 3,
            "[:then, 6, 36, 4, 36, 49]": 0
          },
          "[:if, 7, 37, 4, 37, 101]": {
            "[:then, 8, 37, 4, 37, 68]": 1,
            "[:else, 9, 37, 4, 37, 101]": 2
          },
          "[:\"&.\", 10, 81, 57, 81, 70]": {
            "[:then, 11, 81, 57, 81, 70]": 11,
            "[:else, 12, 81, 57, 81, 70]": 0
          },
          "[:unless, 13, 81, 4, 81, 70]": {
            "[:else, 14, 81, 4, 81, 70]": 1,
            "[:then, 15, 81, 4, 81, 10]": 10
          },
          "[:if, 16, 87, 4, 87, 25]": {
            "[:then, 17, 87, 4, 87, 10]": 0,
            "[:else, 18, 87, 4, 87, 25]": 9
          },
          "[:\"&.\", 19, 88, 35, 88, 53]": {
            "[:then, 20, 88, 35, 88, 53]": 9,
            "[:else, 21, 88, 35, 88, 53]": 0
          },
          "[:unless, 22, 88, 4, 88, 53]": {
            "[:else, 23, 88, 4, 88, 53]": 0,
            "[:then, 24, 88, 4, 88, 10]": 9
          }
        }
      },
      "C:/Users/hp/Desktop/CUHK/TERM 2/SWEN/CUHK-MARKTPLACE-V3/CUHK-Marketplace/app/models/notification.rb": {
        "lines": [
          1,
          1,
          1,
          1,
          null,
          84,
          null,
          1,
          null,
          1,
          null,
          1,
          72,
          null,
          null,
          null,
          null,
          null,
          1,
          null,
          72,
          null,
          null,
          null,
          null,
          null,
          null,
          null,
          1,
          160,
          null,
          null,
          1,
          10,
          null,
          null,
          1,
          52,
          null,
          null,
          1,
          74,
          null,
          null,
          1,
          94,
          null,
          null,
          1,
          72,
          null,
          0,
          null,
          2,
          null,
          1,
          null,
          3,
          null,
          2,
          null,
          11,
          null,
          3,
          null,
          null,
          null,
          null,
          null,
          1,
          11,
          11,
          null,
          11,
          null,
          null
        ],
        "branches": {
          "[:if, 0, 30, 4, 30, 41]": {
            "[:then, 1, 30, 4, 30, 14]": 107,
            "[:else, 2, 30, 4, 30, 41]": 53
          },
          "[:if, 3, 34, 4, 34, 40]": {
            "[:then, 4, 34, 4, 34, 14]": 10,
            "[:else, 5, 34, 4, 34, 40]": 0
          },
          "[:if, 6, 38, 4, 38, 46]": {
            "[:then, 7, 38, 4, 38, 14]": 42,
            "[:else, 8, 38, 4, 38, 46]": 10
          },
          "[:\"&.\", 9, 42, 18, 42, 37]": {
            "[:then, 10, 42, 18, 42, 37]": 51,
            "[:else, 11, 42, 18, 42, 37]": 15
          },
          "[:\"&.\", 12, 46, 4, 46, 22]": {
            "[:then, 13, 46, 4, 46, 22]": 56,
            "[:else, 14, 46, 4, 46, 22]": 38
          },
          "[:\"&.\", 15, 46, 4, 46, 29]": {
            "[:then, 16, 46, 4, 46, 29]": 56,
            "[:else, 17, 46, 4, 46, 29]": 38
          },
          "[:\"&.\", 18, 46, 33, 46, 57]": {
            "[:then, 19, 46, 33, 46, 57]": 28,
            "[:else, 20, 46, 33, 46, 57]": 10
          },
          "[:\"&.\", 21, 46, 33, 46, 64]": {
            "[:then, 22, 46, 33, 46, 64]": 28,
            "[:else, 23, 46, 33, 46, 64]": 10
          },
          "[:\"&.\", 24, 46, 68, 46, 86]": {
            "[:then, 25, 46, 68, 46, 86]": 10,
            "[:else, 26, 46, 68, 46, 86]": 0
          },
          "[:case, 27, 50, 4, 67, 7]": {
            "[:when, 28, 52, 6, 52, 93]": 0,
            "[:when, 29, 54, 6, 54, 66]": 2,
            "[:when, 30, 56, 6, 56, 73]": 1,
            "[:when, 31, 58, 6, 58, 73]": 3,
            "[:when, 32, 60, 6, 60, 104]": 2,
            "[:when, 33, 62, 6, 62, 70]": 11,
            "[:when, 34, 64, 6, 64, 124]": 3,
            "[:else, 35, 50, 4, 67, 7]": 50
          },
          "[:\"&.\", 36, 64, 69, 64, 107]": {
            "[:then, 37, 64, 69, 64, 107]": 3,
            "[:else, 38, 64, 69, 64, 107]": 0
          },
          "[:\"&.\", 39, 71, 11, 71, 38]": {
            "[:then, 40, 71, 11, 71, 38]": 11,
            "[:else, 41, 71, 11, 71, 38]": 0
          },
          "[:if, 42, 72, 4, 72, 48]": {
            "[:then, 43, 72, 4, 72, 33]": 0,
            "[:else, 44, 72, 4, 72, 48]": 11
          },
          "[:if, 45, 74, 4, 74, 52]": {
            "[:then, 46, 74, 23, 74, 45]": 0,
            "[:else, 47, 74, 48, 74, 52]": 11
          }
        }
      },
      "C:/Users/hp/Desktop/CUHK/TERM 2/SWEN/CUHK-MARKTPLACE-V3/CUHK-Marketplace/app/models/offer.rb": {
        "lines": [
          1,
          1,
          1,
          1,
          1,
          null,
          1,
          null,
          1,
          null,
          1,
          1,
          null,
          1,
          1,
          null,
          1,
          null,
          1,
          null,
          1,
          1,
          null,
          null,
          null,
          0,
          null,
          null,
          1,
          2,
          null,
          null,
          1,
          null,
          1,
          44,
          null,
          1,
          null,
          null,
          1,
          38,
          38,
          null,
          0,
          null,
          null,
          1,
          36,
          null,
          null,
          1,
          36,
          null,
          36,
          null,
          null,
          null,
          null,
          null,
          null,
          null
        ],
        "branches": {
          "[:\"&.\", 0, 25, 7, 25, 22]": {
            "[:then, 1, 25, 7, 25, 22]": 0,
            "[:else, 2, 25, 7, 25, 22]": 0
          },
          "[:unless, 3, 36, 4, 36, 60]": {
            "[:else, 4, 36, 4, 36, 60]": 1,
            "[:then, 5, 36, 4, 36, 10]": 43
          },
          "[:if, 6, 42, 4, 42, 25]": {
            "[:then, 7, 42, 4, 42, 10]": 0,
            "[:else, 8, 42, 4, 42, 25]": 38
          },
          "[:\"&.\", 9, 43, 63, 43, 78]": {
            "[:then, 10, 43, 63, 43, 78]": 38,
            "[:else, 11, 43, 63, 43, 78]": 0
          },
          "[:if, 12, 43, 4, 43, 78]": {
            "[:then, 13, 43, 4, 43, 10]": 38,
            "[:else, 14, 43, 4, 43, 78]": 0
          },
          "[:if, 15, 53, 4, 53, 29]": {
            "[:then, 16, 53, 4, 53, 10]": 0,
            "[:else, 17, 53, 4, 53, 29]": 36
          }
        }
      },
      "C:/Users/hp/Desktop/CUHK/TERM 2/SWEN/CUHK-MARKTPLACE-V3/CUHK-Marketplace/app/models/user.rb": {
        "lines": [
          1,
          1,
          null,
          1,
          null,
          1,
          1,
          1,
          1,
          1,
          1,
          1,
          1,
          1,
          1,
          1,
          1,
          null,
          1,
          null,
          36,
          1,
          null,
          1,
          343,
          null,
          null,
          1,
          4,
          null,
          null,
          1,
          2,
          null,
          null,
          1,
          126,
          null,
          null,
          1,
          2,
          null,
          null,
          1,
          326,
          null,
          null,
          1,
          25,
          null,
          null,
          1,
          2,
          1,
          null,
          null,
          1,
          2,
          2,
          1,
          1,
          1,
          1,
          null,
          null,
          null,
          1,
          3,
          2,
          null,
          null,
          1,
          4,
          null,
          null,
          1,
          4,
          null,
          null,
          1,
          4,
          null,
          null
        ],
        "branches": {
          "[:if, 0, 41, 4, 41, 29]": {
            "[:then, 1, 41, 14, 41, 21]": 2,
            "[:else, 2, 41, 24, 41, 29]": 0
          },
          "[:unless, 3, 53, 4, 53, 62]": {
            "[:else, 4, 53, 4, 53, 62]": 1,
            "[:then, 5, 53, 4, 53, 29]": 1
          },
          "[:if, 6, 59, 4, 64, 7]": {
            "[:then, 7, 60, 6, 63, 10]": 1,
            "[:else, 8, 59, 4, 64, 7]": 1
          },
          "[:unless, 9, 68, 4, 68, 35]": {
            "[:else, 10, 68, 4, 68, 35]": 2,
            "[:then, 11, 68, 4, 68, 14]": 1
          }
        }
      },
      "C:/Users/hp/Desktop/CUHK/TERM 2/SWEN/CUHK-MARKTPLACE-V3/CUHK-Marketplace/app/models/currency.rb": {
        "lines": [
          1,
          1,
          1,
          null,
          1,
          null,
          1,
          0,
          null,
          null,
          1,
          204,
          null,
          null,
          1,
          124,
          124,
          null,
          0,
          null,
          null,
          1,
          28,
          28,
          null,
          0,
          null,
          null
        ],
        "branches": {
          "[:if, 0, 17, 4, 17, 63]": {
            "[:then, 1, 17, 4, 17, 30]": 124,
            "[:else, 2, 17, 4, 17, 63]": 0
          },
          "[:if, 3, 24, 4, 24, 56]": {
            "[:then, 4, 24, 4, 24, 26]": 28,
            "[:else, 5, 24, 4, 24, 56]": 0
          }
        }
      },
      "C:/Users/hp/Desktop/CUHK/TERM 2/SWEN/CUHK-MARKTPLACE-V3/CUHK-Marketplace/app/models/category.rb": {
        "lines": [
          1,
          1,
          1,
          null,
          1,
          13,
          null,
          19,
          null,
          null
        ],
        "branches": {
          "[:unless, 0, 6, 4, 6, 36]": {
            "[:else, 1, 6, 4, 6, 36]": 13,
            "[:then, 2, 6, 4, 6, 15]": 0
          },
          "[:if, 3, 8, 31, 8, 63]": {
            "[:then, 4, 8, 58, 8, 59]": 0,
            "[:else, 5, 8, 62, 8, 63]": 6
          }
        }
      },
      "C:/Users/hp/Desktop/CUHK/TERM 2/SWEN/CUHK-MARKTPLACE-V3/CUHK-Marketplace/app/services/location_service.rb": {
        "lines": [
          1,
          1,
          1,
          null,
          null,
          1,
          null,
          null,
          null,
          null,
          null,
          null,
          null,
          null,
          null,
          null,
          1,
          4,
          4,
          null,
          null,
          null,
          1,
          14,
          null,
          null,
          14,
          14,
          null,
          14,
          14,
          null,
          14,
          null,
          null,
          null,
          14,
          null,
          14,
          null,
          null,
          1,
          2,
          2,
          null,
          2,
          null,
          null,
          1,
          1,
          1,
          null,
          1,
          null,
          null,
          1,
          0,
          null,
          null
        ],
        "branches": {
          "[:if, 0, 19, 4, 19, 90]": {
            "[:then, 1, 19, 4, 19, 78]": 2,
            "[:else, 2, 19, 4, 19, 90]": 2
          },
          "[:if, 3, 24, 4, 24, 64]": {
            "[:then, 4, 24, 4, 24, 12]": 0,
            "[:else, 5, 24, 4, 24, 64]": 14
          },
          "[:if, 6, 44, 4, 44, 37]": {
            "[:then, 7, 44, 4, 44, 12]": 0,
            "[:else, 8, 44, 4, 44, 37]": 2
          },
          "[:if, 9, 50, 4, 50, 34]": {
            "[:then, 10, 50, 4, 50, 14]": 0,
            "[:else, 11, 50, 4, 50, 34]": 1
          },
          "[:if, 12, 51, 4, 51, 33]": {
            "[:then, 13, 51, 4, 51, 12]": 0,
            "[:else, 14, 51, 4, 51, 33]": 1
          }
        }
      },
      "C:/Users/hp/Desktop/CUHK/TERM 2/SWEN/CUHK-MARKTPLACE-V3/CUHK-Marketplace/app/controllers/admin/dashboard_controller.rb": {
        "lines": [
          1,
          1,
          4,
          3,
          3,
          3,
          3,
          3,
          3,
          1,
          1,
          1,
          1,
          null,
          1,
          null,
          null,
          4,
          4,
          4,
          4,
          null,
          null,
          1,
          4,
          null,
          4,
          1,
          1,
          null,
          null,
          3,
          null,
          3,
          null,
          3,
          null,
          null,
          null,
          null,
          null,
          null,
          null,
          null,
          3,
          null,
          2,
          null,
          1,
          null,
          null,
          null,
          1,
          null,
          1,
          4,
          null,
          3,
          3,
          null,
          0,
          null,
          null
        ],
        "branches": {
          "[:if, 0, 3, 4, 16, 7]": {
            "[:then, 1, 4, 6, 9, 63]": 3,
            "[:else, 2, 10, 4, 15, 87]": 1
          },
          "[:if, 3, 10, 4, 15, 87]": {
            "[:then, 4, 11, 6, 15, 87]": 1,
            "[:else, 5, 10, 4, 15, 87]": 0
          },
          "[:if, 6, 27, 4, 30, 7]": {
            "[:then, 7, 28, 6, 29, 12]": 1,
            "[:else, 8, 27, 4, 30, 7]": 3
          },
          "[:if, 9, 32, 26, 32, 108]": {
            "[:then, 10, 32, 56, 32, 79]": 1,
            "[:else, 11, 32, 82, 32, 108]": 2
          },
          "[:if, 12, 45, 4, 50, 7]": {
            "[:then, 13, 47, 6, 47, 134]": 2,
            "[:else, 14, 49, 6, 49, 111]": 1
          },
          "[:if, 15, 56, 4, 56, 62]": {
            "[:then, 16, 56, 4, 56, 31]": 1,
            "[:else, 17, 56, 4, 56, 62]": 3
          },
          "[:if, 18, 59, 4, 59, 60]": {
            "[:then, 19, 59, 4, 59, 25]": 3,
            "[:else, 20, 59, 4, 59, 60]": 0
          }
        }
      },
      "C:/Users/hp/Desktop/CUHK/TERM 2/SWEN/CUHK-MARKTPLACE-V3/CUHK-Marketplace/app/controllers/admin/base_controller.rb": {
        "lines": [
          1,
          1,
          1,
          1,
          null,
          1,
          null,
          1,
          18,
          1,
          null,
          null,
          null,
          1,
          17,
          0,
          null,
          null,
          null
        ],
        "branches": {
          "[:unless, 0, 9, 4, 11, 7]": {
            "[:else, 1, 9, 4, 11, 7]": 17,
            "[:then, 2, 10, 6, 10, 58]": 1
          },
          "[:if, 3, 15, 4, 17, 7]": {
            "[:then, 4, 16, 6, 16, 97]": 0,
            "[:else, 5, 15, 4, 17, 7]": 17
          }
        }
      },
      "C:/Users/hp/Desktop/CUHK/TERM 2/SWEN/CUHK-MARKTPLACE-V3/CUHK-Marketplace/app/controllers/application_controller.rb": {
        "lines": [
          1,
          1,
          1,
          1,
          1,
          1,
          null,
          1,
          null,
          null,
          1,
          null,
          null,
          1,
          null,
          1,
          null,
          1,
          null,
          1,
          9,
          9,
          null,
          9,
          9,
          null,
          null,
          1,
          2,
          1,
          0,
          null,
          1,
          null,
          null,
          1,
          null,
          null,
          null,
          1,
          null,
          1,
          3,
          null,
          0,
          null,
          2,
          null,
          1,
          null,
          null,
          3,
          null,
          null,
          1,
          124,
          null,
          0,
          0,
          null,
          null,
          1,
          377,
          null,
          null,
          1,
          179,
          null,
          null,
          1,
          22,
          null,
          22,
          null,
          null,
          1,
          26,
          null,
          26,
          null,
          null,
          1,
          31,
          null,
          null,
          1,
          11,
          11,
          null,
          8,
          null,
          null,
          1,
          10,
          10,
          null,
          4,
          null,
          null,
          1,
          16,
          2,
          1,
          null,
          null,
          14,
          2,
          2,
          null,
          null,
          12,
          null,
          9,
          null,
          null,
          null,
          null,
          1,
          11,
          11,
          11,
          null,
          11,
          11,
          11,
          null,
          11,
          11,
          null,
          11,
          11,
          11,
          11,
          null,
          null,
          1,
          null,
          11,
          null,
          null,
          null,
          null,
          8,
          null,
          11,
          null,
          null,
          1,
          0,
          null,
          null,
          1,
          0,
          null,
          null,
          1,
          25,
          null,
          40,
          22,
          null,
          17,
          null,
          null,
          1,
          146,
          null,
          null,
          1,
          22,
          null,
          null,
          1,
          124,
          118,
          39,
          4,
          null,
          2,
          null,
          null,
          1,
          5,
          null,
          5,
          9,
          6,
          null,
          null,
          null
        ],
        "branches": {
          "[:if, 0, 29, 4, 37, 7]": {
            "[:then, 1, 30, 6, 34, 9]": 1,
            "[:else, 2, 36, 6, 36, 11]": 1
          },
          "[:if, 3, 30, 6, 34, 9]": {
            "[:then, 4, 31, 8, 31, 17]": 0,
            "[:else, 5, 33, 8, 33, 29]": 1
          },
          "[:case, 6, 43, 4, 50, 7]": {
            "[:when, 7, 45, 8, 45, 56]": 0,
            "[:when, 8, 47, 8, 47, 56]": 2,
            "[:else, 9, 49, 8, 49, 57]": 1
          },
          "[:\"&.\", 10, 56, 18, 56, 39]": {
            "[:then, 11, 56, 18, 56, 39]": 118,
            "[:else, 12, 56, 18, 56, 39]": 6
          },
          "[:unless, 13, 56, 4, 56, 39]": {
            "[:else, 14, 56, 4, 56, 39]": 0,
            "[:then, 15, 56, 4, 56, 10]": 124
          },
          "[:if, 16, 71, 4, 71, 29]": {
            "[:then, 17, 71, 4, 71, 10]": 0,
            "[:else, 18, 71, 4, 71, 29]": 22
          },
          "[:if, 19, 77, 4, 77, 25]": {
            "[:then, 20, 77, 4, 77, 10]": 0,
            "[:else, 21, 77, 4, 77, 25]": 26
          },
          "[:if, 22, 83, 4, 83, 51]": {
            "[:then, 23, 83, 34, 83, 43]": 4,
            "[:else, 24, 83, 46, 83, 51]": 27
          },
          "[:unless, 25, 88, 4, 88, 39]": {
            "[:else, 26, 88, 4, 88, 39]": 8,
            "[:then, 27, 88, 4, 88, 19]": 3
          },
          "[:\"&.\", 28, 94, 18, 94, 38]": {
            "[:then, 29, 94, 18, 94, 38]": 10,
            "[:else, 30, 94, 18, 94, 38]": 0
          },
          "[:unless, 31, 94, 4, 94, 38]": {
            "[:else, 32, 94, 4, 94, 38]": 10,
            "[:then, 33, 94, 4, 94, 10]": 0
          },
          "[:if, 34, 95, 4, 95, 46]": {
            "[:then, 35, 95, 4, 95, 10]": 6,
            "[:else, 36, 95, 4, 95, 46]": 4
          },
          "[:\"&.\", 37, 101, 7, 101, 27]": {
            "[:then, 38, 101, 7, 101, 27]": 13,
            "[:else, 39, 101, 7, 101, 27]": 3
          },
          "[:if, 40, 101, 4, 104, 7]": {
            "[:then, 41, 102, 6, 103, 21]": 2,
            "[:else, 42, 101, 4, 104, 7]": 14
          },
          "[:if, 43, 102, 6, 102, 113]": {
            "[:then, 44, 102, 6, 102, 72]": 1,
            "[:else, 45, 102, 6, 102, 113]": 1
          },
          "[:if, 46, 106, 4, 109, 7]": {
            "[:then, 47, 107, 6, 108, 64]": 2,
            "[:else, 48, 106, 4, 109, 7]": 12
          },
          "[:\"&.\", 49, 107, 34, 107, 58]": {
            "[:then, 50, 107, 34, 107, 58]": 2,
            "[:else, 51, 107, 34, 107, 58]": 0
          },
          "[:unless, 52, 107, 6, 107, 67]": {
            "[:else, 53, 107, 6, 107, 67]": 2,
            "[:then, 54, 107, 6, 107, 26]": 0
          },
          "[:\"&.\", 55, 111, 50, 111, 74]": {
            "[:then, 56, 111, 50, 111, 74]": 9,
            "[:else, 57, 111, 50, 111, 74]": 3
          },
          "[:unless, 58, 111, 4, 111, 83]": {
            "[:else, 59, 111, 4, 111, 83]": 9,
            "[:then, 60, 111, 4, 111, 42]": 3
          },
          "[:if, 61, 124, 20, 124, 112]": {
            "[:then, 62, 124, 83, 124, 106]": 0,
            "[:else, 63, 124, 109, 124, 112]": 11
          },
          "[:if, 64, 125, 20, 125, 112]": {
            "[:then, 65, 125, 83, 125, 106]": 0,
            "[:else, 66, 125, 109, 125, 112]": 11
          },
          "[:if, 67, 127, 17, 127, 88]": {
            "[:then, 68, 127, 42, 127, 73]": 0,
            "[:else, 69, 127, 76, 127, 88]": 11
          },
          "[:if, 70, 128, 17, 128, 92]": {
            "[:then, 71, 128, 42, 128, 75]": 0,
            "[:else, 72, 128, 78, 128, 92]": 11
          },
          "[:unless, 73, 157, 4, 157, 58]": {
            "[:else, 74, 157, 4, 157, 58]": 22,
            "[:then, 75, 157, 4, 157, 35]": 3
          },
          "[:if, 76, 159, 57, 159, 95]": {
            "[:then, 77, 159, 81, 159, 88]": 18,
            "[:else, 78, 159, 91, 159, 95]": 0
          },
          "[:if, 79, 160, 4, 160, 54]": {
            "[:then, 80, 160, 4, 160, 35]": 5,
            "[:else, 81, 160, 4, 160, 54]": 17
          },
          "[:\"&.\", 82, 174, 18, 174, 42]": {
            "[:then, 83, 174, 18, 174, 42]": 118,
            "[:else, 84, 174, 18, 174, 42]": 6
          },
          "[:unless, 85, 174, 4, 174, 42]": {
            "[:else, 86, 174, 4, 174, 42]": 118,
            "[:then, 87, 174, 4, 174, 10]": 6
          },
          "[:unless, 88, 175, 4, 175, 68]": {
            "[:else, 89, 175, 4, 175, 68]": 39,
            "[:then, 90, 175, 4, 175, 10]": 79
          },
          "[:if, 91, 176, 4, 176, 43]": {
            "[:then, 92, 176, 4, 176, 10]": 35,
            "[:else, 93, 176, 4, 176, 43]": 4
          },
          "[:if, 94, 177, 4, 177, 47]": {
            "[:then, 95, 177, 4, 177, 10]": 2,
            "[:else, 96, 177, 4, 177, 47]": 2
          }
        }
      },
      "C:/Users/hp/Desktop/CUHK/TERM 2/SWEN/CUHK-MARKTPLACE-V3/CUHK-Marketplace/app/helpers/application_helper.rb": {
        "lines": [
          1,
          null,
          1,
          null,
          null,
          null,
          null,
          null,
          null,
          null,
          null,
          null,
          null,
          1,
          91,
          null,
          89,
          89,
          null,
          null,
          null,
          null,
          null,
          null,
          1,
          14,
          14,
          14,
          14,
          14,
          null,
          14,
          null,
          11,
          null,
          0,
          null,
          0,
          null,
          1,
          null,
          0,
          null,
          0,
          null,
          0,
          null,
          1,
          null,
          1,
          null,
          0,
          null,
          null,
          null,
          1,
          316,
          null,
          null,
          1,
          48,
          48,
          null,
          48,
          null,
          null,
          1,
          133,
          19,
          null,
          null,
          114,
          null,
          null,
          1,
          103,
          null,
          103,
          null,
          null,
          1,
          2,
          null,
          0,
          null,
          2,
          null,
          0,
          null,
          null,
          null,
          1,
          null,
          2,
          2,
          null,
          0,
          null,
          null,
          2,
          null,
          null,
          1,
          9,
          null,
          3,
          null,
          0,
          null,
          6,
          null,
          0,
          null,
          null,
          null,
          1,
          7,
          null,
          7,
          3,
          4,
          4,
          null,
          0,
          null,
          null,
          null,
          1,
          62,
          16,
          null,
          null,
          46,
          6,
          null,
          5,
          null,
          null,
          40,
          12,
          null,
          null,
          28,
          null,
          null,
          1,
          45,
          45,
          null,
          12,
          null,
          null,
          1,
          45,
          null,
          36,
          null,
          null,
          1,
          45,
          null,
          null,
          1,
          7,
          0,
          0,
          null,
          null,
          7,
          1,
          null,
          null,
          6,
          null,
          null,
          1,
          7,
          null,
          null,
          1,
          7,
          0,
          0,
          null,
          null,
          7,
          null,
          6,
          null,
          null
        ],
        "branches": {
          "[:if, 0, 15, 4, 15, 32]": {
            "[:then, 1, 15, 4, 15, 13]": 2,
            "[:else, 2, 15, 4, 15, 32]": 89
          },
          "[:if, 3, 26, 4, 26, 75]": {
            "[:then, 4, 26, 4, 26, 35]": 10,
            "[:else, 5, 26, 4, 26, 75]": 4
          },
          "[:if, 6, 27, 4, 27, 73]": {
            "[:then, 7, 27, 4, 27, 34]": 2,
            "[:else, 8, 27, 4, 27, 73]": 12
          },
          "[:if, 9, 28, 4, 28, 81]": {
            "[:then, 10, 28, 4, 28, 36]": 2,
            "[:else, 11, 28, 4, 28, 81]": 12
          },
          "[:\"&.\", 12, 29, 52, 29, 64]": {
            "[:then, 13, 29, 52, 29, 64]": 10,
            "[:else, 14, 29, 52, 29, 64]": 2
          },
          "[:\"&.\", 15, 30, 16, 30, 27]": {
            "[:then, 16, 30, 16, 30, 27]": 10,
            "[:else, 17, 30, 16, 30, 27]": 4
          },
          "[:\"&.\", 18, 30, 16, 30, 34]": {
            "[:then, 19, 30, 16, 30, 34]": 10,
            "[:else, 20, 30, 16, 30, 34]": 4
          },
          "[:\"&.\", 21, 30, 38, 30, 50]": {
            "[:then, 22, 30, 38, 30, 50]": 2,
            "[:else, 23, 30, 38, 30, 50]": 2
          },
          "[:\"&.\", 24, 30, 38, 30, 57]": {
            "[:then, 25, 30, 38, 30, 57]": 2,
            "[:else, 26, 30, 38, 30, 57]": 2
          },
          "[:\"&.\", 27, 30, 61, 30, 72]": {
            "[:then, 28, 30, 61, 30, 72]": 2,
            "[:else, 29, 30, 61, 30, 72]": 0
          },
          "[:case, 30, 32, 4, 53, 7]": {
            "[:when, 31, 34, 6, 34, 122]": 11,
            "[:when, 32, 36, 6, 36, 124]": 0,
            "[:when, 33, 38, 6, 38, 129]": 0,
            "[:when, 34, 40, 6, 40, 62]": 1,
            "[:when, 35, 42, 6, 42, 134]": 0,
            "[:when, 36, 44, 6, 44, 95]": 0,
            "[:when, 37, 46, 6, 46, 87]": 0,
            "[:when, 38, 48, 6, 48, 85]": 1,
            "[:when, 39, 50, 6, 50, 80]": 1,
            "[:else, 40, 52, 6, 52, 66]": 0
          },
          "[:\"&.\", 41, 34, 79, 34, 91]": {
            "[:then, 42, 34, 79, 34, 91]": 9,
            "[:else, 43, 34, 79, 34, 91]": 2
          },
          "[:\"&.\", 44, 36, 81, 36, 93]": {
            "[:then, 45, 36, 81, 36, 93]": 0,
            "[:else, 46, 36, 81, 36, 93]": 0
          },
          "[:if, 47, 57, 4, 57, 51]": {
            "[:then, 48, 57, 34, 57, 43]": 64,
            "[:else, 49, 57, 46, 57, 51]": 252
          },
          "[:\"&.\", 50, 61, 11, 61, 32]": {
            "[:then, 51, 61, 11, 61, 32]": 48,
            "[:else, 52, 61, 11, 61, 32]": 0
          },
          "[:\"&.\", 53, 61, 11, 61, 38]": {
            "[:then, 54, 61, 11, 61, 38]": 48,
            "[:else, 55, 61, 11, 61, 38]": 0
          },
          "[:if, 56, 62, 4, 62, 38]": {
            "[:then, 57, 62, 4, 62, 23]": 0,
            "[:else, 58, 62, 4, 62, 38]": 48
          },
          "[:\"&.\", 59, 68, 7, 68, 27]": {
            "[:then, 60, 68, 7, 68, 27]": 118,
            "[:else, 61, 68, 7, 68, 27]": 15
          },
          "[:if, 62, 68, 4, 70, 7]": {
            "[:then, 63, 69, 6, 69, 102]": 19,
            "[:else, 64, 68, 4, 70, 7]": 114
          },
          "[:if, 65, 69, 13, 69, 102]": {
            "[:then, 66, 69, 50, 69, 97]": 2,
            "[:else, 67, 69, 100, 69, 102]": 17
          },
          "[:\"&.\", 68, 76, 66, 76, 86]": {
            "[:then, 69, 76, 66, 76, 86]": 100,
            "[:else, 70, 76, 66, 76, 86]": 3
          },
          "[:if, 71, 76, 4, 76, 86]": {
            "[:then, 72, 76, 4, 76, 62]": 0,
            "[:else, 73, 76, 4, 76, 86]": 103
          },
          "[:\"&.\", 74, 76, 11, 76, 45]": {
            "[:then, 75, 76, 11, 76, 45]": 0,
            "[:else, 76, 76, 11, 76, 45]": 0
          },
          "[:if, 77, 78, 4, 78, 78]": {
            "[:then, 78, 78, 44, 78, 69]": 47,
            "[:else, 79, 78, 72, 78, 78]": 56
          },
          "[:case, 80, 82, 4, 89, 7]": {
            "[:when, 81, 84, 6, 84, 17]": 0,
            "[:when, 82, 86, 6, 86, 20]": 2,
            "[:else, 83, 88, 6, 88, 16]": 0
          },
          "[:if, 84, 94, 6, 98, 9]": {
            "[:then, 85, 95, 8, 95, 22]": 2,
            "[:else, 86, 97, 8, 97, 21]": 0
          },
          "[:case, 87, 104, 4, 113, 7]": {
            "[:when, 88, 106, 6, 106, 105]": 3,
            "[:when, 89, 108, 6, 108, 80]": 0,
            "[:when, 90, 110, 6, 110, 94]": 6,
            "[:else, 91, 112, 6, 112, 8]": 0
          },
          "[:if, 92, 119, 4, 125, 7]": {
            "[:then, 93, 120, 6, 120, 31]": 3,
            "[:else, 94, 121, 4, 124, 30]": 4
          },
          "[:if, 95, 121, 4, 124, 30]": {
            "[:then, 96, 122, 6, 122, 34]": 4,
            "[:else, 97, 124, 6, 124, 30]": 0
          },
          "[:if, 98, 129, 4, 131, 7]": {
            "[:then, 99, 130, 6, 130, 51]": 16,
            "[:else, 100, 129, 4, 131, 7]": 46
          },
          "[:\"&.\", 101, 130, 36, 130, 50]": {
            "[:then, 102, 130, 36, 130, 50]": 14,
            "[:else, 103, 130, 36, 130, 50]": 2
          },
          "[:\"&.\", 104, 133, 7, 133, 27]": {
            "[:then, 105, 133, 7, 133, 27]": 36,
            "[:else, 106, 133, 7, 133, 27]": 10
          },
          "[:if, 107, 133, 4, 137, 7]": {
            "[:then, 108, 134, 6, 136, 21]": 6,
            "[:else, 109, 133, 4, 137, 7]": 40
          },
          "[:if, 110, 134, 6, 134, 106]": {
            "[:then, 111, 134, 6, 134, 65]": 1,
            "[:else, 112, 134, 6, 134, 106]": 5
          },
          "[:if, 113, 139, 4, 141, 7]": {
            "[:then, 114, 140, 6, 140, 21]": 12,
            "[:else, 115, 139, 4, 141, 7]": 28
          },
          "[:\"&.\", 116, 143, 27, 143, 48]": {
            "[:then, 117, 143, 27, 143, 48]": 21,
            "[:else, 118, 143, 27, 143, 48]": 7
          },
          "[:if, 119, 148, 4, 148, 59]": {
            "[:then, 120, 148, 4, 148, 15]": 33,
            "[:else, 121, 148, 4, 148, 59]": 12
          },
          "[:if, 122, 154, 4, 154, 28]": {
            "[:then, 123, 154, 4, 154, 10]": 9,
            "[:else, 124, 154, 4, 154, 28]": 36
          },
          "[:\"&.\", 125, 164, 7, 164, 27]": {
            "[:then, 126, 164, 7, 164, 27]": 5,
            "[:else, 127, 164, 7, 164, 27]": 2
          },
          "[:if, 128, 164, 4, 167, 7]": {
            "[:then, 129, 165, 6, 166, 88]": 0,
            "[:else, 130, 164, 4, 167, 7]": 7
          },
          "[:if, 131, 166, 6, 166, 88]": {
            "[:then, 132, 166, 6, 166, 68]": 0,
            "[:else, 133, 166, 6, 166, 88]": 0
          },
          "[:if, 134, 169, 4, 171, 7]": {
            "[:then, 135, 170, 6, 170, 81]": 1,
            "[:else, 136, 169, 4, 171, 7]": 6
          },
          "[:\"&.\", 137, 181, 7, 181, 27]": {
            "[:then, 138, 181, 7, 181, 27]": 5,
            "[:else, 139, 181, 7, 181, 27]": 2
          },
          "[:if, 140, 181, 4, 184, 7]": {
            "[:then, 141, 182, 6, 183, 71]": 0,
            "[:else, 142, 181, 4, 184, 7]": 7
          },
          "[:if, 143, 183, 6, 183, 71]": {
            "[:then, 144, 183, 6, 183, 51]": 0,
            "[:else, 145, 183, 6, 183, 71]": 0
          },
          "[:if, 146, 186, 4, 186, 119]": {
            "[:then, 147, 186, 4, 186, 36]": 1,
            "[:else, 148, 186, 4, 186, 119]": 6
          }
        }
      },
      "C:/Users/hp/Desktop/CUHK/TERM 2/SWEN/CUHK-MARKTPLACE-V3/CUHK-Marketplace/app/helpers/items_helper.rb": {
        "lines": [
          1,
          1,
          26,
          null,
          22,
          22,
          null,
          18,
          null,
          null,
          1,
          27,
          null,
          null,
          1,
          64,
          null,
          null,
          1,
          11,
          null,
          11,
          null,
          null,
          1,
          11,
          null,
          11,
          null,
          11,
          null,
          0,
          0,
          null,
          0,
          0,
          null,
          0,
          0,
          null,
          0,
          0,
          null,
          0,
          0,
          null,
          0,
          0,
          null,
          null,
          null,
          1,
          null,
          0,
          null,
          null,
          null,
          null,
          null,
          1,
          25,
          25,
          null,
          null,
          1,
          null,
          1,
          0,
          0,
          0,
          0,
          null,
          null,
          null
        ],
        "branches": {
          "[:unless, 0, 3, 4, 3, 39]": {
            "[:else, 1, 3, 4, 3, 39]": 22,
            "[:then, 2, 3, 4, 3, 16]": 4
          },
          "[:if, 3, 6, 4, 6, 71]": {
            "[:then, 4, 6, 4, 6, 59]": 4,
            "[:else, 5, 6, 4, 6, 71]": 18
          },
          "[:if, 6, 20, 4, 20, 34]": {
            "[:then, 7, 20, 4, 20, 13]": 0,
            "[:else, 8, 20, 4, 20, 34]": 11
          },
          "[:case, 9, 28, 4, 49, 7]": {
            "[:when, 10, 30, 6, 30, 11]": 11,
            "[:when, 11, 32, 6, 33, 53]": 0,
            "[:when, 12, 35, 6, 36, 47]": 0,
            "[:when, 13, 38, 6, 39, 44]": 0,
            "[:when, 14, 41, 6, 42, 47]": 0,
            "[:when, 15, 44, 6, 45, 50]": 0,
            "[:else, 16, 47, 6, 48, 47]": 0
          },
          "[:\"&.\", 17, 54, 6, 54, 25]": {
            "[:then, 18, 54, 6, 54, 25]": 0,
            "[:else, 19, 54, 6, 54, 25]": 0
          },
          "[:\"&.\", 20, 55, 6, 55, 24]": {
            "[:then, 21, 55, 6, 55, 24]": 0,
            "[:else, 22, 55, 6, 55, 24]": 0
          },
          "[:case, 23, 68, 4, 72, 7]": {
            "[:when, 24, 69, 20, 69, 25]": 0,
            "[:when, 25, 70, 20, 70, 26]": 0,
            "[:else, 26, 71, 9, 71, 14]": 0
          }
        }
      },
      "C:/Users/hp/Desktop/CUHK/TERM 2/SWEN/CUHK-MARKTPLACE-V3/CUHK-Marketplace/app/helpers/conversations_helper.rb": {
        "lines": [
          1,
          1,
          70,
          70,
          null,
          70,
          10,
          null,
          10,
          null,
          0,
          null,
          60,
          38,
          null,
          6,
          null,
          10,
          null,
          6,
          null,
          6,
          null,
          10,
          null,
          0,
          null,
          null,
          22,
          null,
          null,
          null,
          1,
          35,
          35,
          null,
          null,
          35,
          null,
          null,
          null,
          null,
          null,
          null,
          null,
          null,
          null
        ],
        "branches": {
          "[:if, 0, 4, 4, 4, 52]": {
            "[:then, 1, 4, 4, 4, 29]": 0,
            "[:else, 2, 4, 4, 4, 52]": 70
          },
          "[:if, 3, 6, 4, 30, 7]": {
            "[:then, 4, 7, 6, 12, 9]": 10,
            "[:else, 5, 13, 4, 29, 48]": 60
          },
          "[:case, 6, 7, 6, 12, 9]": {
            "[:when, 7, 9, 8, 9, 78]": 10,
            "[:when, 8, 11, 8, 11, 81]": 0,
            "[:else, 9, 7, 6, 12, 9]": 0
          },
          "[:if, 10, 13, 4, 29, 48]": {
            "[:then, 11, 14, 6, 27, 9]": 38,
            "[:else, 12, 29, 6, 29, 48]": 22
          },
          "[:case, 13, 14, 6, 27, 9]": {
            "[:when, 14, 16, 8, 16, 24]": 6,
            "[:when, 15, 18, 8, 18, 24]": 10,
            "[:when, 16, 20, 8, 20, 25]": 6,
            "[:when, 17, 22, 8, 22, 31]": 6,
            "[:when, 18, 24, 8, 24, 19]": 10,
            "[:else, 19, 26, 8, 26, 50]": 0
          },
          "[:\"&.\", 20, 38, 6, 38, 53]": {
            "[:then, 21, 38, 6, 38, 53]": 35,
            "[:else, 22, 38, 6, 38, 53]": 0
          },
          "[:\"&.\", 23, 40, 6, 40, 38]": {
            "[:then, 24, 40, 6, 40, 38]": 0,
            "[:else, 25, 40, 6, 40, 38]": 35
          },
          "[:\"&.\", 26, 42, 6, 42, 24]": {
            "[:then, 27, 42, 6, 42, 24]": 35,
            "[:else, 28, 42, 6, 42, 24]": 0
          },
          "[:\"&.\", 29, 42, 6, 42, 38]": {
            "[:then, 30, 42, 6, 42, 38]": 35,
            "[:else, 31, 42, 6, 42, 38]": 0
          }
        }
      },
      "C:/Users/hp/Desktop/CUHK/TERM 2/SWEN/CUHK-MARKTPLACE-V3/CUHK-Marketplace/app/helpers/messages_helper.rb": {
        "lines": [
          1,
          1,
          15,
          null,
          3,
          null,
          null,
          null,
          null,
          null,
          null,
          null,
          null,
          2,
          null,
          3,
          null,
          2,
          null,
          2,
          null,
          3,
          null,
          0,
          null,
          null,
          null
        ],
        "branches": {
          "[:case, 0, 3, 4, 25, 7]": {
            "[:when, 1, 5, 6, 12, 7]": 3,
            "[:when, 2, 14, 6, 14, 106]": 2,
            "[:when, 3, 16, 6, 16, 92]": 3,
            "[:when, 4, 18, 6, 18, 93]": 2,
            "[:when, 5, 20, 6, 20, 99]": 2,
            "[:when, 6, 22, 6, 22, 62]": 3,
            "[:else, 7, 24, 6, 24, 21]": 0
          }
        }
      },
      "C:/Users/hp/Desktop/CUHK/TERM 2/SWEN/CUHK-MARKTPLACE-V3/CUHK-Marketplace/app/helpers/admin/dashboard_helper.rb": {
        "lines": [
          1,
          1,
          3,
          3,
          null,
          1,
          null,
          null,
          1,
          0,
          0,
          null,
          0,
          null,
          null,
          1,
          0,
          0,
          0,
          0,
          null,
          0,
          null,
          null,
          null,
          1,
          4,
          null,
          null
        ],
        "branches": {
          "[:if, 0, 3, 4, 3, 40]": {
            "[:then, 1, 3, 4, 3, 16]": 0,
            "[:else, 2, 3, 4, 3, 40]": 3
          },
          "[:if, 3, 4, 4, 4, 38]": {
            "[:then, 4, 4, 4, 4, 15]": 2,
            "[:else, 5, 4, 4, 4, 38]": 1
          },
          "[:if, 6, 10, 4, 10, 35]": {
            "[:then, 7, 10, 4, 10, 19]": 0,
            "[:else, 8, 10, 4, 10, 35]": 0
          },
          "[:if, 9, 11, 4, 11, 44]": {
            "[:then, 10, 11, 4, 11, 19]": 0,
            "[:else, 11, 11, 4, 11, 44]": 0
          },
          "[:if, 12, 17, 4, 23, 7]": {
            "[:then, 13, 18, 6, 18, 20]": 0,
            "[:else, 14, 19, 4, 22, 22]": 0
          },
          "[:if, 15, 19, 4, 22, 22]": {
            "[:then, 16, 20, 6, 20, 22]": 0,
            "[:else, 17, 22, 6, 22, 22]": 0
          }
        }
      },
      "C:/Users/hp/Desktop/CUHK/TERM 2/SWEN/CUHK-MARKTPLACE-V3/CUHK-Marketplace/app/controllers/items_controller.rb": {
        "lines": [
          1,
          1,
          1,
          1,
          1,
          1,
          1,
          null,
          1,
          7,
          7,
          7,
          7,
          null,
          7,
          7,
          7,
          7,
          null,
          null,
          1,
          14,
          14,
          14,
          null,
          14,
          1,
          1,
          1,
          1,
          1,
          null,
          null,
          null,
          14,
          2,
          null,
          null,
          0,
          null,
          null,
          null,
          0,
          null,
          null,
          null,
          null,
          14,
          null,
          null,
          1,
          0,
          null,
          null,
          1,
          null,
          null,
          1,
          2,
          null,
          2,
          2,
          2,
          null,
          2,
          2,
          0,
          0,
          null,
          2,
          2,
          2,
          null,
          2,
          null,
          null,
          null,
          null,
          1,
          0,
          0,
          null,
          0,
          0,
          0,
          0,
          null,
          0,
          0,
          0,
          null,
          0,
          null,
          null,
          null,
          null,
          1,
          4,
          4,
          null,
          4,
          8,
          4,
          null,
          null,
          null,
          1,
          null,
          1,
          26,
          null,
          null,
          1,
          2,
          2,
          null,
          2,
          null,
          null,
          1,
          3,
          1,
          1,
          null,
          null,
          2,
          null,
          2,
          null,
          null,
          1,
          5,
          null,
          1,
          null,
          null,
          1,
          10,
          null,
          null,
          1,
          5,
          null,
          3,
          null,
          null,
          1,
          16,
          null,
          2,
          null,
          null,
          1,
          2,
          null,
          2,
          null,
          null,
          1,
          2,
          null,
          2,
          null,
          null,
          1,
          4,
          null,
          2,
          null,
          null,
          1,
          2,
          null,
          2,
          null,
          null,
          1,
          2,
          null,
          null,
          1,
          0,
          null,
          0,
          null,
          null,
          1,
          1,
          null,
          1,
          1,
          0,
          0,
          0,
          0,
          0,
          0,
          null,
          0,
          null,
          null,
          null
        ],
        "branches": {
          "[:if, 0, 22, 4, 22, 97]": {
            "[:then, 1, 22, 4, 22, 62]": 5,
            "[:else, 2, 22, 4, 22, 97]": 9
          },
          "[:if, 3, 23, 4, 23, 129]": {
            "[:then, 4, 23, 4, 23, 80]": 10,
            "[:else, 5, 23, 4, 23, 129]": 4
          },
          "[:if, 6, 26, 4, 32, 7]": {
            "[:then, 7, 27, 6, 31, 55]": 1,
            "[:else, 8, 26, 4, 32, 7]": 13
          },
          "[:if, 9, 35, 4, 46, 7]": {
            "[:then, 10, 36, 6, 45, 34]": 2,
            "[:else, 11, 35, 4, 46, 7]": 12
          },
          "[:unless, 12, 62, 4, 62, 67]": {
            "[:else, 13, 62, 4, 62, 67]": 0,
            "[:then, 14, 62, 4, 62, 40]": 2
          },
          "[:if, 15, 66, 6, 75, 9]": {
            "[:then, 16, 67, 8, 68, 71]": 0,
            "[:else, 17, 70, 8, 74, 80]": 2
          },
          "[:if, 18, 84, 6, 93, 9]": {
            "[:then, 19, 85, 8, 86, 66]": 0,
            "[:else, 20, 88, 8, 92, 80]": 0
          },
          "[:if, 21, 99, 22, 99, 85]": {
            "[:then, 22, 99, 58, 99, 72]": 0,
            "[:else, 23, 99, 75, 99, 85]": 4
          },
          "[:\"&.\", 24, 115, 53, 115, 73]": {
            "[:then, 25, 115, 53, 115, 73]": 2,
            "[:else, 26, 115, 53, 115, 73]": 0
          },
          "[:if, 27, 115, 6, 115, 73]": {
            "[:then, 28, 115, 6, 115, 49]": 0,
            "[:else, 29, 115, 6, 115, 73]": 2
          },
          "[:if, 30, 121, 6, 124, 9]": {
            "[:then, 31, 122, 8, 123, 14]": 1,
            "[:else, 32, 121, 6, 124, 9]": 2
          },
          "[:if, 33, 126, 6, 126, 27]": {
            "[:then, 34, 126, 6, 126, 12]": 0,
            "[:else, 35, 126, 6, 126, 27]": 2
          },
          "[:if, 36, 132, 6, 132, 32]": {
            "[:then, 37, 132, 6, 132, 12]": 4,
            "[:else, 38, 132, 6, 132, 32]": 1
          },
          "[:if, 39, 148, 6, 148, 47]": {
            "[:then, 40, 148, 6, 148, 12]": 14,
            "[:else, 41, 148, 6, 148, 47]": 2
          },
          "[:\"&.\", 42, 154, 70, 154, 89]": {
            "[:then, 43, 154, 70, 154, 89]": 2,
            "[:else, 44, 154, 70, 154, 89]": 0
          },
          "[:if, 45, 154, 6, 154, 89]": {
            "[:then, 46, 154, 6, 154, 48]": 0,
            "[:else, 47, 154, 6, 154, 89]": 2
          },
          "[:if, 48, 160, 6, 160, 33]": {
            "[:then, 49, 160, 6, 160, 12]": 0,
            "[:else, 50, 160, 6, 160, 33]": 2
          },
          "[:\"&.\", 51, 166, 20, 166, 61]": {
            "[:then, 52, 166, 20, 166, 61]": 4,
            "[:else, 53, 166, 20, 166, 61]": 0
          },
          "[:unless, 54, 166, 6, 166, 61]": {
            "[:else, 55, 166, 6, 166, 61]": 2,
            "[:then, 56, 166, 6, 166, 12]": 2
          },
          "[:\"&.\", 57, 172, 20, 172, 56]": {
            "[:then, 58, 172, 20, 172, 56]": 2,
            "[:else, 59, 172, 20, 172, 56]": 0
          },
          "[:unless, 60, 172, 6, 172, 56]": {
            "[:else, 61, 172, 6, 172, 56]": 2,
            "[:then, 62, 172, 6, 172, 12]": 0
          },
          "[:\"&.\", 63, 182, 41, 182, 61]": {
            "[:then, 64, 182, 41, 182, 61]": 0,
            "[:else, 65, 182, 41, 182, 61]": 0
          },
          "[:unless, 66, 182, 6, 182, 61]": {
            "[:else, 67, 182, 6, 182, 61]": 0,
            "[:then, 68, 182, 6, 182, 33]": 0
          },
          "[:unless, 69, 188, 6, 188, 32]": {
            "[:else, 70, 188, 6, 188, 32]": 1,
            "[:then, 71, 188, 6, 188, 16]": 0
          },
          "[:if, 72, 190, 6, 200, 9]": {
            "[:then, 73, 191, 8, 191, 32]": 1,
            "[:else, 74, 192, 6, 199, 37]": 0
          },
          "[:if, 75, 192, 6, 199, 37]": {
            "[:then, 76, 193, 8, 193, 38]": 0,
            "[:else, 77, 194, 6, 199, 37]": 0
          },
          "[:if, 78, 194, 6, 199, 37]": {
            "[:then, 79, 195, 8, 195, 41]": 0,
            "[:else, 80, 196, 6, 199, 37]": 0
          },
          "[:if, 81, 196, 6, 199, 37]": {
            "[:then, 82, 197, 8, 197, 26]": 0,
            "[:else, 83, 199, 8, 199, 37]": 0
          }
        }
      },
      "C:/Users/hp/Desktop/CUHK/TERM 2/SWEN/CUHK-MARKTPLACE-V3/CUHK-Marketplace/app/controllers/admin/setups_controller.rb": {
        "lines": [
          1,
          1,
          1,
          null,
          null,
          1,
          1,
          null,
          1,
          1,
          1,
          null,
          0,
          null,
          null,
          null,
          1,
          null,
          1,
          1,
          null,
          null
        ],
        "branches": {
          "[:if, 0, 9, 4, 14, 7]": {
            "[:then, 1, 10, 6, 11, 89]": 1,
            "[:else, 2, 13, 6, 13, 49]": 0
          }
        }
      },
      "C:/Users/hp/Desktop/CUHK/TERM 2/SWEN/CUHK-MARKTPLACE-V3/CUHK-Marketplace/app/controllers/admin/college_rules_controller.rb": {
        "lines": [
          1,
          1,
          2,
          null,
          2,
          0,
          0,
          null,
          null,
          2,
          null,
          2,
          2,
          null,
          0,
          null,
          null,
          null,
          1,
          null,
          1,
          2,
          2,
          null,
          null,
          1,
          4,
          null,
          null,
          1,
          2,
          null,
          1,
          1,
          null,
          null,
          1,
          2,
          null,
          1,
          null,
          null
        ],
        "branches": {
          "[:unless, 0, 5, 4, 8, 7]": {
            "[:else, 1, 5, 4, 8, 7]": 2,
            "[:then, 2, 6, 6, 7, 12]": 0
          },
          "[:if, 3, 12, 4, 16, 7]": {
            "[:then, 4, 13, 6, 13, 90]": 2,
            "[:else, 5, 15, 6, 15, 106]": 0
          },
          "[:if, 6, 31, 4, 31, 62]": {
            "[:then, 7, 31, 4, 31, 31]": 1,
            "[:else, 8, 31, 4, 31, 62]": 1
          },
          "[:unless, 9, 38, 4, 38, 61]": {
            "[:else, 10, 38, 4, 38, 61]": 1,
            "[:then, 11, 38, 4, 38, 13]": 1
          }
        }
      },
      "C:/Users/hp/Desktop/CUHK/TERM 2/SWEN/CUHK-MARKTPLACE-V3/CUHK-Marketplace/app/controllers/admin/users_controller.rb": {
        "lines": [
          1,
          1,
          1,
          1,
          null,
          1,
          1,
          0,
          0,
          null,
          null,
          1,
          1,
          null,
          null,
          1,
          1,
          0,
          0,
          null,
          null,
          1,
          1,
          null,
          null,
          1,
          null,
          1,
          4,
          null,
          null,
          1,
          4,
          2,
          null,
          1,
          null,
          null,
          1,
          3,
          null,
          1,
          null,
          null
        ],
        "branches": {
          "[:if, 0, 7, 4, 10, 7]": {
            "[:then, 1, 8, 6, 9, 12]": 0,
            "[:else, 2, 7, 4, 10, 7]": 1
          },
          "[:unless, 3, 17, 4, 20, 7]": {
            "[:else, 4, 17, 4, 20, 7]": 1,
            "[:then, 5, 18, 6, 19, 12]": 0
          },
          "[:if, 6, 33, 4, 33, 33]": {
            "[:then, 7, 33, 4, 33, 10]": 2,
            "[:else, 8, 33, 4, 33, 33]": 2
          },
          "[:if, 9, 34, 4, 34, 106]": {
            "[:then, 10, 34, 4, 34, 10]": 1,
            "[:else, 11, 34, 4, 34, 106]": 1
          },
          "[:unless, 12, 40, 4, 40, 39]": {
            "[:else, 13, 40, 4, 40, 39]": 1,
            "[:then, 14, 40, 4, 40, 10]": 2
          }
        }
      },
      "C:/Users/hp/Desktop/CUHK/TERM 2/SWEN/CUHK-MARKTPLACE-V3/CUHK-Marketplace/app/controllers/dashboards_controller.rb": {
        "lines": [
          1,
          1,
          null,
          1,
          2,
          2,
          null,
          null,
          null,
          2,
          2,
          null,
          null,
          1,
          0,
          0,
          null,
          null,
          1,
          1,
          null,
          1,
          1,
          null,
          0,
          null,
          null,
          null,
          null,
          1,
          null,
          null,
          null,
          null,
          null,
          null,
          null,
          null,
          null,
          null,
          null,
          null,
          null,
          null,
          null,
          1,
          null,
          1,
          6,
          6,
          6,
          13,
          6,
          6,
          6,
          6,
          6,
          6,
          6,
          null,
          null,
          1,
          null,
          1,
          1,
          null,
          null,
          1,
          6,
          6,
          6,
          null,
          null,
          1,
          6,
          null,
          6,
          5,
          0,
          null,
          0,
          null,
          null,
          1,
          6,
          null,
          null,
          1,
          6,
          108,
          null,
          6,
          null,
          5,
          5,
          5,
          5,
          null,
          null,
          5,
          null,
          null,
          null,
          5,
          null,
          null,
          5,
          null,
          null,
          null,
          null,
          null,
          null,
          null,
          null,
          null,
          null,
          null,
          null,
          null,
          null,
          null,
          1,
          10,
          null,
          10,
          6,
          null,
          null,
          null,
          1,
          10,
          10,
          10,
          null,
          10,
          null,
          null,
          1,
          10,
          10,
          10,
          10,
          null,
          20,
          8,
          8,
          null,
          8,
          null,
          null,
          null,
          null,
          null,
          null,
          null,
          null,
          1,
          10,
          null,
          5,
          null,
          5,
          null,
          0,
          null,
          null,
          null,
          1,
          20,
          null,
          null,
          1,
          20,
          null,
          null,
          1,
          152,
          null,
          null,
          1,
          5,
          5,
          null,
          null,
          5,
          null,
          null,
          null,
          null,
          null,
          null,
          1,
          20,
          20,
          null,
          null,
          1,
          5,
          5,
          null,
          5,
          5,
          5,
          null,
          5,
          null,
          null,
          1,
          15,
          null,
          null,
          1,
          30,
          120,
          null,
          null
        ],
        "branches": {
          "[:if, 0, 22, 4, 26, 7]": {
            "[:then, 1, 23, 6, 23, 70]": 1,
            "[:else, 2, 25, 6, 25, 56]": 0
          },
          "[:if, 3, 77, 4, 77, 51]": {
            "[:then, 4, 77, 4, 77, 35]": 1,
            "[:else, 5, 77, 4, 77, 51]": 5
          },
          "[:if, 6, 78, 4, 78, 36]": {
            "[:then, 7, 78, 4, 78, 22]": 5,
            "[:else, 8, 78, 4, 78, 36]": 0
          },
          "[:if, 9, 79, 4, 79, 46]": {
            "[:then, 10, 79, 4, 79, 27]": 0,
            "[:else, 11, 79, 4, 79, 46]": 0
          },
          "[:if, 12, 85, 4, 85, 87]": {
            "[:then, 13, 85, 55, 85, 74]": 5,
            "[:else, 14, 85, 77, 85, 87]": 1
          },
          "[:if, 15, 92, 4, 92, 132]": {
            "[:then, 16, 92, 4, 92, 109]": 1,
            "[:else, 17, 92, 4, 92, 132]": 5
          },
          "[:if, 18, 133, 4, 133, 54]": {
            "[:then, 19, 133, 4, 133, 41]": 5,
            "[:else, 20, 133, 4, 133, 54]": 5
          },
          "[:if, 21, 142, 4, 142, 54]": {
            "[:then, 22, 142, 4, 142, 41]": 5,
            "[:else, 23, 142, 4, 142, 54]": 5
          },
          "[:case, 24, 159, 4, 166, 7]": {
            "[:when, 25, 161, 6, 161, 34]": 5,
            "[:when, 26, 163, 6, 163, 31]": 5,
            "[:else, 27, 165, 6, 165, 68]": 0
          }
        }
      },
      "C:/Users/hp/Desktop/CUHK/TERM 2/SWEN/CUHK-MARKTPLACE-V3/CUHK-Marketplace/app/controllers/api/locations_controller.rb": {
        "lines": [
          1,
          1,
          2,
          2,
          1,
          null,
          1,
          null,
          null,
          null,
          1,
          1,
          1,
          null,
          1,
          1,
          null,
          1,
          9,
          9,
          2,
          2,
          null,
          null,
          null,
          1,
          1,
          null,
          0,
          null,
          null,
          null,
          1,
          1,
          null,
          9,
          null,
          null,
          null,
          null,
          null,
          1,
          null,
          null
        ],
        "branches": {
          "[:if, 0, 4, 4, 8, 7]": {
            "[:then, 1, 5, 6, 5, 86]": 1,
            "[:else, 2, 7, 6, 7, 70]": 1
          },
          "[:if, 3, 20, 6, 23, 9]": {
            "[:then, 4, 21, 8, 22, 21]": 2,
            "[:else, 5, 20, 6, 23, 9]": 7
          },
          "[:if, 6, 26, 4, 30, 7]": {
            "[:then, 7, 27, 6, 27, 114]": 1,
            "[:else, 8, 29, 6, 29, 69]": 0
          }
        }
      },
      "C:/Users/hp/Desktop/CUHK/TERM 2/SWEN/CUHK-MARKTPLACE-V3/CUHK-Marketplace/app/controllers/users/sessions_controller.rb": {
        "lines": [
          1,
          1,
          4,
          null,
          3,
          1,
          1,
          1,
          1,
          null,
          2,
          2,
          2,
          null,
          2,
          null,
          null,
          null,
          1,
          null,
          1,
          2,
          2,
          null,
          2,
          null,
          2,
          null,
          2,
          null,
          2,
          null,
          null,
          1,
          1,
          null,
          null
        ],
        "branches": {
          "[:if, 0, 5, 4, 16, 7]": {
            "[:then, 1, 6, 6, 9, 71]": 1,
            "[:else, 2, 11, 6, 15, 48]": 2
          },
          "[:if, 3, 8, 6, 8, 36]": {
            "[:then, 4, 8, 6, 8, 20]": 0,
            "[:else, 5, 8, 6, 8, 36]": 1
          },
          "[:unless, 6, 25, 4, 25, 74]": {
            "[:else, 7, 25, 4, 25, 74]": 2,
            "[:then, 8, 25, 4, 25, 42]": 0
          },
          "[:\"&.\", 9, 29, 46, 29, 68]": {
            "[:then, 10, 29, 46, 29, 68]": 1,
            "[:else, 11, 29, 46, 29, 68]": 1
          },
          "[:if, 12, 29, 4, 29, 68]": {
            "[:then, 13, 29, 4, 29, 42]": 0,
            "[:else, 14, 29, 4, 29, 68]": 2
          },
          "[:if, 15, 31, 4, 31, 79]": {
            "[:then, 16, 31, 29, 31, 45]": 1,
            "[:else, 17, 31, 48, 31, 79]": 1
          }
        }
      },
      "C:/Users/hp/Desktop/CUHK/TERM 2/SWEN/CUHK-MARKTPLACE-V3/CUHK-Marketplace/app/controllers/conversations_controller.rb": {
        "lines": [
          1,
          1,
          1,
          1,
          null,
          1,
          7,
          null,
          null,
          1,
          0,
          null,
          null,
          1,
          4,
          null,
          4,
          2,
          2,
          null,
          null,
          2,
          0,
          0,
          null,
          null,
          2,
          0,
          0,
          null,
          null,
          2,
          2,
          1,
          1,
          null,
          null,
          null,
          1,
          1,
          null,
          1,
          1,
          null,
          0,
          null,
          null,
          null,
          1,
          null,
          1,
          7,
          null,
          null,
          null,
          null,
          7,
          14,
          null,
          0,
          null,
          null,
          7,
          7,
          7,
          null,
          null,
          1,
          0,
          null,
          null,
          1,
          0,
          null,
          0,
          null,
          null,
          1,
          7,
          null,
          7,
          null,
          null,
          null,
          null,
          null,
          null
        ],
        "branches": {
          "[:unless, 0, 17, 4, 20, 7]": {
            "[:else, 1, 17, 4, 20, 7]": 2,
            "[:then, 2, 18, 6, 19, 12]": 2
          },
          "[:if, 3, 22, 4, 25, 7]": {
            "[:then, 4, 23, 6, 24, 12]": 0,
            "[:else, 5, 22, 4, 25, 7]": 2
          },
          "[:if, 6, 27, 4, 30, 7]": {
            "[:then, 7, 28, 6, 29, 12]": 0,
            "[:else, 8, 27, 4, 30, 7]": 2
          },
          "[:if, 9, 33, 4, 36, 7]": {
            "[:then, 10, 34, 6, 35, 12]": 1,
            "[:else, 11, 33, 4, 36, 7]": 1
          },
          "[:if, 12, 42, 4, 46, 7]": {
            "[:then, 13, 43, 6, 43, 102]": 1,
            "[:else, 14, 45, 6, 45, 73]": 0
          },
          "[:if, 15, 57, 28, 61, 7]": {
            "[:then, 16, 58, 6, 58, 117]": 7,
            "[:else, 17, 60, 6, 60, 26]": 0
          },
          "[:if, 18, 63, 16, 63, 97]": {
            "[:then, 19, 63, 40, 63, 92]": 7,
            "[:else, 20, 63, 95, 63, 97]": 0
          },
          "[:if, 21, 73, 4, 73, 53]": {
            "[:then, 22, 73, 4, 73, 10]": 0,
            "[:else, 23, 73, 4, 73, 53]": 0
          },
          "[:unless, 24, 79, 4, 79, 39]": {
            "[:else, 25, 79, 4, 79, 39]": 7,
            "[:then, 26, 79, 4, 79, 10]": 0
          }
        }
      },
      "C:/Users/hp/Desktop/CUHK/TERM 2/SWEN/CUHK-MARKTPLACE-V3/CUHK-Marketplace/app/models/message.rb": {
        "lines": [
          1,
          1,
          1,
          1,
          1,
          null,
          1,
          1,
          null,
          1,
          null,
          15,
          1,
          null,
          1,
          2,
          2,
          null,
          2,
          null,
          null,
          1,
          7,
          null,
          null,
          1,
          82,
          null,
          null,
          1,
          182,
          131,
          51,
          0,
          null,
          null,
          null,
          1,
          29,
          null,
          null,
          1,
          84,
          null,
          null,
          1,
          14,
          null,
          null,
          14,
          14,
          null,
          0,
          null,
          null,
          14,
          null,
          0,
          null,
          null,
          1,
          null,
          1,
          14,
          null,
          14,
          28,
          null,
          null,
          null,
          null,
          null,
          null,
          null,
          null
        ],
        "branches": {
          "[:unless, 0, 17, 4, 17, 111]": {
            "[:else, 1, 17, 4, 17, 111]": 2,
            "[:then, 2, 17, 4, 17, 56]": 0
          },
          "[:if, 3, 31, 4, 35, 7]": {
            "[:then, 4, 32, 6, 32, 87]": 131,
            "[:else, 5, 33, 4, 34, 21]": 51
          },
          "[:if, 6, 33, 4, 34, 21]": {
            "[:then, 7, 34, 6, 34, 21]": 0,
            "[:else, 8, 33, 4, 34, 21]": 51
          },
          "[:unless, 9, 47, 4, 47, 38]": {
            "[:else, 10, 47, 4, 47, 38]": 14,
            "[:then, 11, 47, 4, 47, 10]": 0
          },
          "[:if, 12, 50, 6, 54, 9]": {
            "[:then, 13, 51, 8, 51, 90]": 14,
            "[:else, 14, 53, 8, 53, 57]": 0
          }
        }
      },
      "C:/Users/hp/Desktop/CUHK/TERM 2/SWEN/CUHK-MARKTPLACE-V3/CUHK-Marketplace/app/controllers/messages_controller.rb": {
        "lines": [
          1,
          1,
          1,
          1,
          null,
          1,
          1,
          1,
          null,
          1,
          0,
          0,
          0,
          null,
          null,
          1,
          1,
          2,
          null,
          null,
          null,
          null,
          1,
          null,
          1,
          2,
          null,
          null,
          1,
          2,
          null,
          1,
          null,
          null,
          1,
          1,
          null,
          null
        ],
        "branches": {
          "[:if, 0, 10, 4, 20, 7]": {
            "[:then, 1, 11, 6, 14, 9]": 0,
            "[:else, 2, 16, 6, 19, 9]": 1
          },
          "[:if, 3, 30, 4, 30, 53]": {
            "[:then, 4, 30, 4, 30, 10]": 1,
            "[:else, 5, 30, 4, 30, 53]": 1
          }
        }
      },
      "C:/Users/hp/Desktop/CUHK/TERM 2/SWEN/CUHK-MARKTPLACE-V3/CUHK-Marketplace/app/controllers/users_controller.rb": {
        "lines": [
          1,
          1,
          2,
          null,
          null,
          1,
          0,
          null,
          null,
          1,
          0,
          0,
          0,
          null,
          0,
          null,
          null,
          null,
          1,
          null,
          1,
          0,
          null,
          null
        ],
        "branches": {
          "[:if, 0, 12, 4, 16, 7]": {
            "[:then, 1, 13, 6, 13, 74]": 0,
            "[:else, 2, 15, 6, 15, 49]": 0
          }
        }
      },
      "C:/Users/hp/Desktop/CUHK/TERM 2/SWEN/CUHK-MARKTPLACE-V3/CUHK-Marketplace/app/models/favorite.rb": {
        "lines": [
          1,
          1,
          1,
          null,
          1,
          null
        ],
        "branches": {}
      },
      "C:/Users/hp/Desktop/CUHK/TERM 2/SWEN/CUHK-MARKTPLACE-V3/CUHK-Marketplace/app/controllers/offers_controller.rb": {
        "lines": [
          1,
          1,
          1,
          null,
          1,
          4,
          null,
          4,
          2,
          2,
          null,
          null,
          2,
          0,
          0,
          null,
          null,
          2,
          0,
          0,
          null,
          null,
          2,
          null,
          2,
          0,
          0,
          null,
          null,
          2,
          null,
          2,
          2,
          2,
          2,
          2,
          null,
          2,
          2,
          null,
          2,
          2,
          2,
          null,
          null,
          null,
          null,
          null,
          null,
          null,
          2,
          null,
          0,
          null,
          null,
          null,
          1,
          0,
          0,
          0,
          null,
          null,
          0,
          null,
          0,
          0,
          0,
          null,
          0,
          0,
          0,
          null,
          null,
          null,
          null,
          null,
          null,
          null,
          0,
          null,
          0,
          null,
          null,
          null,
          1,
          3,
          null,
          2,
          null,
          2,
          2,
          2,
          2,
          null,
          2,
          2,
          null,
          1,
          1,
          null,
          null,
          2,
          1,
          1,
          null,
          null,
          1,
          1,
          null,
          null,
          null,
          null,
          null,
          null,
          1,
          null,
          null,
          1,
          2,
          2,
          null,
          2,
          2,
          2,
          null,
          null,
          null,
          null,
          null,
          null,
          2,
          null,
          null,
          null,
          1,
          1,
          null,
          1,
          null,
          1,
          1,
          1,
          1,
          null,
          1,
          1,
          null,
          1,
          1,
          1,
          null,
          null,
          1,
          0,
          0,
          null,
          null,
          1,
          null,
          1,
          1,
          null,
          null,
          null,
          null,
          null,
          null,
          1,
          null,
          null,
          1,
          5,
          null,
          5,
          null,
          5,
          1,
          1,
          null,
          null,
          4,
          null,
          4,
          4,
          4,
          4,
          null,
          4,
          4,
          null,
          3,
          3,
          null,
          1,
          1,
          null,
          null,
          2,
          2,
          2,
          null,
          null,
          4,
          2,
          2,
          null,
          null,
          2,
          2,
          null,
          null,
          null,
          null,
          null,
          null,
          2,
          null,
          null,
          1,
          1,
          0,
          0,
          null,
[...]
            "[:then, 13, 30, 30, 30, 55]": 0,
            "[:else, 14, 30, 30, 30, 55]": 1
          },
          "[:if, 15, 36, 4, 36, 56]": {
            "[:then, 16, 36, 4, 36, 29]": 0,
            "[:else, 17, 36, 4, 36, 56]": 1
          },
          "[:if, 18, 41, 4, 54, 7]": {
            "[:then, 19, 42, 6, 51, 106]": 1,
            "[:else, 20, 53, 6, 53, 82]": 0
          },
          "[:if, 21, 42, 6, 42, 144]": {
            "[:then, 22, 42, 6, 42, 117]": 0,
            "[:else, 23, 42, 6, 42, 144]": 1
          },
          "[:unless, 24, 58, 4, 61, 7]": {
            "[:else, 25, 58, 4, 61, 7]": 0,
            "[:then, 26, 59, 6, 60, 12]": 0
          },
          "[:if, 27, 67, 4, 67, 67]": {
            "[:then, 28, 67, 4, 67, 29]": 0,
            "[:else, 29, 67, 4, 67, 67]": 0
          },
          "[:if, 30, 69, 4, 82, 7]": {
            "[:then, 31, 70, 6, 79, 106]": 0,
            "[:else, 32, 81, 6, 81, 77]": 0
          },
          "[:unless, 33, 86, 4, 86, 127]": {
            "[:else, 34, 86, 4, 86, 127]": 0,
            "[:then, 35, 86, 4, 86, 90]": 0
          },
          "[:if, 36, 96, 6, 96, 51]": {
            "[:then, 37, 96, 6, 96, 34]": 0,
            "[:else, 38, 96, 6, 96, 51]": 0
          },
          "[:if, 39, 102, 4, 105, 7]": {
            "[:then, 40, 103, 6, 104, 12]": 0,
            "[:else, 41, 102, 4, 105, 7]": 0
          },
          "[:unless, 42, 119, 4, 119, 127]": {
            "[:else, 43, 119, 4, 119, 127]": 0,
            "[:then, 44, 119, 4, 119, 90]": 0
          },
          "[:unless, 45, 120, 4, 120, 129]": {
            "[:else, 46, 120, 4, 120, 129]": 0,
            "[:then, 47, 120, 4, 120, 106]": 0
          },
          "[:if, 48, 122, 4, 132, 7]": {
            "[:then, 49, 123, 6, 131, 59]": 0,
            "[:else, 50, 122, 4, 132, 7]": 0
          },
          "[:unless, 51, 136, 4, 136, 159]": {
            "[:else, 52, 136, 4, 136, 159]": 0,
            "[:then, 53, 136, 4, 136, 90]": 0
          },
          "[:if, 54, 146, 6, 146, 51]": {
            "[:then, 55, 146, 6, 146, 34]": 0,
            "[:else, 56, 146, 6, 146, 51]": 0
          },
          "[:if, 57, 149, 25, 149, 129]": {
            "[:then, 58, 149, 98, 149, 115]": 0,
            "[:else, 59, 149, 118, 149, 129]": 0
          },
          "[:if, 60, 153, 4, 156, 7]": {
            "[:then, 61, 154, 6, 155, 12]": 0,
            "[:else, 62, 153, 4, 156, 7]": 0
          },
          "[:if, 63, 158, 29, 158, 89]": {
            "[:then, 64, 158, 61, 158, 73]": 0,
            "[:else, 65, 158, 76, 158, 89]": 0
          },
          "[:unless, 66, 172, 4, 172, 127]": {
            "[:else, 67, 172, 4, 172, 127]": 2,
            "[:then, 68, 172, 4, 172, 90]": 0
          },
          "[:unless, 69, 176, 4, 179, 7]": {
            "[:else, 70, 176, 4, 179, 7]": 2,
            "[:then, 71, 177, 6, 178, 12]": 0
          },
          "[:if, 72, 189, 6, 189, 51]": {
            "[:then, 73, 189, 6, 189, 34]": 0,
            "[:else, 74, 189, 6, 189, 51]": 2
          },
          "[:unless, 75, 192, 6, 196, 9]": {
            "[:else, 76, 192, 6, 196, 9]": 1,
            "[:then, 77, 194, 8, 195, 36]": 1
          },
          "[:if, 78, 203, 4, 206, 7]": {
            "[:then, 79, 204, 6, 205, 12]": 1,
            "[:else, 80, 203, 4, 206, 7]": 1
          },
          "[:unless, 81, 220, 4, 223, 7]": {
            "[:else, 82, 220, 4, 223, 7]": 0,
            "[:then, 83, 221, 6, 222, 12]": 0
          },
          "[:if, 84, 266, 6, 270, 9]": {
            "[:then, 85, 267, 8, 267, 68]": 1,
            "[:else, 86, 269, 8, 269, 56]": 1
          },
          "[:if, 87, 278, 4, 278, 33]": {
            "[:then, 88, 278, 4, 278, 10]": 0,
            "[:else, 89, 278, 4, 278, 33]": 2
          },
          "[:unless, 90, 292, 4, 292, 72]": {
            "[:else, 91, 292, 4, 292, 72]": 0,
            "[:then, 92, 292, 4, 292, 50]": 0
          },
          "[:\"&.\", 93, 293, 114, 293, 135]": {
            "[:then, 94, 293, 114, 293, 135]": 0,
            "[:else, 95, 293, 114, 293, 135]": 0
          },
          "[:unless, 96, 293, 4, 293, 135]": {
            "[:else, 97, 293, 4, 293, 135]": 0,
            "[:then, 98, 293, 4, 293, 57]": 0
          },
          "[:if, 99, 294, 4, 294, 137]": {
            "[:then, 100, 294, 4, 294, 64]": 0,
            "[:else, 101, 294, 4, 294, 137]": 0
          },
          "[:unless, 102, 300, 4, 300, 80]": {
            "[:else, 103, 300, 4, 300, 80]": 0,
            "[:then, 104, 300, 4, 300, 57]": 0
          },
          "[:if, 105, 301, 4, 301, 90]": {
            "[:then, 106, 301, 4, 301, 48]": 0,
            "[:else, 107, 301, 4, 301, 90]": 0
          },
          "[:unless, 108, 307, 4, 307, 80]": {
            "[:else, 109, 307, 4, 307, 80]": 2,
            "[:then, 110, 307, 4, 307, 57]": 0
          },
          "[:if, 111, 308, 4, 308, 92]": {
            "[:then, 112, 308, 4, 308, 50]": 0,
            "[:else, 113, 308, 4, 308, 92]": 2
          }
        }
      },
      "D:/Users/Houssam/CUHK 2026/CUHK courses Term2/Software Engineering/SwenCode/cuhk_marketplace/app/controllers/dashboards_controller.rb": {
        "lines": [
          1,
          1,
          null,
          1,
          4,
          4,
          null,
          null,
          null,
          4,
          4,
          null,
          null,
          1,
          0,
          0,
          null,
          null,
          1,
          0,
          null,
          0,
          0,
          null,
          0,
          null,
          null,
          null,
          null,
          1,
          null,
          null,
          null,
          null,
          null,
          null,
          null,
          null,
          null,
          null,
          null,
          null,
          null,
          null,
          null,
          1,
          null,
          1,
          0,
          0,
          0,
          0,
          0,
          0,
          0,
          0,
          0,
          0,
          null,
          null,
          1,
          null,
          1,
          0,
          null,
          null,
          1,
          0,
          0,
          0,
          null,
          null,
          1,
          0,
          null,
          0,
          0,
          0,
          null,
          0,
          null,
          null,
          1,
          0,
          null,
          null,
          1,
          0,
          0,
          null,
          0,
          null,
          0,
          0,
          0,
          0,
          null,
          null,
          0,
          null,
          null,
          null,
          0,
          null,
          null,
          0,
          null,
          null,
          null,
          null,
          null,
          null,
          null,
          null,
          null,
          null,
          null,
          null,
          null,
          null,
          null,
          1,
          0,
          null,
          0,
          0,
          null,
          null,
          null,
          1,
          0,
          0,
          0,
          null,
          0,
          null,
          null,
          1,
          0,
          0,
          0,
          0,
          null,
          0,
          0,
          0,
          null,
          0,
          null,
          null,
          null,
          null,
          null,
          null,
          null,
          null,
          1,
          0,
          null,
          0,
          null,
          0,
          null,
          0,
          null,
          null,
          null,
          1,
          0,
          null,
          null,
          1,
          0,
          null,
          null,
          1,
          0,
          0,
          null,
          null,
          0,
          null,
          null,
          null,
          null,
          null,
          null,
          1,
          0,
          0,
          null,
          null,
          1,
          0,
          0,
          null,
          0,
          0,
          0,
          null,
          0,
          null,
          null,
          1,
          0,
          null,
          null,
          1,
          0,
          0,
          null,
          null
        ],
        "branches": {
          "[:if, 0, 22, 4, 26, 7]": {
            "[:then, 1, 23, 6, 23, 70]": 0,
            "[:else, 2, 25, 6, 25, 56]": 0
          },
          "[:if, 3, 76, 4, 76, 51]": {
            "[:then, 4, 76, 4, 76, 35]": 0,
            "[:else, 5, 76, 4, 76, 51]": 0
          },
          "[:if, 6, 77, 4, 77, 36]": {
            "[:then, 7, 77, 4, 77, 22]": 0,
            "[:else, 8, 77, 4, 77, 36]": 0
          },
          "[:if, 9, 78, 4, 78, 46]": {
            "[:then, 10, 78, 4, 78, 27]": 0,
            "[:else, 11, 78, 4, 78, 46]": 0
          },
          "[:if, 12, 84, 4, 84, 87]": {
            "[:then, 13, 84, 55, 84, 74]": 0,
            "[:else, 14, 84, 77, 84, 87]": 0
          },
          "[:if, 15, 91, 4, 91, 132]": {
            "[:then, 16, 91, 4, 91, 109]": 0,
            "[:else, 17, 91, 4, 91, 132]": 0
          },
          "[:if, 18, 132, 4, 132, 54]": {
            "[:then, 19, 132, 4, 132, 41]": 0,
            "[:else, 20, 132, 4, 132, 54]": 0
          },
          "[:if, 21, 141, 4, 141, 54]": {
            "[:then, 22, 141, 4, 141, 41]": 0,
            "[:else, 23, 141, 4, 141, 54]": 0
          },
          "[:case, 24, 158, 4, 165, 7]": {
            "[:when, 25, 160, 6, 160, 34]": 0,
            "[:when, 26, 162, 6, 162, 31]": 0,
            "[:else, 27, 164, 6, 164, 68]": 0
          }
        }
      },
      "D:/Users/Houssam/CUHK 2026/CUHK courses Term2/Software Engineering/SwenCode/cuhk_marketplace/app/controllers/favorites_controller.rb": {
        "lines": [
          1,
          1,
          1,
          null,
          1,
          1,
          0,
          0,
          null,
          null,
          1,
          1,
          null,
          null,
          1,
          0,
          0,
          null,
          null,
          1,
          null,
          1,
          1,
          null,
          null,
          1,
          1,
          1,
          2,
          null,
          null,
          null,
          1,
          0,
          null,
          0,
          0,
          null,
          null,
          null,
          null,
          0,
          null,
          null,
          0,
          null,
          null,
          null,
          null,
          null,
          null,
          0,
          null,
          null,
          0,
          null,
          null,
          null,
          null,
          null,
          null,
          null,
          null
        ],
        "branches": {
          "[:unless, 0, 6, 4, 9, 7]": {
            "[:else, 1, 6, 4, 9, 7]": 1,
            "[:then, 2, 7, 6, 8, 12]": 0
          },
          "[:if, 3, 36, 4, 61, 7]": {
            "[:then, 4, 37, 6, 50, 7]": 0,
            "[:else, 5, 52, 6, 60, 7]": 0
          }
        }
      },
      "D:/Users/Houssam/CUHK 2026/CUHK courses Term2/Software Engineering/SwenCode/cuhk_marketplace/app/controllers/search_controller.rb": {
        "lines": [
          1,
          1,
          1,
          1,
          1,
          1,
          1,
          null,
          1,
          null,
          1,
          null,
          1,
          1,
          1,
          null,
          1,
          1,
          null,
          1,
          1,
          1,
          null,
          1,
          1,
          null,
          1,
          1,
          1,
          1,
          1,
          null,
          1,
          1,
          1,
          null,
          null,
          1,
          1,
          null,
          0,
          null,
          null,
          null,
          1,
          null,
          1,
          1,
          null,
          0,
          null,
          0,
          null,
          0,
          null,
          1,
          null,
          null,
          null
        ],
        "branches": {
          "[:if, 0, 11, 4, 11, 88]": {
            "[:then, 1, 11, 4, 11, 57]": 0,
            "[:else, 2, 11, 4, 11, 88]": 1
          },
          "[:\"&.\", 3, 14, 24, 14, 50]": {
            "[:then, 4, 14, 24, 14, 50]": 1,
            "[:else, 5, 14, 24, 14, 50]": 0
          },
          "[:if, 6, 15, 4, 15, 70]": {
            "[:then, 7, 15, 4, 15, 30]": 0,
            "[:else, 8, 15, 4, 15, 70]": 1
          },
          "[:if, 9, 21, 20, 21, 112]": {
            "[:then, 10, 21, 83, 21, 106]": 0,
            "[:else, 11, 21, 109, 21, 112]": 1
          },
          "[:if, 12, 22, 20, 22, 112]": {
            "[:then, 13, 22, 83, 22, 106]": 0,
            "[:else, 14, 22, 109, 22, 112]": 1
          },
          "[:if, 15, 38, 6, 42, 9]": {
            "[:then, 16, 39, 8, 39, 62]": 1,
            "[:else, 17, 41, 8, 41, 35]": 0
          },
          "[:case, 18, 48, 4, 57, 7]": {
            "[:when, 19, 50, 6, 50, 35]": 0,
            "[:when, 20, 52, 6, 52, 49]": 0,
            "[:when, 21, 54, 6, 54, 50]": 0,
            "[:else, 22, 56, 6, 56, 36]": 1
          }
        }
      },
      "D:/Users/Houssam/CUHK 2026/CUHK courses Term2/Software Engineering/SwenCode/cuhk_marketplace/app/channels/application_cable/channel.rb": {
        "lines": [
          0,
          0,
          0,
          0
        ],
        "branches": {}
      },
      "D:/Users/Houssam/CUHK 2026/CUHK courses Term2/Software Engineering/SwenCode/cuhk_marketplace/app/channels/application_cable/connection.rb": {
        "lines": [
          0,
          0,
          0,
          null,
          0,
          0,
          0,
          null,
          0,
          null,
          0,
          null,
          0,
          0,
          0,
          0,
          0,
          0,
          0,
          0
        ],
        "branches": {}
      },
      "D:/Users/Houssam/CUHK 2026/CUHK courses Term2/Software Engineering/SwenCode/cuhk_marketplace/app/channels/notifications_channel.rb": {
        "lines": [
          0,
          0,
          null,
          0,
          0,
          null,
          0,
          null,
          0,
          0
        ],
        "branches": {}
      },
      "D:/Users/Houssam/CUHK 2026/CUHK courses Term2/Software Engineering/SwenCode/cuhk_marketplace/app/controllers/admin/item_reports_controller.rb": {
        "lines": [
          0,
          0,
          0,
          0,
          null,
          0,
          0,
          0,
          0,
          null,
          0,
          0,
          0,
          0,
          null,
          0,
          null,
          0,
          0,
          0,
          null,
          0,
          0,
          null,
          0,
          0,
          null,
          0,
          0,
          0,
          null,
          0,
          0,
          0
        ],
        "branches": {}
      },
      "D:/Users/Houssam/CUHK 2026/CUHK courses Term2/Software Engineering/SwenCode/cuhk_marketplace/app/controllers/api/locations_controller.rb": {
        "lines": [
          0,
          0,
          0,
          0,
          0,
          0,
          0,
          0,
          0,
          null,
          0,
          0,
          0,
          null,
          0,
          0,
          null,
          0,
          0,
          0,
          0,
          0,
          0,
          0,
          null,
          0,
          0,
          0,
          0,
          0,
          0,
          null,
          0,
          0,
          0,
          0,
          0,
          0,
          0,
          0,
          0,
          0,
          0,
          0
        ],
        "branches": {}
      },
      "D:/Users/Houssam/CUHK 2026/CUHK courses Term2/Software Engineering/SwenCode/cuhk_marketplace/app/controllers/currencies_controller.rb": {
        "lines": [
          0,
          0,
          0,
          null,
          0,
          0,
          0,
          0,
          0,
          null,
          0,
          0,
          0
        ],
        "branches": {}
      },
      "D:/Users/Houssam/CUHK 2026/CUHK courses Term2/Software Engineering/SwenCode/cuhk_marketplace/app/controllers/errors_controller.rb": {
        "lines": [
          0,
          0,
          0,
          null,
          0,
          0,
          0,
          0
        ],
        "branches": {}
      },
      "D:/Users/Houssam/CUHK 2026/CUHK courses Term2/Software Engineering/SwenCode/cuhk_marketplace/app/controllers/item_reports_controller.rb": {
        "lines": [
          0,
          0,
          null,
          0,
          0,
          null,
          0,
          0,
          0,
          0,
          null,
          0,
          0,
          0,
          0,
          null,
          0,
          null,
          0,
          0,
          0,
          0,
          0,
          0,
          null,
          0,
          null,
          0,
          0,
          0,
          0
        ],
        "branches": {}
      },
      "D:/Users/Houssam/CUHK 2026/CUHK courses Term2/Software Engineering/SwenCode/cuhk_marketplace/app/controllers/messages_controller.rb": {
        "lines": [
          0,
          0,
          0,
          0,
          null,
          0,
          0,
          0,
          null,
          0,
          0,
          0,
          0,
          0,
          0,
          0,
          0,
          0,
          0,
          0,
          0,
          null,
          0,
          null,
          0,
          0,
          0,
          null,
          0,
          0,
          null,
          0,
          0,
          null,
          0,
          0,
          0,
          0
        ],
        "branches": {}
      },
      "D:/Users/Houssam/CUHK 2026/CUHK courses Term2/Software Engineering/SwenCode/cuhk_marketplace/app/controllers/users_controller.rb": {
        "lines": [
          0,
          0,
          0,
          0,
          null,
          0,
          0,
          0,
          null,
          0,
          0,
          0,
          0,
          0,
          0,
          0,
          0,
          null,
          0,
          null,
          0,
          0,
          0,
          0
        ],
        "branches": {}
      },
      "D:/Users/Houssam/CUHK 2026/CUHK courses Term2/Software Engineering/SwenCode/cuhk_marketplace/app/jobs/application_job.rb": {
        "lines": [
          0,
          null,
          null,
          null,
          null,
          null,
          0
        ],
        "branches": {}
      },
      "D:/Users/Houssam/CUHK 2026/CUHK courses Term2/Software Engineering/SwenCode/cuhk_marketplace/app/mailers/application_mailer.rb": {
        "lines": [
          0,
          0,
          0,
          0
        ],
        "branches": {}
      },
      "D:/Users/Houssam/CUHK 2026/CUHK courses Term2/Software Engineering/SwenCode/cuhk_marketplace/app/services/location_service.rb": {
        "lines": [
          0,
          0,
          0,
          null,
          0,
          0,
          0,
          0,
          0,
          0,
          0,
          0,
          0,
          0,
          0,
          null,
          0,
          0,
          0,
          0,
          0,
          null,
          0,
          0,
          null,
          null,
          0,
          0,
          null,
          0,
          0,
          null,
          0,
          0,
          0,
          0,
          0,
          null,
          0,
          0,
          null,
          0,
          0,
          0,
          null,
          0,
          0,
          null,
          0,
          0,
          0,
          null,
          0,
          0,
          null,
          0,
          0,
          0,
          0
        ],
        "branches": {}
      }
    },
    "timestamp": 1776072517
  }
}
